2025-06-04 00:00:25,520 [ERROR] LogOutputStream:75 - [STDERR_REDIRECT] Jun 04, 2025 12:00:25 AM java.util.prefs.FileSystemPreferences checkLockFile0ErrorCode
2025-06-04 00:00:25,523 [ERROR] LogOutputStream:75 - [STDERR_REDIRECT] WARNING: Could not lock System prefs. Unix error code 2.
2025-06-04 00:00:25,523 [ERROR] LogOutputStream:75 - [STDERR_REDIRECT] 
2025-06-04 00:00:25,523 [ERROR] LogOutputStream:75 - [STDERR_REDIRECT] Jun 04, 2025 12:00:25 AM java.util.prefs.FileSystemPreferences syncWorld
2025-06-04 00:00:25,523 [ERROR] LogOutputStream:75 - [STDERR_REDIRECT] WARNING: Couldn't flush system prefs: java.util.prefs.BackingStoreException: Couldn't get file lock.
2025-06-04 00:00:25,523 [ERROR] LogOutputStream:75 - [STDERR_REDIRECT] 
2025-06-04 00:00:55,520 [ERROR] LogOutputStream:75 - [STDERR_REDIRECT] Jun 04, 2025 12:00:55 AM java.util.prefs.FileSystemPreferences checkLockFile0ErrorCode
2025-06-04 00:00:55,521 [ERROR] LogOutputStream:75 - [STDERR_REDIRECT] WARNING: Could not lock System prefs. Unix error code 2.
2025-06-04 00:00:55,521 [ERROR] LogOutputStream:75 - [STDERR_REDIRECT] 
2025-06-04 00:00:55,521 [ERROR] LogOutputStream:75 - [STDERR_REDIRECT] Jun 04, 2025 12:00:55 AM java.util.prefs.FileSystemPreferences syncWorld
2025-06-04 00:00:55,521 [ERROR] LogOutputStream:75 - [STDERR_REDIRECT] WARNING: Couldn't flush system prefs: java.util.prefs.BackingStoreException: Couldn't get file lock.
2025-06-04 00:00:55,521 [ERROR] LogOutputStream:75 - [STDERR_REDIRECT] 
2025-06-04 00:01:25,520 [ERROR] LogOutputStream:75 - [STDERR_REDIRECT] Jun 04, 2025 12:01:25 AM java.util.prefs.FileSystemPreferences checkLockFile0ErrorCode
2025-06-04 00:01:25,520 [ERROR] LogOutputStream:75 - [STDERR_REDIRECT] WARNING: Could not lock System prefs. Unix error code 2.
2025-06-04 00:01:25,520 [ERROR] LogOutputStream:75 - [STDERR_REDIRECT] 
2025-06-04 00:01:25,520 [ERROR] LogOutputStream:75 - [STDERR_REDIRECT] Jun 04, 2025 12:01:25 AM java.util.prefs.FileSystemPreferences syncWorld
2025-06-04 00:01:25,520 [ERROR] LogOutputStream:75 - [STDERR_REDIRECT] WARNING: Couldn't flush system prefs: java.util.prefs.BackingStoreException: Couldn't get file lock.
2025-06-04 00:01:25,520 [ERROR] LogOutputStream:75 - [STDERR_REDIRECT] 
2025-06-04 00:01:55,520 [ERROR] LogOutputStream:75 - [STDERR_REDIRECT] Jun 04, 2025 12:01:55 AM java.util.prefs.FileSystemPreferences checkLockFile0ErrorCode
2025-06-04 00:01:55,520 [ERROR] LogOutputStream:75 - [STDERR_REDIRECT] WARNING: Could not lock System prefs. Unix error code 2.
2025-06-04 00:01:55,520 [ERROR] LogOutputStream:75 - [STDERR_REDIRECT] 
2025-06-04 00:01:55,521 [ERROR] LogOutputStream:75 - [STDERR_REDIRECT] Jun 04, 2025 12:01:55 AM java.util.prefs.FileSystemPreferences syncWorld
2025-06-04 00:01:55,521 [ERROR] LogOutputStream:75 - [STDERR_REDIRECT] WARNING: Couldn't flush system prefs: java.util.prefs.BackingStoreException: Couldn't get file lock.
2025-06-04 00:01:55,521 [ERROR] LogOutputStream:75 - [STDERR_REDIRECT] 
2025-06-04 00:02:25,520 [ERROR] LogOutputStream:75 - [STDERR_REDIRECT] Jun 04, 2025 12:02:25 AM java.util.prefs.FileSystemPreferences checkLockFile0ErrorCode
2025-06-04 00:02:25,520 [ERROR] LogOutputStream:75 - [STDERR_REDIRECT] WARNING: Could not lock System prefs. Unix error code 2.
2025-06-04 00:02:25,520 [ERROR] LogOutputStream:75 - [STDERR_REDIRECT] 
2025-06-04 00:02:25,520 [ERROR] LogOutputStream:75 - [STDERR_REDIRECT] Jun 04, 2025 12:02:25 AM java.util.prefs.FileSystemPreferences syncWorld
2025-06-04 00:02:25,520 [ERROR] LogOutputStream:75 - [STDERR_REDIRECT] WARNING: Couldn't flush system prefs: java.util.prefs.BackingStoreException: Couldn't get file lock.
2025-06-04 00:02:25,520 [ERROR] LogOutputStream:75 - [STDERR_REDIRECT] 
2025-06-04 00:02:55,521 [ERROR] LogOutputStream:75 - [STDERR_REDIRECT] Jun 04, 2025 12:02:55 AM java.util.prefs.FileSystemPreferences checkLockFile0ErrorCode
2025-06-04 00:02:55,521 [ERROR] LogOutputStream:75 - [STDERR_REDIRECT] WARNING: Could not lock System prefs. Unix error code 2.
2025-06-04 00:02:55,521 [ERROR] LogOutputStream:75 - [STDERR_REDIRECT] 
2025-06-04 00:02:55,522 [ERROR] LogOutputStream:75 - [STDERR_REDIRECT] Jun 04, 2025 12:02:55 AM java.util.prefs.FileSystemPreferences syncWorld
2025-06-04 00:02:55,522 [ERROR] LogOutputStream:75 - [STDERR_REDIRECT] WARNING: Couldn't flush system prefs: java.util.prefs.BackingStoreException: Couldn't get file lock.
2025-06-04 00:02:55,522 [ERROR] LogOutputStream:75 - [STDERR_REDIRECT] 
2025-06-04 00:03:25,522 [ERROR] LogOutputStream:75 - [STDERR_REDIRECT] Jun 04, 2025 12:03:25 AM java.util.prefs.FileSystemPreferences checkLockFile0ErrorCode
2025-06-04 00:03:25,522 [ERROR] LogOutputStream:75 - [STDERR_REDIRECT] WARNING: Could not lock System prefs. Unix error code 2.
2025-06-04 00:03:25,523 [ERROR] LogOutputStream:75 - [STDERR_REDIRECT] 
2025-06-04 00:03:25,523 [ERROR] LogOutputStream:75 - [STDERR_REDIRECT] Jun 04, 2025 12:03:25 AM java.util.prefs.FileSystemPreferences syncWorld
2025-06-04 00:03:25,523 [ERROR] LogOutputStream:75 - [STDERR_REDIRECT] WARNING: Couldn't flush system prefs: java.util.prefs.BackingStoreException: Couldn't get file lock.
2025-06-04 00:03:25,523 [ERROR] LogOutputStream:75 - [STDERR_REDIRECT] 
2025-06-04 00:03:55,521 [ERROR] LogOutputStream:75 - [STDERR_REDIRECT] Jun 04, 2025 12:03:55 AM java.util.prefs.FileSystemPreferences checkLockFile0ErrorCode
2025-06-04 00:03:55,521 [ERROR] LogOutputStream:75 - [STDERR_REDIRECT] WARNING: Could not lock System prefs. Unix error code 2.
2025-06-04 00:03:55,521 [ERROR] LogOutputStream:75 - [STDERR_REDIRECT] 
2025-06-04 00:03:55,521 [ERROR] LogOutputStream:75 - [STDERR_REDIRECT] Jun 04, 2025 12:03:55 AM java.util.prefs.FileSystemPreferences syncWorld
2025-06-04 00:03:55,522 [ERROR] LogOutputStream:75 - [STDERR_REDIRECT] WARNING: Couldn't flush system prefs: java.util.prefs.BackingStoreException: Couldn't get file lock.
2025-06-04 00:03:55,522 [ERROR] LogOutputStream:75 - [STDERR_REDIRECT] 
2025-06-04 00:04:25,521 [ERROR] LogOutputStream:75 - [STDERR_REDIRECT] Jun 04, 2025 12:04:25 AM java.util.prefs.FileSystemPreferences checkLockFile0ErrorCode
2025-06-04 00:04:25,521 [ERROR] LogOutputStream:75 - [STDERR_REDIRECT] WARNING: Could not lock System prefs. Unix error code 2.
2025-06-04 00:04:25,521 [ERROR] LogOutputStream:75 - [STDERR_REDIRECT] 
2025-06-04 00:04:25,522 [ERROR] LogOutputStream:75 - [STDERR_REDIRECT] Jun 04, 2025 12:04:25 AM java.util.prefs.FileSystemPreferences syncWorld
2025-06-04 00:04:25,522 [ERROR] LogOutputStream:75 - [STDERR_REDIRECT] WARNING: Couldn't flush system prefs: java.util.prefs.BackingStoreException: Couldn't get file lock.
2025-06-04 00:04:25,522 [ERROR] LogOutputStream:75 - [STDERR_REDIRECT] 
2025-06-04 00:04:55,522 [ERROR] LogOutputStream:75 - [STDERR_REDIRECT] Jun 04, 2025 12:04:55 AM java.util.prefs.FileSystemPreferences checkLockFile0ErrorCode
2025-06-04 00:04:55,522 [ERROR] LogOutputStream:75 - [STDERR_REDIRECT] WARNING: Could not lock System prefs. Unix error code 2.
2025-06-04 00:04:55,522 [ERROR] LogOutputStream:75 - [STDERR_REDIRECT] 
2025-06-04 00:04:55,522 [ERROR] LogOutputStream:75 - [STDERR_REDIRECT] Jun 04, 2025 12:04:55 AM java.util.prefs.FileSystemPreferences syncWorld
2025-06-04 00:04:55,522 [ERROR] LogOutputStream:75 - [STDERR_REDIRECT] WARNING: Couldn't flush system prefs: java.util.prefs.BackingStoreException: Couldn't get file lock.
2025-06-04 00:04:55,522 [ERROR] LogOutputStream:75 - [STDERR_REDIRECT] 
2025-06-04 00:05:25,522 [ERROR] LogOutputStream:75 - [STDERR_REDIRECT] Jun 04, 2025 12:05:25 AM java.util.prefs.FileSystemPreferences checkLockFile0ErrorCode
2025-06-04 00:05:25,522 [ERROR] LogOutputStream:75 - [STDERR_REDIRECT] WARNING: Could not lock System prefs. Unix error code 2.
2025-06-04 00:05:25,522 [ERROR] LogOutputStream:75 - [STDERR_REDIRECT] 
2025-06-04 00:05:25,522 [ERROR] LogOutputStream:75 - [STDERR_REDIRECT] Jun 04, 2025 12:05:25 AM java.util.prefs.FileSystemPreferences syncWorld
2025-06-04 00:05:25,522 [ERROR] LogOutputStream:75 - [STDERR_REDIRECT] WARNING: Couldn't flush system prefs: java.util.prefs.BackingStoreException: Couldn't get file lock.
2025-06-04 00:05:25,522 [ERROR] LogOutputStream:75 - [STDERR_REDIRECT] 
2025-06-04 00:05:55,522 [ERROR] LogOutputStream:75 - [STDERR_REDIRECT] Jun 04, 2025 12:05:55 AM java.util.prefs.FileSystemPreferences checkLockFile0ErrorCode
2025-06-04 00:05:55,523 [ERROR] LogOutputStream:75 - [STDERR_REDIRECT] WARNING: Could not lock System prefs. Unix error code 2.
2025-06-04 00:05:55,523 [ERROR] LogOutputStream:75 - [STDERR_REDIRECT] 
2025-06-04 00:05:55,523 [ERROR] LogOutputStream:75 - [STDERR_REDIRECT] Jun 04, 2025 12:05:55 AM java.util.prefs.FileSystemPreferences syncWorld
2025-06-04 00:05:55,523 [ERROR] LogOutputStream:75 - [STDERR_REDIRECT] WARNING: Couldn't flush system prefs: java.util.prefs.BackingStoreException: Couldn't get file lock.
2025-06-04 00:05:55,523 [ERROR] LogOutputStream:75 - [STDERR_REDIRECT] 
2025-06-04 00:06:25,522 [ERROR] LogOutputStream:75 - [STDERR_REDIRECT] Jun 04, 2025 12:06:25 AM java.util.prefs.FileSystemPreferences checkLockFile0ErrorCode
2025-06-04 00:06:25,523 [ERROR] LogOutputStream:75 - [STDERR_REDIRECT] WARNING: Could not lock System prefs. Unix error code 2.
2025-06-04 00:06:25,523 [ERROR] LogOutputStream:75 - [STDERR_REDIRECT] 
2025-06-04 00:06:25,523 [ERROR] LogOutputStream:75 - [STDERR_REDIRECT] Jun 04, 2025 12:06:25 AM java.util.prefs.FileSystemPreferences syncWorld
2025-06-04 00:06:25,523 [ERROR] LogOutputStream:75 - [STDERR_REDIRECT] WARNING: Couldn't flush system prefs: java.util.prefs.BackingStoreException: Couldn't get file lock.
2025-06-04 00:06:25,523 [ERROR] LogOutputStream:75 - [STDERR_REDIRECT] 
2025-06-04 00:06:55,522 [ERROR] LogOutputStream:75 - [STDERR_REDIRECT] Jun 04, 2025 12:06:55 AM java.util.prefs.FileSystemPreferences checkLockFile0ErrorCode
2025-06-04 00:06:55,523 [ERROR] LogOutputStream:75 - [STDERR_REDIRECT] WARNING: Could not lock System prefs. Unix error code 2.
2025-06-04 00:06:55,523 [ERROR] LogOutputStream:75 - [STDERR_REDIRECT] 
2025-06-04 00:06:55,523 [ERROR] LogOutputStream:75 - [STDERR_REDIRECT] Jun 04, 2025 12:06:55 AM java.util.prefs.FileSystemPreferences syncWorld
2025-06-04 00:06:55,523 [ERROR] LogOutputStream:75 - [STDERR_REDIRECT] WARNING: Couldn't flush system prefs: java.util.prefs.BackingStoreException: Couldn't get file lock.
2025-06-04 00:06:55,523 [ERROR] LogOutputStream:75 - [STDERR_REDIRECT] 
2025-06-04 00:07:25,523 [ERROR] LogOutputStream:75 - [STDERR_REDIRECT] Jun 04, 2025 12:07:25 AM java.util.prefs.FileSystemPreferences checkLockFile0ErrorCode
2025-06-04 00:07:25,523 [ERROR] LogOutputStream:75 - [STDERR_REDIRECT] WARNING: Could not lock System prefs. Unix error code 2.
2025-06-04 00:07:25,523 [ERROR] LogOutputStream:75 - [STDERR_REDIRECT] 
2025-06-04 00:07:25,523 [ERROR] LogOutputStream:75 - [STDERR_REDIRECT] Jun 04, 2025 12:07:25 AM java.util.prefs.FileSystemPreferences syncWorld
2025-06-04 00:07:25,523 [ERROR] LogOutputStream:75 - [STDERR_REDIRECT] WARNING: Couldn't flush system prefs: java.util.prefs.BackingStoreException: Couldn't get file lock.
2025-06-04 00:07:25,523 [ERROR] LogOutputStream:75 - [STDERR_REDIRECT] 
2025-06-04 00:07:55,523 [ERROR] LogOutputStream:75 - [STDERR_REDIRECT] Jun 04, 2025 12:07:55 AM java.util.prefs.FileSystemPreferences checkLockFile0ErrorCode
2025-06-04 00:07:55,523 [ERROR] LogOutputStream:75 - [STDERR_REDIRECT] WARNING: Could not lock System prefs. Unix error code 2.
2025-06-04 00:07:55,523 [ERROR] LogOutputStream:75 - [STDERR_REDIRECT] 
2025-06-04 00:07:55,523 [ERROR] LogOutputStream:75 - [STDERR_REDIRECT] Jun 04, 2025 12:07:55 AM java.util.prefs.FileSystemPreferences syncWorld
2025-06-04 00:07:55,524 [ERROR] LogOutputStream:75 - [STDERR_REDIRECT] WARNING: Couldn't flush system prefs: java.util.prefs.BackingStoreException: Couldn't get file lock.
2025-06-04 00:07:55,524 [ERROR] LogOutputStream:75 - [STDERR_REDIRECT] 
2025-06-04 00:08:25,523 [ERROR] LogOutputStream:75 - [STDERR_REDIRECT] Jun 04, 2025 12:08:25 AM java.util.prefs.FileSystemPreferences checkLockFile0ErrorCode
2025-06-04 00:08:25,524 [ERROR] LogOutputStream:75 - [STDERR_REDIRECT] WARNING: Could not lock System prefs. Unix error code 2.
2025-06-04 00:08:25,524 [ERROR] LogOutputStream:75 - [STDERR_REDIRECT] 
2025-06-04 00:08:25,524 [ERROR] LogOutputStream:75 - [STDERR_REDIRECT] Jun 04, 2025 12:08:25 AM java.util.prefs.FileSystemPreferences syncWorld
2025-06-04 00:08:25,524 [ERROR] LogOutputStream:75 - [STDERR_REDIRECT] WARNING: Couldn't flush system prefs: java.util.prefs.BackingStoreException: Couldn't get file lock.
2025-06-04 00:08:25,524 [ERROR] LogOutputStream:75 - [STDERR_REDIRECT] 
2025-06-04 00:08:55,524 [ERROR] LogOutputStream:75 - [STDERR_REDIRECT] Jun 04, 2025 12:08:55 AM java.util.prefs.FileSystemPreferences checkLockFile0ErrorCode
2025-06-04 00:08:55,524 [ERROR] LogOutputStream:75 - [STDERR_REDIRECT] WARNING: Could not lock System prefs. Unix error code 2.
2025-06-04 00:08:55,524 [ERROR] LogOutputStream:75 - [STDERR_REDIRECT] 
2025-06-04 00:08:55,524 [ERROR] LogOutputStream:75 - [STDERR_REDIRECT] Jun 04, 2025 12:08:55 AM java.util.prefs.FileSystemPreferences syncWorld
2025-06-04 00:08:55,524 [ERROR] LogOutputStream:75 - [STDERR_REDIRECT] WARNING: Couldn't flush system prefs: java.util.prefs.BackingStoreException: Couldn't get file lock.
2025-06-04 00:08:55,524 [ERROR] LogOutputStream:75 - [STDERR_REDIRECT] 
2025-06-04 00:09:25,524 [ERROR] LogOutputStream:75 - [STDERR_REDIRECT] Jun 04, 2025 12:09:25 AM java.util.prefs.FileSystemPreferences checkLockFile0ErrorCode
2025-06-04 00:09:25,524 [ERROR] LogOutputStream:75 - [STDERR_REDIRECT] WARNING: Could not lock System prefs. Unix error code 2.
2025-06-04 00:09:25,524 [ERROR] LogOutputStream:75 - [STDERR_REDIRECT] 
2025-06-04 00:09:25,524 [ERROR] LogOutputStream:75 - [STDERR_REDIRECT] Jun 04, 2025 12:09:25 AM java.util.prefs.FileSystemPreferences syncWorld
2025-06-04 00:09:25,524 [ERROR] LogOutputStream:75 - [STDERR_REDIRECT] WARNING: Couldn't flush system prefs: java.util.prefs.BackingStoreException: Couldn't get file lock.
2025-06-04 00:09:25,524 [ERROR] LogOutputStream:75 - [STDERR_REDIRECT] 
2025-06-04 00:09:55,525 [ERROR] LogOutputStream:75 - [STDERR_REDIRECT] Jun 04, 2025 12:09:55 AM java.util.prefs.FileSystemPreferences checkLockFile0ErrorCode
2025-06-04 00:09:55,525 [ERROR] LogOutputStream:75 - [STDERR_REDIRECT] WARNING: Could not lock System prefs. Unix error code 2.
2025-06-04 00:09:55,525 [ERROR] LogOutputStream:75 - [STDERR_REDIRECT] 
2025-06-04 00:09:55,525 [ERROR] LogOutputStream:75 - [STDERR_REDIRECT] Jun 04, 2025 12:09:55 AM java.util.prefs.FileSystemPreferences syncWorld
2025-06-04 00:09:55,525 [ERROR] LogOutputStream:75 - [STDERR_REDIRECT] WARNING: Couldn't flush system prefs: java.util.prefs.BackingStoreException: Couldn't get file lock.
2025-06-04 00:09:55,525 [ERROR] LogOutputStream:75 - [STDERR_REDIRECT] 
2025-06-04 00:10:25,525 [ERROR] LogOutputStream:75 - [STDERR_REDIRECT] Jun 04, 2025 12:10:25 AM java.util.prefs.FileSystemPreferences checkLockFile0ErrorCode
2025-06-04 00:10:25,525 [ERROR] LogOutputStream:75 - [STDERR_REDIRECT] WARNING: Could not lock System prefs. Unix error code 2.
2025-06-04 00:10:25,525 [ERROR] LogOutputStream:75 - [STDERR_REDIRECT] 
2025-06-04 00:10:25,525 [ERROR] LogOutputStream:75 - [STDERR_REDIRECT] Jun 04, 2025 12:10:25 AM java.util.prefs.FileSystemPreferences syncWorld
2025-06-04 00:10:25,525 [ERROR] LogOutputStream:75 - [STDERR_REDIRECT] WARNING: Couldn't flush system prefs: java.util.prefs.BackingStoreException: Couldn't get file lock.
2025-06-04 00:10:25,525 [ERROR] LogOutputStream:75 - [STDERR_REDIRECT] 
2025-06-04 00:10:55,525 [ERROR] LogOutputStream:75 - [STDERR_REDIRECT] Jun 04, 2025 12:10:55 AM java.util.prefs.FileSystemPreferences checkLockFile0ErrorCode
2025-06-04 00:10:55,525 [ERROR] LogOutputStream:75 - [STDERR_REDIRECT] WARNING: Could not lock System prefs. Unix error code 2.
2025-06-04 00:10:55,525 [ERROR] LogOutputStream:75 - [STDERR_REDIRECT] 
2025-06-04 00:10:55,525 [ERROR] LogOutputStream:75 - [STDERR_REDIRECT] Jun 04, 2025 12:10:55 AM java.util.prefs.FileSystemPreferences syncWorld
2025-06-04 00:10:55,526 [ERROR] LogOutputStream:75 - [STDERR_REDIRECT] WARNING: Couldn't flush system prefs: java.util.prefs.BackingStoreException: Couldn't get file lock.
2025-06-04 00:10:55,526 [ERROR] LogOutputStream:75 - [STDERR_REDIRECT] 
2025-06-04 00:11:25,525 [ERROR] LogOutputStream:75 - [STDERR_REDIRECT] Jun 04, 2025 12:11:25 AM java.util.prefs.FileSystemPreferences checkLockFile0ErrorCode
2025-06-04 00:11:25,525 [ERROR] LogOutputStream:75 - [STDERR_REDIRECT] WARNING: Could not lock System prefs. Unix error code 2.
2025-06-04 00:11:25,526 [ERROR] LogOutputStream:75 - [STDERR_REDIRECT] 
2025-06-04 00:11:25,526 [ERROR] LogOutputStream:75 - [STDERR_REDIRECT] Jun 04, 2025 12:11:25 AM java.util.prefs.FileSystemPreferences syncWorld
2025-06-04 00:11:25,526 [ERROR] LogOutputStream:75 - [STDERR_REDIRECT] WARNING: Couldn't flush system prefs: java.util.prefs.BackingStoreException: Couldn't get file lock.
2025-06-04 00:11:25,526 [ERROR] LogOutputStream:75 - [STDERR_REDIRECT] 
2025-06-04 00:11:55,525 [ERROR] LogOutputStream:75 - [STDERR_REDIRECT] Jun 04, 2025 12:11:55 AM java.util.prefs.FileSystemPreferences checkLockFile0ErrorCode
2025-06-04 00:11:55,526 [ERROR] LogOutputStream:75 - [STDERR_REDIRECT] WARNING: Could not lock System prefs. Unix error code 2.
2025-06-04 00:11:55,526 [ERROR] LogOutputStream:75 - [STDERR_REDIRECT] 
2025-06-04 00:11:55,526 [ERROR] LogOutputStream:75 - [STDERR_REDIRECT] Jun 04, 2025 12:11:55 AM java.util.prefs.FileSystemPreferences syncWorld
2025-06-04 00:11:55,526 [ERROR] LogOutputStream:75 - [STDERR_REDIRECT] WARNING: Couldn't flush system prefs: java.util.prefs.BackingStoreException: Couldn't get file lock.
2025-06-04 00:11:55,526 [ERROR] LogOutputStream:75 - [STDERR_REDIRECT] 
2025-06-04 00:12:25,526 [ERROR] LogOutputStream:75 - [STDERR_REDIRECT] Jun 04, 2025 12:12:25 AM java.util.prefs.FileSystemPreferences checkLockFile0ErrorCode
2025-06-04 00:12:25,526 [ERROR] LogOutputStream:75 - [STDERR_REDIRECT] WARNING: Could not lock System prefs. Unix error code 2.
2025-06-04 00:12:25,526 [ERROR] LogOutputStream:75 - [STDERR_REDIRECT] 
2025-06-04 00:12:25,526 [ERROR] LogOutputStream:75 - [STDERR_REDIRECT] Jun 04, 2025 12:12:25 AM java.util.prefs.FileSystemPreferences syncWorld
2025-06-04 00:12:25,526 [ERROR] LogOutputStream:75 - [STDERR_REDIRECT] WARNING: Couldn't flush system prefs: java.util.prefs.BackingStoreException: Couldn't get file lock.
2025-06-04 00:12:25,526 [ERROR] LogOutputStream:75 - [STDERR_REDIRECT] 
2025-06-04 00:12:55,526 [ERROR] LogOutputStream:75 - [STDERR_REDIRECT] Jun 04, 2025 12:12:55 AM java.util.prefs.FileSystemPreferences checkLockFile0ErrorCode
2025-06-04 00:12:55,526 [ERROR] LogOutputStream:75 - [STDERR_REDIRECT] WARNING: Could not lock System prefs. Unix error code 2.
2025-06-04 00:12:55,526 [ERROR] LogOutputStream:75 - [STDERR_REDIRECT] 
2025-06-04 00:12:55,527 [ERROR] LogOutputStream:75 - [STDERR_REDIRECT] Jun 04, 2025 12:12:55 AM java.util.prefs.FileSystemPreferences syncWorld
2025-06-04 00:12:55,527 [ERROR] LogOutputStream:75 - [STDERR_REDIRECT] WARNING: Couldn't flush system prefs: java.util.prefs.BackingStoreException: Couldn't get file lock.
2025-06-04 00:12:55,527 [ERROR] LogOutputStream:75 - [STDERR_REDIRECT] 
2025-06-04 00:13:25,526 [ERROR] LogOutputStream:75 - [STDERR_REDIRECT] Jun 04, 2025 12:13:25 AM java.util.prefs.FileSystemPreferences checkLockFile0ErrorCode
2025-06-04 00:13:25,526 [ERROR] LogOutputStream:75 - [STDERR_REDIRECT] WARNING: Could not lock System prefs. Unix error code 2.
2025-06-04 00:13:25,526 [ERROR] LogOutputStream:75 - [STDERR_REDIRECT] 
2025-06-04 00:13:25,526 [ERROR] LogOutputStream:75 - [STDERR_REDIRECT] Jun 04, 2025 12:13:25 AM java.util.prefs.FileSystemPreferences syncWorld
2025-06-04 00:13:25,526 [ERROR] LogOutputStream:75 - [STDERR_REDIRECT] WARNING: Couldn't flush system prefs: java.util.prefs.BackingStoreException: Couldn't get file lock.
2025-06-04 00:13:25,527 [ERROR] LogOutputStream:75 - [STDERR_REDIRECT] 
2025-06-04 00:13:55,525 [ERROR] LogOutputStream:75 - [STDERR_REDIRECT] Jun 04, 2025 12:13:55 AM java.util.prefs.FileSystemPreferences checkLockFile0ErrorCode
2025-06-04 00:13:55,525 [ERROR] LogOutputStream:75 - [STDERR_REDIRECT] WARNING: Could not lock System prefs. Unix error code 2.
2025-06-04 00:13:55,525 [ERROR] LogOutputStream:75 - [STDERR_REDIRECT] 
2025-06-04 00:13:55,526 [ERROR] LogOutputStream:75 - [STDERR_REDIRECT] Jun 04, 2025 12:13:55 AM java.util.prefs.FileSystemPreferences syncWorld
2025-06-04 00:13:55,526 [ERROR] LogOutputStream:75 - [STDERR_REDIRECT] WARNING: Couldn't flush system prefs: java.util.prefs.BackingStoreException: Couldn't get file lock.
2025-06-04 00:13:55,526 [ERROR] LogOutputStream:75 - [STDERR_REDIRECT] 
2025-06-04 00:14:25,525 [ERROR] LogOutputStream:75 - [STDERR_REDIRECT] Jun 04, 2025 12:14:25 AM java.util.prefs.FileSystemPreferences checkLockFile0ErrorCode
2025-06-04 00:14:25,526 [ERROR] LogOutputStream:75 - [STDERR_REDIRECT] WARNING: Could not lock System prefs. Unix error code 2.
2025-06-04 00:14:25,526 [ERROR] LogOutputStream:75 - [STDERR_REDIRECT] 
2025-06-04 00:14:25,526 [ERROR] LogOutputStream:75 - [STDERR_REDIRECT] Jun 04, 2025 12:14:25 AM java.util.prefs.FileSystemPreferences syncWorld
2025-06-04 00:14:25,526 [ERROR] LogOutputStream:75 - [STDERR_REDIRECT] WARNING: Couldn't flush system prefs: java.util.prefs.BackingStoreException: Couldn't get file lock.
2025-06-04 00:14:25,526 [ERROR] LogOutputStream:75 - [STDERR_REDIRECT] 
2025-06-04 00:14:55,526 [ERROR] LogOutputStream:75 - [STDERR_REDIRECT] Jun 04, 2025 12:14:55 AM java.util.prefs.FileSystemPreferences checkLockFile0ErrorCode
2025-06-04 00:14:55,526 [ERROR] LogOutputStream:75 - [STDERR_REDIRECT] WARNING: Could not lock System prefs. Unix error code 2.
2025-06-04 00:14:55,526 [ERROR] LogOutputStream:75 - [STDERR_REDIRECT] 
2025-06-04 00:14:55,526 [ERROR] LogOutputStream:75 - [STDERR_REDIRECT] Jun 04, 2025 12:14:55 AM java.util.prefs.FileSystemPreferences syncWorld
2025-06-04 00:14:55,527 [ERROR] LogOutputStream:75 - [STDERR_REDIRECT] WARNING: Couldn't flush system prefs: java.util.prefs.BackingStoreException: Couldn't get file lock.
2025-06-04 00:14:55,527 [ERROR] LogOutputStream:75 - [STDERR_REDIRECT] 
2025-06-04 00:15:25,525 [ERROR] LogOutputStream:75 - [STDERR_REDIRECT] Jun 04, 2025 12:15:25 AM java.util.prefs.FileSystemPreferences checkLockFile0ErrorCode
2025-06-04 00:15:25,526 [ERROR] LogOutputStream:75 - [STDERR_REDIRECT] WARNING: Could not lock System prefs. Unix error code 2.
2025-06-04 00:15:25,526 [ERROR] LogOutputStream:75 - [STDERR_REDIRECT] 
2025-06-04 00:15:25,526 [ERROR] LogOutputStream:75 - [STDERR_REDIRECT] Jun 04, 2025 12:15:25 AM java.util.prefs.FileSystemPreferences syncWorld
2025-06-04 00:15:25,526 [ERROR] LogOutputStream:75 - [STDERR_REDIRECT] WARNING: Couldn't flush system prefs: java.util.prefs.BackingStoreException: Couldn't get file lock.
2025-06-04 00:15:25,526 [ERROR] LogOutputStream:75 - [STDERR_REDIRECT] 
2025-06-04 00:15:55,526 [ERROR] LogOutputStream:75 - [STDERR_REDIRECT] Jun 04, 2025 12:15:55 AM java.util.prefs.FileSystemPreferences checkLockFile0ErrorCode
2025-06-04 00:15:55,526 [ERROR] LogOutputStream:75 - [STDERR_REDIRECT] WARNING: Could not lock System prefs. Unix error code 2.
2025-06-04 00:15:55,526 [ERROR] LogOutputStream:75 - [STDERR_REDIRECT] 
2025-06-04 00:15:55,526 [ERROR] LogOutputStream:75 - [STDERR_REDIRECT] Jun 04, 2025 12:15:55 AM java.util.prefs.FileSystemPreferences syncWorld
2025-06-04 00:15:55,526 [ERROR] LogOutputStream:75 - [STDERR_REDIRECT] WARNING: Couldn't flush system prefs: java.util.prefs.BackingStoreException: Couldn't get file lock.
2025-06-04 00:15:55,527 [ERROR] LogOutputStream:75 - [STDERR_REDIRECT] 
2025-06-04 00:16:25,525 [ERROR] LogOutputStream:75 - [STDERR_REDIRECT] Jun 04, 2025 12:16:25 AM java.util.prefs.FileSystemPreferences checkLockFile0ErrorCode
2025-06-04 00:16:25,525 [ERROR] LogOutputStream:75 - [STDERR_REDIRECT] WARNING: Could not lock System prefs. Unix error code 2.
2025-06-04 00:16:25,525 [ERROR] LogOutputStream:75 - [STDERR_REDIRECT] 
2025-06-04 00:16:25,526 [ERROR] LogOutputStream:75 - [STDERR_REDIRECT] Jun 04, 2025 12:16:25 AM java.util.prefs.FileSystemPreferences syncWorld
2025-06-04 00:16:25,526 [ERROR] LogOutputStream:75 - [STDERR_REDIRECT] WARNING: Couldn't flush system prefs: java.util.prefs.BackingStoreException: Couldn't get file lock.
2025-06-04 00:16:25,526 [ERROR] LogOutputStream:75 - [STDERR_REDIRECT] 
2025-06-04 00:16:55,525 [ERROR] LogOutputStream:75 - [STDERR_REDIRECT] Jun 04, 2025 12:16:55 AM java.util.prefs.FileSystemPreferences checkLockFile0ErrorCode
2025-06-04 00:16:55,525 [ERROR] LogOutputStream:75 - [STDERR_REDIRECT] WARNING: Could not lock System prefs. Unix error code 2.
2025-06-04 00:16:55,526 [ERROR] LogOutputStream:75 - [STDERR_REDIRECT] 
2025-06-04 00:16:55,526 [ERROR] LogOutputStream:75 - [STDERR_REDIRECT] Jun 04, 2025 12:16:55 AM java.util.prefs.FileSystemPreferences syncWorld
2025-06-04 00:16:55,526 [ERROR] LogOutputStream:75 - [STDERR_REDIRECT] WARNING: Couldn't flush system prefs: java.util.prefs.BackingStoreException: Couldn't get file lock.
2025-06-04 00:16:55,526 [ERROR] LogOutputStream:75 - [STDERR_REDIRECT] 
2025-06-04 00:17:25,525 [ERROR] LogOutputStream:75 - [STDERR_REDIRECT] Jun 04, 2025 12:17:25 AM java.util.prefs.FileSystemPreferences checkLockFile0ErrorCode
2025-06-04 00:17:25,526 [ERROR] LogOutputStream:75 - [STDERR_REDIRECT] WARNING: Could not lock System prefs. Unix error code 2.
2025-06-04 00:17:25,526 [ERROR] LogOutputStream:75 - [STDERR_REDIRECT] 
2025-06-04 00:17:25,526 [ERROR] LogOutputStream:75 - [STDERR_REDIRECT] Jun 04, 2025 12:17:25 AM java.util.prefs.FileSystemPreferences syncWorld
2025-06-04 00:17:25,526 [ERROR] LogOutputStream:75 - [STDERR_REDIRECT] WARNING: Couldn't flush system prefs: java.util.prefs.BackingStoreException: Couldn't get file lock.
2025-06-04 00:17:25,526 [ERROR] LogOutputStream:75 - [STDERR_REDIRECT] 
2025-06-04 00:17:55,526 [ERROR] LogOutputStream:75 - [STDERR_REDIRECT] Jun 04, 2025 12:17:55 AM java.util.prefs.FileSystemPreferences checkLockFile0ErrorCode
2025-06-04 00:17:55,526 [ERROR] LogOutputStream:75 - [STDERR_REDIRECT] WARNING: Could not lock System prefs. Unix error code 2.
2025-06-04 00:17:55,526 [ERROR] LogOutputStream:75 - [STDERR_REDIRECT] 
2025-06-04 00:17:55,527 [ERROR] LogOutputStream:75 - [STDERR_REDIRECT] Jun 04, 2025 12:17:55 AM java.util.prefs.FileSystemPreferences syncWorld
2025-06-04 00:17:55,527 [ERROR] LogOutputStream:75 - [STDERR_REDIRECT] WARNING: Couldn't flush system prefs: java.util.prefs.BackingStoreException: Couldn't get file lock.
2025-06-04 00:17:55,527 [ERROR] LogOutputStream:75 - [STDERR_REDIRECT] 
2025-06-04 00:18:25,526 [ERROR] LogOutputStream:75 - [STDERR_REDIRECT] Jun 04, 2025 12:18:25 AM java.util.prefs.FileSystemPreferences checkLockFile0ErrorCode
2025-06-04 00:18:25,526 [ERROR] LogOutputStream:75 - [STDERR_REDIRECT] WARNING: Could not lock System prefs. Unix error code 2.
2025-06-04 00:18:25,526 [ERROR] LogOutputStream:75 - [STDERR_REDIRECT] 
2025-06-04 00:18:25,526 [ERROR] LogOutputStream:75 - [STDERR_REDIRECT] Jun 04, 2025 12:18:25 AM java.util.prefs.FileSystemPreferences syncWorld
2025-06-04 00:18:25,526 [ERROR] LogOutputStream:75 - [STDERR_REDIRECT] WARNING: Couldn't flush system prefs: java.util.prefs.BackingStoreException: Couldn't get file lock.
2025-06-04 00:18:25,527 [ERROR] LogOutputStream:75 - [STDERR_REDIRECT] 
2025-06-04 00:18:55,526 [ERROR] LogOutputStream:75 - [STDERR_REDIRECT] Jun 04, 2025 12:18:55 AM java.util.prefs.FileSystemPreferences checkLockFile0ErrorCode
2025-06-04 00:18:55,526 [ERROR] LogOutputStream:75 - [STDERR_REDIRECT] WARNING: Could not lock System prefs. Unix error code 2.
2025-06-04 00:18:55,526 [ERROR] LogOutputStream:75 - [STDERR_REDIRECT] 
2025-06-04 00:18:55,527 [ERROR] LogOutputStream:75 - [STDERR_REDIRECT] Jun 04, 2025 12:18:55 AM java.util.prefs.FileSystemPreferences syncWorld
2025-06-04 00:18:55,527 [ERROR] LogOutputStream:75 - [STDERR_REDIRECT] WARNING: Couldn't flush system prefs: java.util.prefs.BackingStoreException: Couldn't get file lock.
2025-06-04 00:18:55,527 [ERROR] LogOutputStream:75 - [STDERR_REDIRECT] 
2025-06-04 00:19:25,525 [ERROR] LogOutputStream:75 - [STDERR_REDIRECT] Jun 04, 2025 12:19:25 AM java.util.prefs.FileSystemPreferences checkLockFile0ErrorCode
2025-06-04 00:19:25,526 [ERROR] LogOutputStream:75 - [STDERR_REDIRECT] WARNING: Could not lock System prefs. Unix error code 2.
2025-06-04 00:19:25,526 [ERROR] LogOutputStream:75 - [STDERR_REDIRECT] 
2025-06-04 00:19:25,526 [ERROR] LogOutputStream:75 - [STDERR_REDIRECT] Jun 04, 2025 12:19:25 AM java.util.prefs.FileSystemPreferences syncWorld
2025-06-04 00:19:25,526 [ERROR] LogOutputStream:75 - [STDERR_REDIRECT] WARNING: Couldn't flush system prefs: java.util.prefs.BackingStoreException: Couldn't get file lock.
2025-06-04 00:19:25,526 [ERROR] LogOutputStream:75 - [STDERR_REDIRECT] 
2025-06-04 00:19:55,527 [ERROR] LogOutputStream:75 - [STDERR_REDIRECT] Jun 04, 2025 12:19:55 AM java.util.prefs.FileSystemPreferences checkLockFile0ErrorCode
2025-06-04 00:19:55,527 [ERROR] LogOutputStream:75 - [STDERR_REDIRECT] WARNING: Could not lock System prefs. Unix error code 2.
2025-06-04 00:19:55,527 [ERROR] LogOutputStream:75 - [STDERR_REDIRECT] 
2025-06-04 00:19:55,527 [ERROR] LogOutputStream:75 - [STDERR_REDIRECT] Jun 04, 2025 12:19:55 AM java.util.prefs.FileSystemPreferences syncWorld
2025-06-04 00:19:55,527 [ERROR] LogOutputStream:75 - [STDERR_REDIRECT] WARNING: Couldn't flush system prefs: java.util.prefs.BackingStoreException: Couldn't get file lock.
2025-06-04 00:19:55,528 [ERROR] LogOutputStream:75 - [STDERR_REDIRECT] 
2025-06-04 00:20:25,525 [ERROR] LogOutputStream:75 - [STDERR_REDIRECT] Jun 04, 2025 12:20:25 AM java.util.prefs.FileSystemPreferences checkLockFile0ErrorCode
2025-06-04 00:20:25,526 [ERROR] LogOutputStream:75 - [STDERR_REDIRECT] WARNING: Could not lock System prefs. Unix error code 2.
2025-06-04 00:20:25,526 [ERROR] LogOutputStream:75 - [STDERR_REDIRECT] 
2025-06-04 00:20:25,526 [ERROR] LogOutputStream:75 - [STDERR_REDIRECT] Jun 04, 2025 12:20:25 AM java.util.prefs.FileSystemPreferences syncWorld
2025-06-04 00:20:25,526 [ERROR] LogOutputStream:75 - [STDERR_REDIRECT] WARNING: Couldn't flush system prefs: java.util.prefs.BackingStoreException: Couldn't get file lock.
2025-06-04 00:20:25,526 [ERROR] LogOutputStream:75 - [STDERR_REDIRECT] 
2025-06-04 00:20:55,526 [ERROR] LogOutputStream:75 - [STDERR_REDIRECT] Jun 04, 2025 12:20:55 AM java.util.prefs.FileSystemPreferences checkLockFile0ErrorCode
2025-06-04 00:20:55,526 [ERROR] LogOutputStream:75 - [STDERR_REDIRECT] WARNING: Could not lock System prefs. Unix error code 2.
2025-06-04 00:20:55,526 [ERROR] LogOutputStream:75 - [STDERR_REDIRECT] 
2025-06-04 00:20:55,526 [ERROR] LogOutputStream:75 - [STDERR_REDIRECT] Jun 04, 2025 12:20:55 AM java.util.prefs.FileSystemPreferences syncWorld
2025-06-04 00:20:55,526 [ERROR] LogOutputStream:75 - [STDERR_REDIRECT] WARNING: Couldn't flush system prefs: java.util.prefs.BackingStoreException: Couldn't get file lock.
2025-06-04 00:20:55,526 [ERROR] LogOutputStream:75 - [STDERR_REDIRECT] 
2025-06-04 00:21:25,527 [ERROR] LogOutputStream:75 - [STDERR_REDIRECT] Jun 04, 2025 12:21:25 AM java.util.prefs.FileSystemPreferences checkLockFile0ErrorCode
2025-06-04 00:21:25,527 [ERROR] LogOutputStream:75 - [STDERR_REDIRECT] WARNING: Could not lock System prefs. Unix error code 2.
2025-06-04 00:21:25,527 [ERROR] LogOutputStream:75 - [STDERR_REDIRECT] 
2025-06-04 00:21:25,527 [ERROR] LogOutputStream:75 - [STDERR_REDIRECT] Jun 04, 2025 12:21:25 AM java.util.prefs.FileSystemPreferences syncWorld
2025-06-04 00:21:25,528 [ERROR] LogOutputStream:75 - [STDERR_REDIRECT] WARNING: Couldn't flush system prefs: java.util.prefs.BackingStoreException: Couldn't get file lock.
2025-06-04 00:21:25,528 [ERROR] LogOutputStream:75 - [STDERR_REDIRECT] 
2025-06-04 00:21:55,527 [ERROR] LogOutputStream:75 - [STDERR_REDIRECT] Jun 04, 2025 12:21:55 AM java.util.prefs.FileSystemPreferences checkLockFile0ErrorCode
2025-06-04 00:21:55,527 [ERROR] LogOutputStream:75 - [STDERR_REDIRECT] WARNING: Could not lock System prefs. Unix error code 2.
2025-06-04 00:21:55,527 [ERROR] LogOutputStream:75 - [STDERR_REDIRECT] 
2025-06-04 00:21:55,528 [ERROR] LogOutputStream:75 - [STDERR_REDIRECT] Jun 04, 2025 12:21:55 AM java.util.prefs.FileSystemPreferences syncWorld
2025-06-04 00:21:55,528 [ERROR] LogOutputStream:75 - [STDERR_REDIRECT] WARNING: Couldn't flush system prefs: java.util.prefs.BackingStoreException: Couldn't get file lock.
2025-06-04 00:21:55,528 [ERROR] LogOutputStream:75 - [STDERR_REDIRECT] 
2025-06-04 00:22:25,527 [ERROR] LogOutputStream:75 - [STDERR_REDIRECT] Jun 04, 2025 12:22:25 AM java.util.prefs.FileSystemPreferences checkLockFile0ErrorCode
2025-06-04 00:22:25,527 [ERROR] LogOutputStream:75 - [STDERR_REDIRECT] WARNING: Could not lock System prefs. Unix error code 2.
2025-06-04 00:22:25,527 [ERROR] LogOutputStream:75 - [STDERR_REDIRECT] 
2025-06-04 00:22:25,527 [ERROR] LogOutputStream:75 - [STDERR_REDIRECT] Jun 04, 2025 12:22:25 AM java.util.prefs.FileSystemPreferences syncWorld
2025-06-04 00:22:25,527 [ERROR] LogOutputStream:75 - [STDERR_REDIRECT] WARNING: Couldn't flush system prefs: java.util.prefs.BackingStoreException: Couldn't get file lock.
2025-06-04 00:22:25,527 [ERROR] LogOutputStream:75 - [STDERR_REDIRECT] 
2025-06-04 00:22:55,527 [ERROR] LogOutputStream:75 - [STDERR_REDIRECT] Jun 04, 2025 12:22:55 AM java.util.prefs.FileSystemPreferences checkLockFile0ErrorCode
2025-06-04 00:22:55,527 [ERROR] LogOutputStream:75 - [STDERR_REDIRECT] WARNING: Could not lock System prefs. Unix error code 2.
2025-06-04 00:22:55,527 [ERROR] LogOutputStream:75 - [STDERR_REDIRECT] 
2025-06-04 00:22:55,527 [ERROR] LogOutputStream:75 - [STDERR_REDIRECT] Jun 04, 2025 12:22:55 AM java.util.prefs.FileSystemPreferences syncWorld
2025-06-04 00:22:55,527 [ERROR] LogOutputStream:75 - [STDERR_REDIRECT] WARNING: Couldn't flush system prefs: java.util.prefs.BackingStoreException: Couldn't get file lock.
2025-06-04 00:22:55,527 [ERROR] LogOutputStream:75 - [STDERR_REDIRECT] 
2025-06-04 00:23:25,528 [ERROR] LogOutputStream:75 - [STDERR_REDIRECT] Jun 04, 2025 12:23:25 AM java.util.prefs.FileSystemPreferences checkLockFile0ErrorCode
2025-06-04 00:23:25,528 [ERROR] LogOutputStream:75 - [STDERR_REDIRECT] WARNING: Could not lock System prefs. Unix error code 2.
2025-06-04 00:23:25,528 [ERROR] LogOutputStream:75 - [STDERR_REDIRECT] 
2025-06-04 00:23:25,529 [ERROR] LogOutputStream:75 - [STDERR_REDIRECT] Jun 04, 2025 12:23:25 AM java.util.prefs.FileSystemPreferences syncWorld
2025-06-04 00:23:25,529 [ERROR] LogOutputStream:75 - [STDERR_REDIRECT] WARNING: Couldn't flush system prefs: java.util.prefs.BackingStoreException: Couldn't get file lock.
2025-06-04 00:23:25,529 [ERROR] LogOutputStream:75 - [STDERR_REDIRECT] 
2025-06-04 00:23:55,527 [ERROR] LogOutputStream:75 - [STDERR_REDIRECT] Jun 04, 2025 12:23:55 AM java.util.prefs.FileSystemPreferences checkLockFile0ErrorCode
2025-06-04 00:23:55,527 [ERROR] LogOutputStream:75 - [STDERR_REDIRECT] WARNING: Could not lock System prefs. Unix error code 2.
2025-06-04 00:23:55,527 [ERROR] LogOutputStream:75 - [STDERR_REDIRECT] 
2025-06-04 00:23:55,527 [ERROR] LogOutputStream:75 - [STDERR_REDIRECT] Jun 04, 2025 12:23:55 AM java.util.prefs.FileSystemPreferences syncWorld
2025-06-04 00:23:55,527 [ERROR] LogOutputStream:75 - [STDERR_REDIRECT] WARNING: Couldn't flush system prefs: java.util.prefs.BackingStoreException: Couldn't get file lock.
2025-06-04 00:23:55,527 [ERROR] LogOutputStream:75 - [STDERR_REDIRECT] 
2025-06-04 00:24:25,528 [ERROR] LogOutputStream:75 - [STDERR_REDIRECT] Jun 04, 2025 12:24:25 AM java.util.prefs.FileSystemPreferences checkLockFile0ErrorCode
2025-06-04 00:24:25,528 [ERROR] LogOutputStream:75 - [STDERR_REDIRECT] WARNING: Could not lock System prefs. Unix error code 2.
2025-06-04 00:24:25,528 [ERROR] LogOutputStream:75 - [STDERR_REDIRECT] 
2025-06-04 00:24:25,528 [ERROR] LogOutputStream:75 - [STDERR_REDIRECT] Jun 04, 2025 12:24:25 AM java.util.prefs.FileSystemPreferences syncWorld
2025-06-04 00:24:25,528 [ERROR] LogOutputStream:75 - [STDERR_REDIRECT] WARNING: Couldn't flush system prefs: java.util.prefs.BackingStoreException: Couldn't get file lock.
2025-06-04 00:24:25,529 [ERROR] LogOutputStream:75 - [STDERR_REDIRECT] 
2025-06-04 00:24:55,527 [ERROR] LogOutputStream:75 - [STDERR_REDIRECT] Jun 04, 2025 12:24:55 AM java.util.prefs.FileSystemPreferences checkLockFile0ErrorCode
2025-06-04 00:24:55,527 [ERROR] LogOutputStream:75 - [STDERR_REDIRECT] WARNING: Could not lock System prefs. Unix error code 2.
2025-06-04 00:24:55,527 [ERROR] LogOutputStream:75 - [STDERR_REDIRECT] 
2025-06-04 00:24:55,528 [ERROR] LogOutputStream:75 - [STDERR_REDIRECT] Jun 04, 2025 12:24:55 AM java.util.prefs.FileSystemPreferences syncWorld
2025-06-04 00:24:55,528 [ERROR] LogOutputStream:75 - [STDERR_REDIRECT] WARNING: Couldn't flush system prefs: java.util.prefs.BackingStoreException: Couldn't get file lock.
2025-06-04 00:24:55,528 [ERROR] LogOutputStream:75 - [STDERR_REDIRECT] 
2025-06-04 00:25:25,527 [ERROR] LogOutputStream:75 - [STDERR_REDIRECT] Jun 04, 2025 12:25:25 AM java.util.prefs.FileSystemPreferences checkLockFile0ErrorCode
2025-06-04 00:25:25,527 [ERROR] LogOutputStream:75 - [STDERR_REDIRECT] WARNING: Could not lock System prefs. Unix error code 2.
2025-06-04 00:25:25,527 [ERROR] LogOutputStream:75 - [STDERR_REDIRECT] 
2025-06-04 00:25:25,528 [ERROR] LogOutputStream:75 - [STDERR_REDIRECT] Jun 04, 2025 12:25:25 AM java.util.prefs.FileSystemPreferences syncWorld
2025-06-04 00:25:25,528 [ERROR] LogOutputStream:75 - [STDERR_REDIRECT] WARNING: Couldn't flush system prefs: java.util.prefs.BackingStoreException: Couldn't get file lock.
2025-06-04 00:25:25,528 [ERROR] LogOutputStream:75 - [STDERR_REDIRECT] 
2025-06-04 00:25:55,527 [ERROR] LogOutputStream:75 - [STDERR_REDIRECT] Jun 04, 2025 12:25:55 AM java.util.prefs.FileSystemPreferences checkLockFile0ErrorCode
2025-06-04 00:25:55,527 [ERROR] LogOutputStream:75 - [STDERR_REDIRECT] WARNING: Could not lock System prefs. Unix error code 2.
2025-06-04 00:25:55,527 [ERROR] LogOutputStream:75 - [STDERR_REDIRECT] 
2025-06-04 00:25:55,527 [ERROR] LogOutputStream:75 - [STDERR_REDIRECT] Jun 04, 2025 12:25:55 AM java.util.prefs.FileSystemPreferences syncWorld
2025-06-04 00:25:55,527 [ERROR] LogOutputStream:75 - [STDERR_REDIRECT] WARNING: Couldn't flush system prefs: java.util.prefs.BackingStoreException: Couldn't get file lock.
2025-06-04 00:25:55,527 [ERROR] LogOutputStream:75 - [STDERR_REDIRECT] 
2025-06-04 00:26:25,528 [ERROR] LogOutputStream:75 - [STDERR_REDIRECT] Jun 04, 2025 12:26:25 AM java.util.prefs.FileSystemPreferences checkLockFile0ErrorCode
2025-06-04 00:26:25,528 [ERROR] LogOutputStream:75 - [STDERR_REDIRECT] WARNING: Could not lock System prefs. Unix error code 2.
2025-06-04 00:26:25,528 [ERROR] LogOutputStream:75 - [STDERR_REDIRECT] 
2025-06-04 00:26:25,528 [ERROR] LogOutputStream:75 - [STDERR_REDIRECT] Jun 04, 2025 12:26:25 AM java.util.prefs.FileSystemPreferences syncWorld
2025-06-04 00:26:25,528 [ERROR] LogOutputStream:75 - [STDERR_REDIRECT] WARNING: Couldn't flush system prefs: java.util.prefs.BackingStoreException: Couldn't get file lock.
2025-06-04 00:26:25,528 [ERROR] LogOutputStream:75 - [STDERR_REDIRECT] 
2025-06-04 00:26:55,529 [ERROR] LogOutputStream:75 - [STDERR_REDIRECT] Jun 04, 2025 12:26:55 AM java.util.prefs.FileSystemPreferences checkLockFile0ErrorCode
2025-06-04 00:26:55,529 [ERROR] LogOutputStream:75 - [STDERR_REDIRECT] WARNING: Could not lock System prefs. Unix error code 2.
2025-06-04 00:26:55,529 [ERROR] LogOutputStream:75 - [STDERR_REDIRECT] 
2025-06-04 00:26:55,530 [ERROR] LogOutputStream:75 - [STDERR_REDIRECT] Jun 04, 2025 12:26:55 AM java.util.prefs.FileSystemPreferences syncWorld
2025-06-04 00:26:55,530 [ERROR] LogOutputStream:75 - [STDERR_REDIRECT] WARNING: Couldn't flush system prefs: java.util.prefs.BackingStoreException: Couldn't get file lock.
2025-06-04 00:26:55,530 [ERROR] LogOutputStream:75 - [STDERR_REDIRECT] 
2025-06-04 00:27:25,530 [ERROR] LogOutputStream:75 - [STDERR_REDIRECT] Jun 04, 2025 12:27:25 AM java.util.prefs.FileSystemPreferences checkLockFile0ErrorCode
2025-06-04 00:27:25,530 [ERROR] LogOutputStream:75 - [STDERR_REDIRECT] WARNING: Could not lock System prefs. Unix error code 2.
2025-06-04 00:27:25,530 [ERROR] LogOutputStream:75 - [STDERR_REDIRECT] 
2025-06-04 00:27:25,530 [ERROR] LogOutputStream:75 - [STDERR_REDIRECT] Jun 04, 2025 12:27:25 AM java.util.prefs.FileSystemPreferences syncWorld
2025-06-04 00:27:25,530 [ERROR] LogOutputStream:75 - [STDERR_REDIRECT] WARNING: Couldn't flush system prefs: java.util.prefs.BackingStoreException: Couldn't get file lock.
2025-06-04 00:27:25,530 [ERROR] LogOutputStream:75 - [STDERR_REDIRECT] 
2025-06-04 00:27:55,530 [ERROR] LogOutputStream:75 - [STDERR_REDIRECT] Jun 04, 2025 12:27:55 AM java.util.prefs.FileSystemPreferences checkLockFile0ErrorCode
2025-06-04 00:27:55,530 [ERROR] LogOutputStream:75 - [STDERR_REDIRECT] WARNING: Could not lock System prefs. Unix error code 2.
2025-06-04 00:27:55,530 [ERROR] LogOutputStream:75 - [STDERR_REDIRECT] 
2025-06-04 00:27:55,530 [ERROR] LogOutputStream:75 - [STDERR_REDIRECT] Jun 04, 2025 12:27:55 AM java.util.prefs.FileSystemPreferences syncWorld
2025-06-04 00:27:55,530 [ERROR] LogOutputStream:75 - [STDERR_REDIRECT] WARNING: Couldn't flush system prefs: java.util.prefs.BackingStoreException: Couldn't get file lock.
2025-06-04 00:27:55,531 [ERROR] LogOutputStream:75 - [STDERR_REDIRECT] 
2025-06-04 00:28:25,529 [ERROR] LogOutputStream:75 - [STDERR_REDIRECT] Jun 04, 2025 12:28:25 AM java.util.prefs.FileSystemPreferences checkLockFile0ErrorCode
2025-06-04 00:28:25,529 [ERROR] LogOutputStream:75 - [STDERR_REDIRECT] WARNING: Could not lock System prefs. Unix error code 2.
2025-06-04 00:28:25,529 [ERROR] LogOutputStream:75 - [STDERR_REDIRECT] 
2025-06-04 00:28:25,529 [ERROR] LogOutputStream:75 - [STDERR_REDIRECT] Jun 04, 2025 12:28:25 AM java.util.prefs.FileSystemPreferences syncWorld
2025-06-04 00:28:25,530 [ERROR] LogOutputStream:75 - [STDERR_REDIRECT] WARNING: Couldn't flush system prefs: java.util.prefs.BackingStoreException: Couldn't get file lock.
2025-06-04 00:28:25,530 [ERROR] LogOutputStream:75 - [STDERR_REDIRECT] 
2025-06-04 00:28:55,529 [ERROR] LogOutputStream:75 - [STDERR_REDIRECT] Jun 04, 2025 12:28:55 AM java.util.prefs.FileSystemPreferences checkLockFile0ErrorCode
2025-06-04 00:28:55,530 [ERROR] LogOutputStream:75 - [STDERR_REDIRECT] WARNING: Could not lock System prefs. Unix error code 2.
2025-06-04 00:28:55,530 [ERROR] LogOutputStream:75 - [STDERR_REDIRECT] 
2025-06-04 00:28:55,530 [ERROR] LogOutputStream:75 - [STDERR_REDIRECT] Jun 04, 2025 12:28:55 AM java.util.prefs.FileSystemPreferences syncWorld
2025-06-04 00:28:55,530 [ERROR] LogOutputStream:75 - [STDERR_REDIRECT] WARNING: Couldn't flush system prefs: java.util.prefs.BackingStoreException: Couldn't get file lock.
2025-06-04 00:28:55,530 [ERROR] LogOutputStream:75 - [STDERR_REDIRECT] 
2025-06-04 00:29:25,530 [ERROR] LogOutputStream:75 - [STDERR_REDIRECT] Jun 04, 2025 12:29:25 AM java.util.prefs.FileSystemPreferences checkLockFile0ErrorCode
2025-06-04 00:29:25,531 [ERROR] LogOutputStream:75 - [STDERR_REDIRECT] WARNING: Could not lock System prefs. Unix error code 2.
2025-06-04 00:29:25,531 [ERROR] LogOutputStream:75 - [STDERR_REDIRECT] 
2025-06-04 00:29:25,531 [ERROR] LogOutputStream:75 - [STDERR_REDIRECT] Jun 04, 2025 12:29:25 AM java.util.prefs.FileSystemPreferences syncWorld
2025-06-04 00:29:25,531 [ERROR] LogOutputStream:75 - [STDERR_REDIRECT] WARNING: Couldn't flush system prefs: java.util.prefs.BackingStoreException: Couldn't get file lock.
2025-06-04 00:29:25,531 [ERROR] LogOutputStream:75 - [STDERR_REDIRECT] 
2025-06-04 00:29:55,531 [ERROR] LogOutputStream:75 - [STDERR_REDIRECT] Jun 04, 2025 12:29:55 AM java.util.prefs.FileSystemPreferences checkLockFile0ErrorCode
2025-06-04 00:29:55,531 [ERROR] LogOutputStream:75 - [STDERR_REDIRECT] WARNING: Could not lock System prefs. Unix error code 2.
2025-06-04 00:29:55,531 [ERROR] LogOutputStream:75 - [STDERR_REDIRECT] 
2025-06-04 00:29:55,531 [ERROR] LogOutputStream:75 - [STDERR_REDIRECT] Jun 04, 2025 12:29:55 AM java.util.prefs.FileSystemPreferences syncWorld
2025-06-04 00:29:55,531 [ERROR] LogOutputStream:75 - [STDERR_REDIRECT] WARNING: Couldn't flush system prefs: java.util.prefs.BackingStoreException: Couldn't get file lock.
2025-06-04 00:29:55,531 [ERROR] LogOutputStream:75 - [STDERR_REDIRECT] 
2025-06-04 00:30:25,530 [ERROR] LogOutputStream:75 - [STDERR_REDIRECT] Jun 04, 2025 12:30:25 AM java.util.prefs.FileSystemPreferences checkLockFile0ErrorCode
2025-06-04 00:30:25,530 [ERROR] LogOutputStream:75 - [STDERR_REDIRECT] WARNING: Could not lock System prefs. Unix error code 2.
2025-06-04 00:30:25,530 [ERROR] LogOutputStream:75 - [STDERR_REDIRECT] 
2025-06-04 00:30:25,530 [ERROR] LogOutputStream:75 - [STDERR_REDIRECT] Jun 04, 2025 12:30:25 AM java.util.prefs.FileSystemPreferences syncWorld
2025-06-04 00:30:25,530 [ERROR] LogOutputStream:75 - [STDERR_REDIRECT] WARNING: Couldn't flush system prefs: java.util.prefs.BackingStoreException: Couldn't get file lock.
2025-06-04 00:30:25,530 [ERROR] LogOutputStream:75 - [STDERR_REDIRECT] 
2025-06-04 00:30:55,531 [ERROR] LogOutputStream:75 - [STDERR_REDIRECT] Jun 04, 2025 12:30:55 AM java.util.prefs.FileSystemPreferences checkLockFile0ErrorCode
2025-06-04 00:30:55,531 [ERROR] LogOutputStream:75 - [STDERR_REDIRECT] WARNING: Could not lock System prefs. Unix error code 2.
2025-06-04 00:30:55,531 [ERROR] LogOutputStream:75 - [STDERR_REDIRECT] 
2025-06-04 00:30:55,531 [ERROR] LogOutputStream:75 - [STDERR_REDIRECT] Jun 04, 2025 12:30:55 AM java.util.prefs.FileSystemPreferences syncWorld
2025-06-04 00:30:55,531 [ERROR] LogOutputStream:75 - [STDERR_REDIRECT] WARNING: Couldn't flush system prefs: java.util.prefs.BackingStoreException: Couldn't get file lock.
2025-06-04 00:30:55,531 [ERROR] LogOutputStream:75 - [STDERR_REDIRECT] 
2025-06-04 00:31:25,531 [ERROR] LogOutputStream:75 - [STDERR_REDIRECT] Jun 04, 2025 12:31:25 AM java.util.prefs.FileSystemPreferences checkLockFile0ErrorCode
2025-06-04 00:31:25,531 [ERROR] LogOutputStream:75 - [STDERR_REDIRECT] WARNING: Could not lock System prefs. Unix error code 2.
2025-06-04 00:31:25,531 [ERROR] LogOutputStream:75 - [STDERR_REDIRECT] 
2025-06-04 00:31:25,531 [ERROR] LogOutputStream:75 - [STDERR_REDIRECT] Jun 04, 2025 12:31:25 AM java.util.prefs.FileSystemPreferences syncWorld
2025-06-04 00:31:25,531 [ERROR] LogOutputStream:75 - [STDERR_REDIRECT] WARNING: Couldn't flush system prefs: java.util.prefs.BackingStoreException: Couldn't get file lock.
2025-06-04 00:31:25,531 [ERROR] LogOutputStream:75 - [STDERR_REDIRECT] 
2025-06-04 00:31:55,530 [ERROR] LogOutputStream:75 - [STDERR_REDIRECT] Jun 04, 2025 12:31:55 AM java.util.prefs.FileSystemPreferences checkLockFile0ErrorCode
2025-06-04 00:31:55,530 [ERROR] LogOutputStream:75 - [STDERR_REDIRECT] WARNING: Could not lock System prefs. Unix error code 2.
2025-06-04 00:31:55,531 [ERROR] LogOutputStream:75 - [STDERR_REDIRECT] 
2025-06-04 00:31:55,531 [ERROR] LogOutputStream:75 - [STDERR_REDIRECT] Jun 04, 2025 12:31:55 AM java.util.prefs.FileSystemPreferences syncWorld
2025-06-04 00:31:55,531 [ERROR] LogOutputStream:75 - [STDERR_REDIRECT] WARNING: Couldn't flush system prefs: java.util.prefs.BackingStoreException: Couldn't get file lock.
2025-06-04 00:31:55,531 [ERROR] LogOutputStream:75 - [STDERR_REDIRECT] 
2025-06-04 00:32:25,530 [ERROR] LogOutputStream:75 - [STDERR_REDIRECT] Jun 04, 2025 12:32:25 AM java.util.prefs.FileSystemPreferences checkLockFile0ErrorCode
2025-06-04 00:32:25,530 [ERROR] LogOutputStream:75 - [STDERR_REDIRECT] WARNING: Could not lock System prefs. Unix error code 2.
2025-06-04 00:32:25,530 [ERROR] LogOutputStream:75 - [STDERR_REDIRECT] 
2025-06-04 00:32:25,530 [ERROR] LogOutputStream:75 - [STDERR_REDIRECT] Jun 04, 2025 12:32:25 AM java.util.prefs.FileSystemPreferences syncWorld
2025-06-04 00:32:25,530 [ERROR] LogOutputStream:75 - [STDERR_REDIRECT] WARNING: Couldn't flush system prefs: java.util.prefs.BackingStoreException: Couldn't get file lock.
2025-06-04 00:32:25,530 [ERROR] LogOutputStream:75 - [STDERR_REDIRECT] 
2025-06-04 00:32:55,531 [ERROR] LogOutputStream:75 - [STDERR_REDIRECT] Jun 04, 2025 12:32:55 AM java.util.prefs.FileSystemPreferences checkLockFile0ErrorCode
2025-06-04 00:32:55,531 [ERROR] LogOutputStream:75 - [STDERR_REDIRECT] WARNING: Could not lock System prefs. Unix error code 2.
2025-06-04 00:32:55,531 [ERROR] LogOutputStream:75 - [STDERR_REDIRECT] 
2025-06-04 00:32:55,531 [ERROR] LogOutputStream:75 - [STDERR_REDIRECT] Jun 04, 2025 12:32:55 AM java.util.prefs.FileSystemPreferences syncWorld
2025-06-04 00:32:55,531 [ERROR] LogOutputStream:75 - [STDERR_REDIRECT] WARNING: Couldn't flush system prefs: java.util.prefs.BackingStoreException: Couldn't get file lock.
2025-06-04 00:32:55,531 [ERROR] LogOutputStream:75 - [STDERR_REDIRECT] 
2025-06-04 00:33:25,531 [ERROR] LogOutputStream:75 - [STDERR_REDIRECT] Jun 04, 2025 12:33:25 AM java.util.prefs.FileSystemPreferences checkLockFile0ErrorCode
2025-06-04 00:33:25,531 [ERROR] LogOutputStream:75 - [STDERR_REDIRECT] WARNING: Could not lock System prefs. Unix error code 2.
2025-06-04 00:33:25,531 [ERROR] LogOutputStream:75 - [STDERR_REDIRECT] 
2025-06-04 00:33:25,531 [ERROR] LogOutputStream:75 - [STDERR_REDIRECT] Jun 04, 2025 12:33:25 AM java.util.prefs.FileSystemPreferences syncWorld
2025-06-04 00:33:25,531 [ERROR] LogOutputStream:75 - [STDERR_REDIRECT] WARNING: Couldn't flush system prefs: java.util.prefs.BackingStoreException: Couldn't get file lock.
2025-06-04 00:33:25,531 [ERROR] LogOutputStream:75 - [STDERR_REDIRECT] 
2025-06-04 00:33:55,532 [ERROR] LogOutputStream:75 - [STDERR_REDIRECT] Jun 04, 2025 12:33:55 AM java.util.prefs.FileSystemPreferences checkLockFile0ErrorCode
2025-06-04 00:33:55,532 [ERROR] LogOutputStream:75 - [STDERR_REDIRECT] WARNING: Could not lock System prefs. Unix error code 2.
2025-06-04 00:33:55,532 [ERROR] LogOutputStream:75 - [STDERR_REDIRECT] 
2025-06-04 00:33:55,533 [ERROR] LogOutputStream:75 - [STDERR_REDIRECT] Jun 04, 2025 12:33:55 AM java.util.prefs.FileSystemPreferences syncWorld
2025-06-04 00:33:55,533 [ERROR] LogOutputStream:75 - [STDERR_REDIRECT] WARNING: Couldn't flush system prefs: java.util.prefs.BackingStoreException: Couldn't get file lock.
2025-06-04 00:33:55,533 [ERROR] LogOutputStream:75 - [STDERR_REDIRECT] 
2025-06-04 00:34:25,531 [ERROR] LogOutputStream:75 - [STDERR_REDIRECT] Jun 04, 2025 12:34:25 AM java.util.prefs.FileSystemPreferences checkLockFile0ErrorCode
2025-06-04 00:34:25,531 [ERROR] LogOutputStream:75 - [STDERR_REDIRECT] WARNING: Could not lock System prefs. Unix error code 2.
2025-06-04 00:34:25,531 [ERROR] LogOutputStream:75 - [STDERR_REDIRECT] 
2025-06-04 00:34:25,531 [ERROR] LogOutputStream:75 - [STDERR_REDIRECT] Jun 04, 2025 12:34:25 AM java.util.prefs.FileSystemPreferences syncWorld
2025-06-04 00:34:25,532 [ERROR] LogOutputStream:75 - [STDERR_REDIRECT] WARNING: Couldn't flush system prefs: java.util.prefs.BackingStoreException: Couldn't get file lock.
2025-06-04 00:34:25,532 [ERROR] LogOutputStream:75 - [STDERR_REDIRECT] 
2025-06-04 00:34:55,531 [ERROR] LogOutputStream:75 - [STDERR_REDIRECT] Jun 04, 2025 12:34:55 AM java.util.prefs.FileSystemPreferences checkLockFile0ErrorCode
2025-06-04 00:34:55,531 [ERROR] LogOutputStream:75 - [STDERR_REDIRECT] WARNING: Could not lock System prefs. Unix error code 2.
2025-06-04 00:34:55,531 [ERROR] LogOutputStream:75 - [STDERR_REDIRECT] 
2025-06-04 00:34:55,532 [ERROR] LogOutputStream:75 - [STDERR_REDIRECT] Jun 04, 2025 12:34:55 AM java.util.prefs.FileSystemPreferences syncWorld
2025-06-04 00:34:55,532 [ERROR] LogOutputStream:75 - [STDERR_REDIRECT] WARNING: Couldn't flush system prefs: java.util.prefs.BackingStoreException: Couldn't get file lock.
2025-06-04 00:34:55,532 [ERROR] LogOutputStream:75 - [STDERR_REDIRECT] 
2025-06-04 00:35:25,531 [ERROR] LogOutputStream:75 - [STDERR_REDIRECT] Jun 04, 2025 12:35:25 AM java.util.prefs.FileSystemPreferences checkLockFile0ErrorCode
2025-06-04 00:35:25,531 [ERROR] LogOutputStream:75 - [STDERR_REDIRECT] WARNING: Could not lock System prefs. Unix error code 2.
2025-06-04 00:35:25,531 [ERROR] LogOutputStream:75 - [STDERR_REDIRECT] 
2025-06-04 00:35:25,531 [ERROR] LogOutputStream:75 - [STDERR_REDIRECT] Jun 04, 2025 12:35:25 AM java.util.prefs.FileSystemPreferences syncWorld
2025-06-04 00:35:25,531 [ERROR] LogOutputStream:75 - [STDERR_REDIRECT] WARNING: Couldn't flush system prefs: java.util.prefs.BackingStoreException: Couldn't get file lock.
2025-06-04 00:35:25,531 [ERROR] LogOutputStream:75 - [STDERR_REDIRECT] 
2025-06-04 00:35:55,532 [ERROR] LogOutputStream:75 - [STDERR_REDIRECT] Jun 04, 2025 12:35:55 AM java.util.prefs.FileSystemPreferences checkLockFile0ErrorCode
2025-06-04 00:35:55,532 [ERROR] LogOutputStream:75 - [STDERR_REDIRECT] WARNING: Could not lock System prefs. Unix error code 2.
2025-06-04 00:35:55,532 [ERROR] LogOutputStream:75 - [STDERR_REDIRECT] 
2025-06-04 00:35:55,532 [ERROR] LogOutputStream:75 - [STDERR_REDIRECT] Jun 04, 2025 12:35:55 AM java.util.prefs.FileSystemPreferences syncWorld
2025-06-04 00:35:55,532 [ERROR] LogOutputStream:75 - [STDERR_REDIRECT] WARNING: Couldn't flush system prefs: java.util.prefs.BackingStoreException: Couldn't get file lock.
2025-06-04 00:35:55,532 [ERROR] LogOutputStream:75 - [STDERR_REDIRECT] 
2025-06-04 00:36:25,532 [ERROR] LogOutputStream:75 - [STDERR_REDIRECT] Jun 04, 2025 12:36:25 AM java.util.prefs.FileSystemPreferences checkLockFile0ErrorCode
2025-06-04 00:36:25,532 [ERROR] LogOutputStream:75 - [STDERR_REDIRECT] WARNING: Could not lock System prefs. Unix error code 2.
2025-06-04 00:36:25,532 [ERROR] LogOutputStream:75 - [STDERR_REDIRECT] 
2025-06-04 00:36:25,533 [ERROR] LogOutputStream:75 - [STDERR_REDIRECT] Jun 04, 2025 12:36:25 AM java.util.prefs.FileSystemPreferences syncWorld
2025-06-04 00:36:25,533 [ERROR] LogOutputStream:75 - [STDERR_REDIRECT] WARNING: Couldn't flush system prefs: java.util.prefs.BackingStoreException: Couldn't get file lock.
2025-06-04 00:36:25,533 [ERROR] LogOutputStream:75 - [STDERR_REDIRECT] 
2025-06-04 00:36:55,532 [ERROR] LogOutputStream:75 - [STDERR_REDIRECT] Jun 04, 2025 12:36:55 AM java.util.prefs.FileSystemPreferences checkLockFile0ErrorCode
2025-06-04 00:36:55,532 [ERROR] LogOutputStream:75 - [STDERR_REDIRECT] WARNING: Could not lock System prefs. Unix error code 2.
2025-06-04 00:36:55,533 [ERROR] LogOutputStream:75 - [STDERR_REDIRECT] 
2025-06-04 00:36:55,533 [ERROR] LogOutputStream:75 - [STDERR_REDIRECT] Jun 04, 2025 12:36:55 AM java.util.prefs.FileSystemPreferences syncWorld
2025-06-04 00:36:55,533 [ERROR] LogOutputStream:75 - [STDERR_REDIRECT] WARNING: Couldn't flush system prefs: java.util.prefs.BackingStoreException: Couldn't get file lock.
2025-06-04 00:36:55,533 [ERROR] LogOutputStream:75 - [STDERR_REDIRECT] 
2025-06-04 00:37:25,533 [ERROR] LogOutputStream:75 - [STDERR_REDIRECT] Jun 04, 2025 12:37:25 AM java.util.prefs.FileSystemPreferences checkLockFile0ErrorCode
2025-06-04 00:37:25,533 [ERROR] LogOutputStream:75 - [STDERR_REDIRECT] WARNING: Could not lock System prefs. Unix error code 2.
2025-06-04 00:37:25,533 [ERROR] LogOutputStream:75 - [STDERR_REDIRECT] 
2025-06-04 00:37:25,533 [ERROR] LogOutputStream:75 - [STDERR_REDIRECT] Jun 04, 2025 12:37:25 AM java.util.prefs.FileSystemPreferences syncWorld
2025-06-04 00:37:25,533 [ERROR] LogOutputStream:75 - [STDERR_REDIRECT] WARNING: Couldn't flush system prefs: java.util.prefs.BackingStoreException: Couldn't get file lock.
2025-06-04 00:37:25,533 [ERROR] LogOutputStream:75 - [STDERR_REDIRECT] 
2025-06-04 00:37:55,533 [ERROR] LogOutputStream:75 - [STDERR_REDIRECT] Jun 04, 2025 12:37:55 AM java.util.prefs.FileSystemPreferences checkLockFile0ErrorCode
2025-06-04 00:37:55,533 [ERROR] LogOutputStream:75 - [STDERR_REDIRECT] WARNING: Could not lock System prefs. Unix error code 2.
2025-06-04 00:37:55,533 [ERROR] LogOutputStream:75 - [STDERR_REDIRECT] 
2025-06-04 00:37:55,534 [ERROR] LogOutputStream:75 - [STDERR_REDIRECT] Jun 04, 2025 12:37:55 AM java.util.prefs.FileSystemPreferences syncWorld
2025-06-04 00:37:55,534 [ERROR] LogOutputStream:75 - [STDERR_REDIRECT] WARNING: Couldn't flush system prefs: java.util.prefs.BackingStoreException: Couldn't get file lock.
2025-06-04 00:37:55,534 [ERROR] LogOutputStream:75 - [STDERR_REDIRECT] 
2025-06-04 00:38:25,534 [ERROR] LogOutputStream:75 - [STDERR_REDIRECT] Jun 04, 2025 12:38:25 AM java.util.prefs.FileSystemPreferences checkLockFile0ErrorCode
2025-06-04 00:38:25,534 [ERROR] LogOutputStream:75 - [STDERR_REDIRECT] WARNING: Could not lock System prefs. Unix error code 2.
2025-06-04 00:38:25,534 [ERROR] LogOutputStream:75 - [STDERR_REDIRECT] 
2025-06-04 00:38:25,534 [ERROR] LogOutputStream:75 - [STDERR_REDIRECT] Jun 04, 2025 12:38:25 AM java.util.prefs.FileSystemPreferences syncWorld
2025-06-04 00:38:25,534 [ERROR] LogOutputStream:75 - [STDERR_REDIRECT] WARNING: Couldn't flush system prefs: java.util.prefs.BackingStoreException: Couldn't get file lock.
2025-06-04 00:38:25,534 [ERROR] LogOutputStream:75 - [STDERR_REDIRECT] 
2025-06-04 00:38:55,534 [ERROR] LogOutputStream:75 - [STDERR_REDIRECT] Jun 04, 2025 12:38:55 AM java.util.prefs.FileSystemPreferences checkLockFile0ErrorCode
2025-06-04 00:38:55,534 [ERROR] LogOutputStream:75 - [STDERR_REDIRECT] WARNING: Could not lock System prefs. Unix error code 2.
2025-06-04 00:38:55,535 [ERROR] LogOutputStream:75 - [STDERR_REDIRECT] 
2025-06-04 00:38:55,535 [ERROR] LogOutputStream:75 - [STDERR_REDIRECT] Jun 04, 2025 12:38:55 AM java.util.prefs.FileSystemPreferences syncWorld
2025-06-04 00:38:55,535 [ERROR] LogOutputStream:75 - [STDERR_REDIRECT] WARNING: Couldn't flush system prefs: java.util.prefs.BackingStoreException: Couldn't get file lock.
2025-06-04 00:38:55,535 [ERROR] LogOutputStream:75 - [STDERR_REDIRECT] 
2025-06-04 00:39:25,534 [ERROR] LogOutputStream:75 - [STDERR_REDIRECT] Jun 04, 2025 12:39:25 AM java.util.prefs.FileSystemPreferences checkLockFile0ErrorCode
2025-06-04 00:39:25,535 [ERROR] LogOutputStream:75 - [STDERR_REDIRECT] WARNING: Could not lock System prefs. Unix error code 2.
2025-06-04 00:39:25,535 [ERROR] LogOutputStream:75 - [STDERR_REDIRECT] 
2025-06-04 00:39:25,535 [ERROR] LogOutputStream:75 - [STDERR_REDIRECT] Jun 04, 2025 12:39:25 AM java.util.prefs.FileSystemPreferences syncWorld
2025-06-04 00:39:25,535 [ERROR] LogOutputStream:75 - [STDERR_REDIRECT] WARNING: Couldn't flush system prefs: java.util.prefs.BackingStoreException: Couldn't get file lock.
2025-06-04 00:39:25,535 [ERROR] LogOutputStream:75 - [STDERR_REDIRECT] 
2025-06-04 00:39:55,534 [ERROR] LogOutputStream:75 - [STDERR_REDIRECT] Jun 04, 2025 12:39:55 AM java.util.prefs.FileSystemPreferences checkLockFile0ErrorCode
2025-06-04 00:39:55,534 [ERROR] LogOutputStream:75 - [STDERR_REDIRECT] WARNING: Could not lock System prefs. Unix error code 2.
2025-06-04 00:39:55,534 [ERROR] LogOutputStream:75 - [STDERR_REDIRECT] 
2025-06-04 00:39:55,535 [ERROR] LogOutputStream:75 - [STDERR_REDIRECT] Jun 04, 2025 12:39:55 AM java.util.prefs.FileSystemPreferences syncWorld
2025-06-04 00:39:55,535 [ERROR] LogOutputStream:75 - [STDERR_REDIRECT] WARNING: Couldn't flush system prefs: java.util.prefs.BackingStoreException: Couldn't get file lock.
2025-06-04 00:39:55,535 [ERROR] LogOutputStream:75 - [STDERR_REDIRECT] 
2025-06-04 00:40:25,534 [ERROR] LogOutputStream:75 - [STDERR_REDIRECT] Jun 04, 2025 12:40:25 AM java.util.prefs.FileSystemPreferences checkLockFile0ErrorCode
2025-06-04 00:40:25,534 [ERROR] LogOutputStream:75 - [STDERR_REDIRECT] WARNING: Could not lock System prefs. Unix error code 2.
2025-06-04 00:40:25,534 [ERROR] LogOutputStream:75 - [STDERR_REDIRECT] 
2025-06-04 00:40:25,534 [ERROR] LogOutputStream:75 - [STDERR_REDIRECT] Jun 04, 2025 12:40:25 AM java.util.prefs.FileSystemPreferences syncWorld
2025-06-04 00:40:25,534 [ERROR] LogOutputStream:75 - [STDERR_REDIRECT] WARNING: Couldn't flush system prefs: java.util.prefs.BackingStoreException: Couldn't get file lock.
2025-06-04 00:40:25,534 [ERROR] LogOutputStream:75 - [STDERR_REDIRECT] 
2025-06-04 00:40:55,534 [ERROR] LogOutputStream:75 - [STDERR_REDIRECT] Jun 04, 2025 12:40:55 AM java.util.prefs.FileSystemPreferences checkLockFile0ErrorCode
2025-06-04 00:40:55,535 [ERROR] LogOutputStream:75 - [STDERR_REDIRECT] WARNING: Could not lock System prefs. Unix error code 2.
2025-06-04 00:40:55,535 [ERROR] LogOutputStream:75 - [STDERR_REDIRECT] 
2025-06-04 00:40:55,535 [ERROR] LogOutputStream:75 - [STDERR_REDIRECT] Jun 04, 2025 12:40:55 AM java.util.prefs.FileSystemPreferences syncWorld
2025-06-04 00:40:55,535 [ERROR] LogOutputStream:75 - [STDERR_REDIRECT] WARNING: Couldn't flush system prefs: java.util.prefs.BackingStoreException: Couldn't get file lock.
2025-06-04 00:40:55,535 [ERROR] LogOutputStream:75 - [STDERR_REDIRECT] 
2025-06-04 00:41:25,534 [ERROR] LogOutputStream:75 - [STDERR_REDIRECT] Jun 04, 2025 12:41:25 AM java.util.prefs.FileSystemPreferences checkLockFile0ErrorCode
2025-06-04 00:41:25,534 [ERROR] LogOutputStream:75 - [STDERR_REDIRECT] WARNING: Could not lock System prefs. Unix error code 2.
2025-06-04 00:41:25,534 [ERROR] LogOutputStream:75 - [STDERR_REDIRECT] 
2025-06-04 00:41:25,534 [ERROR] LogOutputStream:75 - [STDERR_REDIRECT] Jun 04, 2025 12:41:25 AM java.util.prefs.FileSystemPreferences syncWorld
2025-06-04 00:41:25,534 [ERROR] LogOutputStream:75 - [STDERR_REDIRECT] WARNING: Couldn't flush system prefs: java.util.prefs.BackingStoreException: Couldn't get file lock.
2025-06-04 00:41:25,534 [ERROR] LogOutputStream:75 - [STDERR_REDIRECT] 
2025-06-04 00:41:49,549 [ERROR] LogOutputStream:75 - [STDERR_REDIRECT] 
