2025-06-11 17:26:43,033 [INFO] Activator:176 - 


2025-06-11 17:26:43,035 [INFO] Activator:177 - !SESSION log4j initialized
2025-06-11 17:26:45,753 [INFO] LogOutputStream:77 - [STDOUT_REDIRECT] 
2025-06-11 17:26:46,753 [INFO] ApplicationProperties:184 - Using Application install path: /opt/st/stm32cubeide_1.18.1/plugins/com.st.stm32cube.common.mx_6.14.1.202504091515
2025-06-11 17:26:46,767 [INFO] DbMcusXml:78 - Set database path to: /opt/st/stm32cubeide_1.18.1/plugins/com.st.stm32cube.common.mx_6.14.1.202504091515//db//mcu/
2025-06-11 17:26:46,767 [INFO] ApiDb:274 - Set plugin database path to: /opt/st/stm32cubeide_1.18.1/plugins/com.st.stm32cube.common.mx_6.14.1.202504091515//db//plugins/boardmanager/
2025-06-11 17:26:46,767 [WARN] ApiDb:259 - Overriding images path with different value:  => /opt/st/stm32cubeide_1.18.1/plugins/com.st.stm32cube.common.mx_6.14.1.202504091515//db//plugins/mcufinder/images/
2025-06-11 17:26:46,771 [INFO] ApiDb:250 - Set database path to: /home/if-himanshu/.stmcufinder/plugins/mcufinder//mcu/
2025-06-11 17:26:46,772 [INFO] DbMcusAds:125 - Set database path to: /home/if-himanshu/.stmcufinder/plugins/mcufinder//mcu/
2025-06-11 17:26:46,773 [INFO] CrossReferenceDbSqlite:203 - Set database path to: /home/if-himanshu/.stmcufinder/plugins/mcufinder//mcu/cs/
2025-06-11 17:26:46,837 [INFO] RulesReader:64 - Compatibility file has been processed (302 Rules)
2025-06-11 17:26:46,884 [INFO] DbMcusXml:78 - Set database path to: /opt/st/stm32cubeide_1.18.1/plugins/com.st.stm32cube.common.mx_6.14.1.202504091515//db//mcu/
2025-06-11 17:26:46,884 [INFO] ApiDb:274 - Set plugin database path to: /opt/st/stm32cubeide_1.18.1/plugins/com.st.stm32cube.common.mx_6.14.1.202504091515//db//plugins/boardmanager/
2025-06-11 17:26:46,884 [INFO] ApiDb:261 - Set plugin images path to: /opt/st/stm32cubeide_1.18.1/plugins/com.st.stm32cube.common.mx_6.14.1.202504091515//db//plugins/mcufinder/images/
2025-06-11 17:26:46,884 [WARN] DbFile:41 - Overriding database path with different value: /home/if-himanshu/.stmcufinder/plugins/mcufinder/ => /home/if-himanshu/.stmcufinder/plugins/mcufinder
2025-06-11 17:26:46,885 [INFO] ApiDb:250 - Set database path to: /home/if-himanshu/.stmcufinder/plugins/mcufinder//mcu/
2025-06-11 17:26:46,885 [WARN] DbFile:41 - Overriding database path with different value: /home/if-himanshu/.stmcufinder/plugins/mcufinder/ => /home/if-himanshu/.stmcufinder/plugins/mcufinder
2025-06-11 17:26:46,885 [INFO] DbMcusAds:125 - Set database path to: /home/if-himanshu/.stmcufinder/plugins/mcufinder//mcu/
2025-06-11 17:26:46,885 [WARN] DbFile:41 - Overriding database path with different value: /home/if-himanshu/.stmcufinder/plugins/mcufinder/ => /home/if-himanshu/.stmcufinder/plugins/mcufinder
2025-06-11 17:26:46,885 [WARN] DbFile:41 - Overriding database path with different value: /home/if-himanshu/.stmcufinder/plugins/mcufinder/ => /home/if-himanshu/.stmcufinder/plugins/mcufinder
2025-06-11 17:26:46,885 [INFO] CrossReferenceDbSqlite:203 - Set database path to: /home/if-himanshu/.stmcufinder/plugins/mcufinder//mcu/cs/
2025-06-11 17:26:46,925 [INFO] MainPanel:272 - HeapMemory: 268435456
2025-06-11 17:26:46,995 [INFO] DbMcusXml:78 - Set database path to: /opt/st/stm32cubeide_1.18.1/plugins/com.st.stm32cube.common.mx_6.14.1.202504091515//db//mcu/
2025-06-11 17:26:46,995 [INFO] ApiDb:274 - Set plugin database path to: /opt/st/stm32cubeide_1.18.1/plugins/com.st.stm32cube.common.mx_6.14.1.202504091515//db//plugins/boardmanager/
2025-06-11 17:26:46,995 [INFO] ApiDb:261 - Set plugin images path to: /opt/st/stm32cubeide_1.18.1/plugins/com.st.stm32cube.common.mx_6.14.1.202504091515//db//plugins/mcufinder/images/
2025-06-11 17:26:46,996 [WARN] DbFile:41 - Overriding database path with different value: /home/if-himanshu/.stmcufinder/plugins/mcufinder/ => /home/if-himanshu/.stmcufinder/plugins/mcufinder
2025-06-11 17:26:46,996 [INFO] ApiDb:250 - Set database path to: /home/if-himanshu/.stmcufinder/plugins/mcufinder//mcu/
2025-06-11 17:26:46,996 [WARN] DbFile:41 - Overriding database path with different value: /home/if-himanshu/.stmcufinder/plugins/mcufinder/ => /home/if-himanshu/.stmcufinder/plugins/mcufinder
2025-06-11 17:26:46,996 [INFO] DbMcusAds:125 - Set database path to: /home/if-himanshu/.stmcufinder/plugins/mcufinder//mcu/
2025-06-11 17:26:46,996 [WARN] DbFile:41 - Overriding database path with different value: /home/if-himanshu/.stmcufinder/plugins/mcufinder/ => /home/if-himanshu/.stmcufinder/plugins/mcufinder
2025-06-11 17:26:46,996 [WARN] DbFile:41 - Overriding database path with different value: /home/if-himanshu/.stmcufinder/plugins/mcufinder/ => /home/if-himanshu/.stmcufinder/plugins/mcufinder
2025-06-11 17:26:46,996 [INFO] CrossReferenceDbSqlite:203 - Set database path to: /home/if-himanshu/.stmcufinder/plugins/mcufinder//mcu/cs/
2025-06-11 17:26:47,004 [INFO] ApplicationProperties:184 - Using Application install path: /opt/st/stm32cubeide_1.18.1/plugins/com.st.stm32cube.common.mx_6.14.1.202504091515
2025-06-11 17:26:47,005 [INFO] PluginManage:196 - Search for loadable plugins [exclusion list=, ]
2025-06-11 17:26:47,006 [INFO] PluginManage:310 - Check plugin analytics
2025-06-11 17:26:47,126 [INFO] AnalyticsPlugin:253 - Accepted Software Licenses: STM32CubeMX.6.14.0,STM32CubeMX.6.14.1
2025-06-11 17:26:47,126 [INFO] AnalyticsPlugin:255 - Accepted CMSIS Pack Licenses: 
2025-06-11 17:26:47,126 [INFO] AnalyticsPlugin:257 - Accepted Firmware Licenses: FW.G0.1.6.0,FW.G4.1.6.0,FW.H5.1.5.0,FW.F4.1.28.0
2025-06-11 17:26:47,128 [INFO] PluginManage:359 - Loaded plugin analytics (category:tool,tabindex:-1)
2025-06-11 17:26:47,128 [INFO] PluginManage:310 - Check plugin cadmodel
2025-06-11 17:26:47,131 [INFO] CADModel:105 - Init CAD model plugin
2025-06-11 17:26:47,132 [INFO] PluginManage:359 - Loaded plugin cadmodel (category:power,tabindex:5)
2025-06-11 17:26:47,132 [INFO] PluginManage:310 - Check plugin clock
2025-06-11 17:26:47,138 [INFO] PluginManage:359 - Loaded plugin clock (category:base,tabindex:2)
2025-06-11 17:26:47,139 [INFO] PluginManage:310 - Check plugin ddr
2025-06-11 17:26:47,140 [INFO] PluginManage:359 - Loaded plugin ddr (category:tool,tabindex:6)
2025-06-11 17:26:47,140 [INFO] PluginManage:310 - Check plugin filemanager
2025-06-11 17:26:47,233 [INFO] PluginManage:359 - Loaded plugin filemanager (category:base,tabindex:10)
2025-06-11 17:26:47,233 [INFO] PluginManage:310 - Check plugin ipmanager
2025-06-11 17:26:47,237 [INFO] PluginManage:359 - Loaded plugin ipmanager (category:base,tabindex:5)
2025-06-11 17:26:47,237 [INFO] PluginManage:310 - Check plugin lpbam
2025-06-11 17:26:47,242 [INFO] PluginManage:359 - Loaded plugin lpbam (category:base,tabindex:0)
2025-06-11 17:26:47,243 [INFO] PluginManage:310 - Check plugin memorymap
2025-06-11 17:26:47,250 [INFO] PluginManage:359 - Loaded plugin memorymap (category:base,tabindex:4)
2025-06-11 17:26:47,250 [INFO] PluginManage:310 - Check plugin pinoutandconfiguration
2025-06-11 17:26:47,255 [INFO] PluginManage:359 - Loaded plugin pinoutandconfiguration (category:base,tabindex:1)
2025-06-11 17:26:47,255 [INFO] PluginManage:310 - Check plugin pinoutconfig
2025-06-11 17:26:47,303 [WARN] SupportedApi:132 - Cannot load RTOS API schema: s4s-elt-must-match.1: The content of 'definitions' must match (annotation?, (simpleType | complexType)?, (unique | key | keyref)*)). A problem was found starting at: attribute.
2025-06-11 17:26:47,375 [INFO] PluginManage:359 - Loaded plugin pinoutconfig (category:base,tabindex:0)
2025-06-11 17:26:47,375 [INFO] PluginManage:310 - Check plugin power
2025-06-11 17:26:47,380 [INFO] PluginManage:359 - Loaded plugin power (category:power,tabindex:4)
2025-06-11 17:26:47,380 [INFO] PluginManage:310 - Check plugin projectmanager
2025-06-11 17:26:47,388 [INFO] PluginManage:359 - Loaded plugin projectmanager (category:projectmanager,tabindex:4)
2025-06-11 17:26:47,389 [INFO] PluginManage:310 - Check plugin rif
2025-06-11 17:26:47,393 [INFO] PluginManage:359 - Loaded plugin rif (category:base,tabindex:3)
2025-06-11 17:26:47,393 [INFO] PluginManage:310 - Check plugin thirdparty
2025-06-11 17:26:47,467 [WARN] IntegrityCheckThread:84 - waiting for thirdparty lock release [integrity check]
2025-06-11 17:26:47,467 [INFO] PluginManage:359 - Loaded plugin thirdparty (category:base,tabindex:-1)
2025-06-11 17:26:47,468 [INFO] IntegrityCheckThread:86 - entering critical section [integrity check]
2025-06-11 17:26:47,468 [INFO] PluginManage:310 - Check plugin tools
2025-06-11 17:26:47,468 [INFO] ThirdPartyUpdaterWithRetryManager:70 - Updater plugin not ready yet. [1/15]
2025-06-11 17:26:47,470 [INFO] PluginManage:359 - Loaded plugin tools (category:base,tabindex:7)
2025-06-11 17:26:47,470 [INFO] PluginManage:310 - Check plugin tutovideos
2025-06-11 17:26:47,562 [INFO] PluginManage:359 - Loaded plugin tutovideos (category:base,tabindex:-1)
2025-06-11 17:26:47,562 [INFO] PluginManage:310 - Check plugin updater
2025-06-11 17:26:47,577 [INFO] PluginManage:359 - Loaded plugin updater (category:base,tabindex:12)
2025-06-11 17:26:47,577 [INFO] PluginManage:310 - Check plugin userauth
2025-06-11 17:26:47,579 [INFO] UserAuth:118 - Init User Auth plugin
2025-06-11 17:26:47,580 [INFO] PluginManage:359 - Loaded plugin userauth (category:base,tabindex:14)
2025-06-11 17:26:47,580 [INFO] PluginManage:283 - PluginManage : Loaded plugins [18]
2025-06-11 17:26:47,682 [INFO] PinOutPanel:1589 - setPackage(No Configuration,No Configuration)
2025-06-11 17:26:47,720 [INFO] CADModel:165 - CPN selected for project level
2025-06-11 17:26:47,721 [INFO] CADModel:114 - Register for checkConnection events
2025-06-11 17:26:47,729 [INFO] IPUIPlugin:80 - create IPUIPlugin
2025-06-11 17:26:47,729 [INFO] PluginManager:220 - loadIPPluginJar : add can
2025-06-11 17:26:47,730 [INFO] IPUIPlugin:80 - create IPUIPlugin
2025-06-11 17:26:47,730 [INFO] PluginManager:220 - loadIPPluginJar : add tsc
2025-06-11 17:26:47,734 [INFO] IPUIPlugin:80 - create IPUIPlugin
2025-06-11 17:26:47,735 [INFO] PluginManager:220 - loadIPPluginJar : add linkedlist
2025-06-11 17:26:47,736 [INFO] IPUIPlugin:80 - create IPUIPlugin
2025-06-11 17:26:47,736 [INFO] PluginManager:220 - loadIPPluginJar : add i2s
2025-06-11 17:26:47,737 [INFO] IPUIPlugin:80 - create IPUIPlugin
2025-06-11 17:26:47,737 [INFO] PluginManager:220 - loadIPPluginJar : add hash
2025-06-11 17:26:47,739 [INFO] IPUIPlugin:80 - create IPUIPlugin
2025-06-11 17:26:47,739 [INFO] PluginManager:220 - loadIPPluginJar : add dma3
2025-06-11 17:26:47,740 [INFO] IPUIPlugin:80 - create IPUIPlugin
2025-06-11 17:26:47,740 [INFO] PluginManager:220 - loadIPPluginJar : add sai
2025-06-11 17:26:47,742 [INFO] IPUIPlugin:80 - create IPUIPlugin
2025-06-11 17:26:47,742 [INFO] PluginManager:220 - loadIPPluginJar : add usbx
2025-06-11 17:26:47,743 [INFO] IPUIPlugin:80 - create IPUIPlugin
2025-06-11 17:26:47,743 [INFO] PluginManager:220 - loadIPPluginJar : add comp
2025-06-11 17:26:47,745 [INFO] IPUIPlugin:80 - create IPUIPlugin
2025-06-11 17:26:47,745 [INFO] PluginManager:220 - loadIPPluginJar : add gpio
2025-06-11 17:26:47,746 [INFO] IPUIPlugin:80 - create IPUIPlugin
2025-06-11 17:26:47,746 [INFO] PluginManager:220 - loadIPPluginJar : add ddr_ctrl_phy
2025-06-11 17:26:47,750 [INFO] IPUIPlugin:80 - create IPUIPlugin
2025-06-11 17:26:47,750 [INFO] PluginManager:220 - loadIPPluginJar : add freertos
2025-06-11 17:26:47,753 [INFO] IPUIPlugin:80 - create IPUIPlugin
2025-06-11 17:26:47,753 [INFO] PluginManager:220 - loadIPPluginJar : add nvic
2025-06-11 17:26:47,758 [INFO] IPUIPlugin:80 - create IPUIPlugin
2025-06-11 17:26:47,758 [INFO] PluginManager:220 - loadIPPluginJar : add adc
2025-06-11 17:26:47,761 [INFO] IPUIPlugin:80 - create IPUIPlugin
2025-06-11 17:26:47,761 [INFO] PluginManager:220 - loadIPPluginJar : add gic
2025-06-11 17:26:47,764 [INFO] IPUIPlugin:80 - create IPUIPlugin
2025-06-11 17:26:47,766 [INFO] PluginManager:220 - loadIPPluginJar : add plateformsettings
2025-06-11 17:26:47,767 [INFO] IPUIPlugin:80 - create IPUIPlugin
2025-06-11 17:26:47,767 [INFO] PluginManager:220 - loadIPPluginJar : add dfsdm
2025-06-11 17:26:47,768 [INFO] IPUIPlugin:80 - create IPUIPlugin
2025-06-11 17:26:47,769 [INFO] PluginManager:220 - loadIPPluginJar : add pdm2pcm
2025-06-11 17:26:47,769 [INFO] IPUIPlugin:80 - create IPUIPlugin
2025-06-11 17:26:47,769 [INFO] PluginManager:220 - loadIPPluginJar : add ucpd
2025-06-11 17:26:47,771 [INFO] IPUIPlugin:80 - create IPUIPlugin
2025-06-11 17:26:47,771 [INFO] PluginManager:220 - loadIPPluginJar : add ipddr
2025-06-11 17:26:47,772 [INFO] IPUIPlugin:80 - create IPUIPlugin
2025-06-11 17:26:47,773 [INFO] PluginManager:220 - loadIPPluginJar : add aes
2025-06-11 17:26:47,774 [INFO] IPUIPlugin:80 - create IPUIPlugin
2025-06-11 17:26:47,774 [INFO] PluginManager:220 - loadIPPluginJar : add openamp
2025-06-11 17:26:47,775 [INFO] IPUIPlugin:80 - create IPUIPlugin
2025-06-11 17:26:47,775 [INFO] PluginManager:220 - loadIPPluginJar : add tim
2025-06-11 17:26:47,776 [INFO] IPUIPlugin:80 - create IPUIPlugin
2025-06-11 17:26:47,776 [INFO] PluginManager:220 - loadIPPluginJar : add lorawan
2025-06-11 17:26:47,777 [INFO] IPUIPlugin:80 - create IPUIPlugin
2025-06-11 17:26:47,778 [INFO] PluginManager:220 - loadIPPluginJar : add cryp
2025-06-11 17:26:47,780 [INFO] IPUIPlugin:80 - create IPUIPlugin
2025-06-11 17:26:47,780 [INFO] PluginManager:220 - loadIPPluginJar : add fmc
2025-06-11 17:26:47,783 [INFO] IPUIPlugin:80 - create IPUIPlugin
2025-06-11 17:26:47,783 [INFO] PluginManager:220 - loadIPPluginJar : add mdma
2025-06-11 17:26:47,784 [INFO] IPUIPlugin:80 - create IPUIPlugin
2025-06-11 17:26:47,785 [INFO] PluginManager:220 - loadIPPluginJar : add extmemmanager
2025-06-11 17:26:47,786 [INFO] IPUIPlugin:80 - create IPUIPlugin
2025-06-11 17:26:47,786 [INFO] PluginManager:220 - loadIPPluginJar : add usart
2025-06-11 17:26:47,787 [INFO] IPUIPlugin:80 - create IPUIPlugin
2025-06-11 17:26:47,787 [INFO] PluginManager:220 - loadIPPluginJar : add opamp
2025-06-11 17:26:47,788 [INFO] IPUIPlugin:80 - create IPUIPlugin
2025-06-11 17:26:47,788 [INFO] PluginManager:220 - loadIPPluginJar : add radio
2025-06-11 17:26:47,789 [INFO] IPUIPlugin:80 - create IPUIPlugin
2025-06-11 17:26:47,789 [INFO] PluginManager:220 - loadIPPluginJar : add spi
2025-06-11 17:26:47,792 [INFO] IPUIPlugin:80 - create IPUIPlugin
2025-06-11 17:26:47,792 [INFO] PluginManager:220 - loadIPPluginJar : add stm32_wpan
2025-06-11 17:26:47,793 [INFO] IPUIPlugin:80 - create IPUIPlugin
2025-06-11 17:26:47,793 [INFO] PluginManager:220 - loadIPPluginJar : add quadspi
2025-06-11 17:26:47,793 [INFO] IPUIPlugin:80 - create IPUIPlugin
2025-06-11 17:26:47,793 [INFO] PluginManager:220 - loadIPPluginJar : add genericplugin
2025-06-11 17:26:47,796 [INFO] IPUIPlugin:80 - create IPUIPlugin
2025-06-11 17:26:47,796 [INFO] PluginManager:220 - loadIPPluginJar : add dma
2025-06-11 17:26:47,797 [INFO] IPUIPlugin:80 - create IPUIPlugin
2025-06-11 17:26:47,797 [INFO] PluginManager:220 - loadIPPluginJar : add gfxmmu
2025-06-11 17:26:47,798 [INFO] IPUIPlugin:80 - create IPUIPlugin
2025-06-11 17:26:47,799 [INFO] PluginManager:220 - loadIPPluginJar : add gtzc
2025-06-11 17:26:47,800 [INFO] IPUIPlugin:80 - create IPUIPlugin
2025-06-11 17:26:47,800 [INFO] PluginManager:220 - loadIPPluginJar : add i3c
2025-06-11 17:26:47,801 [INFO] IPUIPlugin:80 - create IPUIPlugin
2025-06-11 17:26:47,801 [INFO] PluginManager:220 - loadIPPluginJar : add i2c
2025-06-11 17:26:47,802 [INFO] IPUIPlugin:80 - create IPUIPlugin
2025-06-11 17:26:47,802 [INFO] PluginManager:220 - loadIPPluginJar : add ltdc
2025-06-11 17:26:47,802 [INFO] IPUIPlugin:80 - create IPUIPlugin
2025-06-11 17:26:47,802 [INFO] PluginManager:220 - loadIPPluginJar : add fatfs
2025-06-11 17:26:47,803 [INFO] IPUIPlugin:80 - create IPUIPlugin
2025-06-11 17:26:47,803 [INFO] PluginManager:220 - loadIPPluginJar : add tracer_emb
2025-06-11 17:26:47,805 [INFO] IPUIPlugin:80 - create IPUIPlugin
2025-06-11 17:26:47,805 [INFO] PluginManager:220 - loadIPPluginJar : add touchsensing
2025-06-11 17:26:47,806 [INFO] IPUIPlugin:80 - create IPUIPlugin
2025-06-11 17:26:47,806 [INFO] PluginManager:220 - loadIPPluginJar : add resmgrutility
2025-06-11 17:26:47,807 [INFO] IPUIPlugin:80 - create IPUIPlugin
2025-06-11 17:26:47,807 [INFO] PluginManager:220 - loadIPPluginJar : add ts
2025-06-11 17:26:47,895 [FATAL] Updater:351 - Updater called before beeing initialized
2025-06-11 17:26:47,912 [INFO] RulesReader:64 - Compatibility file has been processed (302 Rules)
2025-06-11 17:26:47,918 [INFO] RulesReader:64 - Compatibility file has been processed (302 Rules)
2025-06-11 17:26:47,923 [INFO] CADModel:165 - CPN selected for project level
2025-06-11 17:26:47,923 [INFO] CADModel:114 - Register for checkConnection events
2025-06-11 17:26:47,924 [FATAL] Updater:351 - Updater called before beeing initialized
2025-06-11 17:26:47,924 [ERROR] CADModel:125 - Updater not yet initialized, retry later 
2025-06-11 17:26:48,006 [FATAL] Updater:351 - Updater called before beeing initialized
2025-06-11 17:26:48,007 [INFO] CADModel:165 - CPN selected for project level
2025-06-11 17:26:48,007 [INFO] CADModel:114 - Register for checkConnection events
2025-06-11 17:26:48,008 [FATAL] Updater:351 - Updater called before beeing initialized
2025-06-11 17:26:48,008 [ERROR] CADModel:125 - Updater not yet initialized, retry later 
2025-06-11 17:26:48,010 [FATAL] Updater:351 - Updater called before beeing initialized
2025-06-11 17:26:48,058 [FATAL] Updater:351 - Updater called before beeing initialized
2025-06-11 17:26:48,060 [INFO] DbMcusAds:53 - JSON generation date=Wed May 07 14:37:55 IST 2025 (1746608875484)
2025-06-11 17:26:48,061 [FATAL] Updater:351 - Updater called before beeing initialized
2025-06-11 17:26:48,080 [WARN] DetailPanel:346 - Failed to get advertising image, set to default
2025-06-11 17:26:48,211 [FATAL] Updater:351 - Updater called before beeing initialized
2025-06-11 17:26:48,212 [FATAL] Updater:351 - Updater called before beeing initialized
2025-06-11 17:26:48,212 [FATAL] Updater:351 - Updater called before beeing initialized
2025-06-11 17:26:48,212 [WARN] DetailPanel:346 - Failed to get advertising image, set to default
2025-06-11 17:26:48,213 [FATAL] Updater:351 - Updater called before beeing initialized
2025-06-11 17:26:48,231 [ERROR] Updater:1198 - MainUpdater not yet initialized. External WinMGr cannot be set.
2025-06-11 17:26:48,232 [INFO] Updater:1134 - Updater Version found : 6.14.1
2025-06-11 17:26:48,245 [INFO] ApplicationProperties:184 - Using Application install path: /opt/st/stm32cubeide_1.18.1/plugins/com.st.stm32cube.common.mx_6.14.1.202504091515
2025-06-11 17:26:48,254 [ERROR] LogOutputStream:75 - [STDERR_REDIRECT] Jun 11, 2025 5:26:48 PM java.util.prefs.FileSystemPreferences$2 run
2025-06-11 17:26:48,255 [ERROR] LogOutputStream:75 - [STDERR_REDIRECT] WARNING: Could not create system preferences directory. System preferences are unusable.
2025-06-11 17:26:48,255 [ERROR] LogOutputStream:75 - [STDERR_REDIRECT] 
2025-06-11 17:26:48,513 [INFO] MainUpdater:2872 - connection check result : 10
2025-06-11 17:26:48,514 [INFO] MainUpdater:3566 - Updater definition file requires update
2025-06-11 17:26:48,514 [INFO] MainUpdater:289 - Updater Check For Update Now.
2025-06-11 17:26:48,514 [INFO] MicroXplorer:498 - Change Database Version : DB.6.0.141
2025-06-11 17:26:48,517 [INFO] McuFinderGlobals:63 - Set McuFinder mode to 2 (CubeIDE integrated)
2025-06-11 17:26:48,518 [INFO] UserAuth:484 - Internet connection configuration mode: 1
2025-06-11 17:26:48,528 [INFO] JxBrowserEngine:152 - Initiate JxBrowser Engine with user profile folder
2025-06-11 17:26:48,533 [INFO] ServerAccessManage:473 - Download File updaters.zip
2025-06-11 17:26:48,587 [INFO] FileExtend:242 - Unzip File : updaters.zip
2025-06-11 17:26:48,588 [INFO] FileExtend:257 - Standard Zip Deflate
2025-06-11 17:26:48,691 [INFO] ServerAccessManage:473 - Download File PacksControlFlags.xml
2025-06-11 17:26:48,727 [INFO] ServerAccessManage:473 - Download File cubemx.pidx
2025-06-11 17:26:49,101 [INFO] ServerAccessManage:473 - Download File STMicroelectronics.X-CUBE-MEMS1.pdsc
2025-06-11 17:26:49,123 [INFO] WebApp:169 - Instantiating new browser for Auth
2025-06-11 17:26:49,553 [INFO] WebApp:463 - Apply proxy settings
2025-06-11 17:26:49,553 [INFO] WebApp:548 - Chromium requires no authentication
2025-06-11 17:26:49,558 [INFO] WebApp:491 - Direct internet connection detected
2025-06-11 17:26:49,568 [INFO] WebApp:894 - Register for checkConnection events
2025-06-11 17:26:49,568 [INFO] WebApp:463 - Apply proxy settings
2025-06-11 17:26:49,568 [INFO] WebApp:548 - Chromium requires no authentication
2025-06-11 17:26:49,568 [INFO] WebApp:491 - Direct internet connection detected
2025-06-11 17:26:49,641 [INFO] WebApp:225 - Starting web application
2025-06-11 17:26:49,641 [INFO] WebApp:593 - Web application path used /opt/st/stm32cubeide_1.18.1/plugins/com.st.stm32cube.common.mx_6.14.1.202504091515/db/plugins/mcufinder/reactClient1/index.html
2025-06-11 17:26:49,932 [INFO] WebApp:191 - Connection restablished
2025-06-11 17:26:50,366 [INFO] UserAuth:484 - Internet connection configuration mode: 1
2025-06-11 17:26:50,468 [WARN] MainUpdater:1193 - Updater busy. Cannot search thirdparties
2025-06-11 17:26:50,469 [INFO] ThirdPartyUpdaterWithRetryManager:96 - Updater plugin is busy. [1/15]
2025-06-11 17:26:51,162 [WARN] PackLoader:240 - Cannot read IP mode file for STMicroelectronics.X-CUBE-MEMS1.11.3.0
2025-06-11 17:26:51,241 [INFO] CheckServerUpdateThread:120 - End of CheckServer Thread
2025-06-11 17:26:51,260 [INFO] PopulateThirdPartyThread:66 - Ending populate Thread
2025-06-11 17:26:51,261 [INFO] ThirdParty:1030 - CMSIS Pack Vendor :STMicroelectronics X-CUBE-MEMS1 11.3.0
2025-06-11 17:26:51,261 [INFO] LoadServerUpdatesThread:375 - End of LoadServerUpdate Thread
2025-06-11 17:26:53,556 [WARN] PackLoader:240 - Cannot read IP mode file for STMicroelectronics.FP-SNS-MOTENVWB1.1.4.0
2025-06-11 17:26:53,559 [WARN] PackLoader:240 - Cannot read IP mode file for STMicroelectronics.FP-ATR-ASTRA1.2.0.2
2025-06-11 17:26:53,562 [WARN] PackLoader:240 - Cannot read IP mode file for STMicroelectronics.X-CUBE-SMBUS.2.1.0
2025-06-11 17:26:53,565 [WARN] PackLoader:240 - Cannot read IP mode file for STMicroelectronics.X-CUBE-ST60.1.0.0
2025-06-11 17:26:53,574 [WARN] PackLoader:240 - Cannot read IP mode file for STMicroelectronics.X-CUBE-AZRTOS-F7.1.1.0
2025-06-11 17:26:53,582 [WARN] PackLoader:240 - Cannot read IP mode file for Infineon.AIROC-Wi-Fi-Bluetooth-STM32.1.7.0
2025-06-11 17:26:53,586 [WARN] PackLoader:240 - Cannot read IP mode file for STMicroelectronics.X-CUBE-DISPLAY.3.0.0
2025-06-11 17:26:53,589 [WARN] PackLoader:240 - Cannot read IP mode file for STMicroelectronics.X-CUBE-NFC10.1.0.0
2025-06-11 17:26:53,592 [WARN] PackLoader:240 - Cannot read IP mode file for STMicroelectronics.X-CUBE-BLEMGR.4.0.0
2025-06-11 17:26:53,595 [WARN] PackLoader:240 - Cannot read IP mode file for emotas.I-CUBE-CANOPEN.1.3.0
2025-06-11 17:26:53,596 [WARN] ConditionMgr:438 - getConditionDescription Invalid condition id : Cortex-A Device cause : null
2025-06-11 17:26:53,600 [WARN] ConditionMgr:1044 - genDependencies : Invalid condition id : Cortex-A Device cause : null
2025-06-11 17:26:53,600 [WARN] ConditionMgr:1044 - genDependencies : Invalid condition id : Cortex-A Device cause : null
2025-06-11 17:26:53,600 [WARN] ConditionMgr:1044 - genDependencies : Invalid condition id : Cortex-A Device cause : null
2025-06-11 17:26:53,601 [WARN] PackLoader:240 - Cannot read IP mode file for STMicroelectronics.X-CUBE-AI.10.0.0
2025-06-11 17:26:53,603 [WARN] PackLoader:240 - Cannot read IP mode file for STMicroelectronics.FP-SNS-SMARTAG2.1.2.0
2025-06-11 17:26:53,604 [WARN] PackLoader:240 - Cannot read IP mode file for STMicroelectronics.FP-SNS-FLIGHT1.5.1.0
2025-06-11 17:26:53,607 [INFO] LogOutputStream:77 - [STDOUT_REDIRECT] 1 : Invalid condition id : UX_CORESTACK_Condition cause : null
2025-06-11 17:26:53,607 [INFO] LogOutputStream:77 - [STDOUT_REDIRECT] 1 : Invalid condition id : UX_CORESTACK_Condition cause : null
2025-06-11 17:26:53,607 [INFO] LogOutputStream:77 - [STDOUT_REDIRECT] 1 : Invalid condition id : UX_CORESTACK_Condition cause : null
2025-06-11 17:26:53,608 [INFO] LogOutputStream:77 - [STDOUT_REDIRECT] 1 : Invalid condition id : UX_CORESTACK_Condition cause : null
2025-06-11 17:26:53,608 [INFO] LogOutputStream:77 - [STDOUT_REDIRECT] 1 : Invalid condition id : UX_CORESTACK_Condition cause : null
2025-06-11 17:26:53,609 [WARN] PackLoader:240 - Cannot read IP mode file for STMicroelectronics.X-CUBE-AZRTOS-WL.2.0.0
2025-06-11 17:26:53,611 [WARN] PackLoader:240 - Cannot read IP mode file for STMicroelectronics.FP-SNS-MOTENV1.5.0.0
2025-06-11 17:26:53,614 [WARN] PackLoader:240 - Cannot read IP mode file for WES.I-CUBE-Cesium.1.3.0
2025-06-11 17:26:53,616 [WARN] PackLoader:240 - Cannot read IP mode file for STMicroelectronics.X-CUBE-BLE2.3.3.0
2025-06-11 17:26:53,619 [WARN] PackLoader:240 - Cannot read IP mode file for STMicroelectronics.X-CUBE-NFC9.1.0.0
2025-06-11 17:26:53,621 [WARN] PackLoader:240 - Cannot read IP mode file for wolfSSL.I-CUBE-wolfSSL.5.8.0
2025-06-11 17:26:53,623 [WARN] PackLoader:240 - Cannot read IP mode file for STMicroelectronics.X-CUBE-BLE1.7.1.0
2025-06-11 17:26:53,624 [WARN] PackLoader:240 - Cannot read IP mode file for wolfSSL.I-CUBE-wolfMQTT.1.19.2
2025-06-11 17:26:53,625 [WARN] PackLoader:240 - Cannot read IP mode file for STMicroelectronics.X-CUBE-AI.10.1.0
2025-06-11 17:26:53,641 [WARN] PackLoader:240 - Cannot read IP mode file for STMicroelectronics.X-CUBE-MEMS1.11.2.0
2025-06-11 17:26:53,703 [WARN] PackLoader:240 - Cannot read IP mode file for STMicroelectronics.X-CUBE-AZRTOS-G0.1.1.0
2025-06-11 17:26:53,706 [WARN] PackLoader:240 - Cannot read IP mode file for STMicroelectronics.X-CUBE-SAFEA1.1.2.2
2025-06-11 17:26:53,708 [WARN] PackLoader:240 - Cannot read IP mode file for STMicroelectronics.X-CUBE-NFC4.3.0.0
2025-06-11 17:26:53,712 [WARN] PackLoader:240 - Cannot read IP mode file for EmbeddedOffice.I-CUBE-FS-RTOS.1.0.1
2025-06-11 17:26:53,715 [WARN] PackLoader:240 - Cannot read IP mode file for STMicroelectronics.X-CUBE-WB05N.2.0.0
2025-06-11 17:26:53,717 [WARN] PackLoader:240 - Cannot read IP mode file for wolfSSL.I-CUBE-wolfTPM.3.8.0
2025-06-11 17:26:53,720 [WARN] PackLoader:240 - Cannot read IP mode file for STMicroelectronics.X-CUBE-TCPP.4.2.0
2025-06-11 17:26:53,722 [WARN] PackLoader:240 - Cannot read IP mode file for RealThread.X-CUBE-RT-Thread_Nano.4.1.1
2025-06-11 17:26:53,724 [WARN] PackLoader:240 - Cannot read IP mode file for STMicroelectronics.FP-ATR-SIGFOX1.3.2.0
2025-06-11 17:26:53,727 [WARN] PackLoader:240 - Cannot read IP mode file for STMicroelectronics.X-CUBE-EEPRMA1.5.1.0
2025-06-11 17:26:53,730 [WARN] PackLoader:240 - Cannot read IP mode file for ITTIA_DB.I-CUBE-ITTIADB.8.9.0
2025-06-11 17:26:53,733 [WARN] PackLoader:240 - Cannot read IP mode file for STMicroelectronics.X-CUBE-ST67W61.1.0.0
2025-06-11 17:26:53,744 [WARN] PackLoader:240 - Cannot read IP mode file for SEGGER.I-CUBE-embOS.1.3.1
2025-06-11 17:26:53,772 [WARN] PackLoader:240 - Cannot read IP mode file for STMicroelectronics.X-CUBE-ALGOBUILD.1.4.0
2025-06-11 17:26:53,826 [WARN] PackLoader:240 - Cannot read IP mode file for STMicroelectronics.X-CUBE-MEMS1.11.3.0
2025-06-11 17:26:53,899 [WARN] PackLoader:240 - Cannot read IP mode file for STMicroelectronics.X-CUBE-AZRTOS-F4.1.1.0
2025-06-11 17:26:53,901 [WARN] PackLoader:240 - Cannot read IP mode file for Avnet-IotConnect.X-CUBE-IoTC-DA16k-PMOD.1.0.0
2025-06-11 17:26:53,903 [WARN] PackLoader:240 - Cannot read IP mode file for STMicroelectronics.X-CUBE-ISPU.2.1.0
2025-06-11 17:26:53,908 [WARN] PackLoader:240 - Cannot read IP mode file for STMicroelectronics.X-CUBE-AZRTOS-L5.2.0.0
2025-06-11 17:26:53,911 [WARN] PackLoader:240 - Cannot read IP mode file for STMicroelectronics.X-CUBE-NFC6.3.1.0
2025-06-11 17:26:53,914 [WARN] PackLoader:240 - Cannot read IP mode file for STMicroelectronics.X-CUBE-FREERTOS.1.3.1
2025-06-11 17:26:53,917 [WARN] PackLoader:240 - Cannot read IP mode file for STMicroelectronics.X-CUBE-DPower.1.3.0
2025-06-11 17:26:53,923 [WARN] ConditionMgr:438 - getConditionDescription Invalid condition id : LAN8742 Phy interface Condition cause : null
2025-06-11 17:26:53,924 [WARN] PackLoader:240 - Cannot read IP mode file for STMicroelectronics.X-CUBE-AZRTOS-L4.2.0.0
2025-06-11 17:26:53,924 [WARN] ConditionMgr:1044 - genDependencies : Invalid condition id : LAN8742 Phy interface Condition cause : null
2025-06-11 17:26:53,924 [WARN] ConditionMgr:1044 - genDependencies : Invalid condition id : LAN8742 Phy interface Condition cause : null
2025-06-11 17:26:53,924 [WARN] ConditionMgr:1044 - genDependencies : Invalid condition id : LAN8742 Phy interface Condition cause : null
2025-06-11 17:26:53,928 [WARN] PackLoader:240 - Cannot read IP mode file for STMicroelectronics.X-CUBE-SFXS2LP1.4.0.0
2025-06-11 17:26:53,936 [WARN] PackLoader:240 - Cannot read IP mode file for STMicroelectronics.X-CUBE-AZRTOS-H7.3.3.0
2025-06-11 17:26:53,942 [WARN] ConditionMgr:438 - getConditionDescription Invalid condition id : UX DEVICE CLASS RTOS Condition cause : null
2025-06-11 17:26:53,942 [WARN] ConditionMgr:438 - getConditionDescription Invalid condition id : UX DEVICE CLASS RTOS Condition cause : null
2025-06-11 17:26:53,942 [WARN] PackLoader:240 - Cannot read IP mode file for STMicroelectronics.X-CUBE-AZRTOS-WB.2.0.0
2025-06-11 17:26:53,943 [WARN] ConditionMgr:1044 - genDependencies : Invalid condition id : UX DEVICE CLASS RTOS Condition cause : null
2025-06-11 17:26:53,943 [WARN] ConditionMgr:1044 - genDependencies : Invalid condition id : UX DEVICE CLASS RTOS Condition cause : null
2025-06-11 17:26:53,943 [WARN] ConditionMgr:1044 - genDependencies : Invalid condition id : UX DEVICE CLASS RTOS Condition cause : null
2025-06-11 17:26:53,943 [WARN] ConditionMgr:1044 - genDependencies : Invalid condition id : UX DEVICE CLASS RTOS Condition cause : null
2025-06-11 17:26:53,943 [WARN] ConditionMgr:1044 - genDependencies : Invalid condition id : UX DEVICE CLASS RTOS Condition cause : null
2025-06-11 17:26:53,946 [WARN] PackLoader:240 - Cannot read IP mode file for STMicroelectronics.X-CUBE-GNSS1.7.0.1
2025-06-11 17:26:53,948 [WARN] PackLoader:240 - Cannot read IP mode file for STMicroelectronics.X-CUBE-TOUCHGFX.4.25.0
2025-06-11 17:26:53,951 [WARN] PackLoader:240 - Cannot read IP mode file for STMicroelectronics.FP-SNS-STBOX1.2.0.0
2025-06-11 17:26:53,955 [WARN] PackLoader:240 - Cannot read IP mode file for STMicroelectronics.X-CUBE-SUBG2.5.0.0
2025-06-11 17:26:53,963 [WARN] PackLoader:240 - Cannot read IP mode file for STMicroelectronics.X-CUBE-AZRTOS-H7RS.1.1.0
2025-06-11 17:26:53,966 [WARN] PackLoader:240 - Cannot read IP mode file for Cesanta.I-CUBE-Mongoose.7.13.0
2025-06-11 17:26:53,971 [WARN] PackLoader:240 - Cannot read IP mode file for STMicroelectronics.X-CUBE-AZRTOS-G4.2.0.0
2025-06-11 17:26:53,973 [WARN] PackLoader:240 - Cannot read IP mode file for wolfSSL.I-CUBE-wolfSSH.1.4.20
2025-06-11 17:26:53,975 [WARN] PackLoader:240 - Cannot read IP mode file for STMicroelectronics.X-CUBE-NFC7.2.0.0
2025-06-11 17:26:53,979 [WARN] PackLoader:240 - Cannot read IP mode file for STMicroelectronics.X-CUBE-IPS.3.1.0
2025-06-11 17:26:53,983 [WARN] PackLoader:240 - Cannot read IP mode file for STMicroelectronics.X-CUBE-ALS.1.0.2
2025-06-11 17:26:53,986 [WARN] PackLoader:240 - Cannot read IP mode file for portGmbH.I-Cube-SoM-uGOAL.1.1.0
2025-06-11 17:26:53,990 [WARN] PackLoader:240 - Cannot read IP mode file for STMicroelectronics.X-CUBE-TOF1.3.4.3
2025-06-11 17:26:53,994 [INFO] ThirdParty:978 - Integrity check success = true
2025-06-11 17:26:53,994 [INFO] IntegrityCheckThread:100 - exiting critical section [integrity check]
2025-06-11 17:26:53,994 [INFO] IntegrityCheckThread:103 - End integrity checks thread
2025-06-11 17:27:16,047 [ERROR] LogOutputStream:75 - [STDERR_REDIRECT] Jun 11, 2025 5:27:16 PM java.util.prefs.FileSystemPreferences checkLockFile0ErrorCode
2025-06-11 17:27:16,048 [ERROR] LogOutputStream:75 - [STDERR_REDIRECT] WARNING: Could not lock System prefs. Unix error code 2.
2025-06-11 17:27:16,048 [ERROR] LogOutputStream:75 - [STDERR_REDIRECT] 
2025-06-11 17:27:16,049 [ERROR] LogOutputStream:75 - [STDERR_REDIRECT] Jun 11, 2025 5:27:16 PM java.util.prefs.FileSystemPreferences syncWorld
2025-06-11 17:27:16,049 [ERROR] LogOutputStream:75 - [STDERR_REDIRECT] WARNING: Couldn't flush system prefs: java.util.prefs.BackingStoreException: Couldn't get file lock.
2025-06-11 17:27:16,049 [ERROR] LogOutputStream:75 - [STDERR_REDIRECT] 
2025-06-11 17:27:30,736 [ERROR] LogOutputStream:75 - [STDERR_REDIRECT] 
