2025-06-13 00:00:29,408 [ERROR] LogOutputStream:75 - [STDERR_REDIRECT] Jun 13, 2025 12:00:29 AM java.util.prefs.FileSystemPreferences checkLockFile0ErrorCode
2025-06-13 00:00:29,410 [ERROR] LogOutputStream:75 - [STDERR_REDIRECT] WARNING: Could not lock System prefs. Unix error code 2.
2025-06-13 00:00:29,410 [ERROR] LogOutputStream:75 - [STDERR_REDIRECT] 
2025-06-13 00:00:29,411 [ERROR] LogOutputStream:75 - [STDERR_REDIRECT] Jun 13, 2025 12:00:29 AM java.util.prefs.FileSystemPreferences syncWorld
2025-06-13 00:00:29,411 [ERROR] LogOutputStream:75 - [STDERR_REDIRECT] WARNING: Couldn't flush system prefs: java.util.prefs.BackingStoreException: Couldn't get file lock.
2025-06-13 00:00:29,411 [ERROR] LogOutputStream:75 - [STDERR_REDIRECT] 
2025-06-13 00:00:59,407 [ERROR] LogOutputStream:75 - [STDERR_REDIRECT] Jun 13, 2025 12:00:59 AM java.util.prefs.FileSystemPreferences checkLockFile0ErrorCode
2025-06-13 00:00:59,408 [ERROR] LogOutputStream:75 - [STDERR_REDIRECT] WARNING: Could not lock System prefs. Unix error code 2.
2025-06-13 00:00:59,408 [ERROR] LogOutputStream:75 - [STDERR_REDIRECT] 
2025-06-13 00:00:59,408 [ERROR] LogOutputStream:75 - [STDERR_REDIRECT] Jun 13, 2025 12:00:59 AM java.util.prefs.FileSystemPreferences syncWorld
2025-06-13 00:00:59,408 [ERROR] LogOutputStream:75 - [STDERR_REDIRECT] WARNING: Couldn't flush system prefs: java.util.prefs.BackingStoreException: Couldn't get file lock.
2025-06-13 00:00:59,408 [ERROR] LogOutputStream:75 - [STDERR_REDIRECT] 
2025-06-13 00:01:29,407 [ERROR] LogOutputStream:75 - [STDERR_REDIRECT] Jun 13, 2025 12:01:29 AM java.util.prefs.FileSystemPreferences checkLockFile0ErrorCode
2025-06-13 00:01:29,408 [ERROR] LogOutputStream:75 - [STDERR_REDIRECT] WARNING: Could not lock System prefs. Unix error code 2.
2025-06-13 00:01:29,408 [ERROR] LogOutputStream:75 - [STDERR_REDIRECT] 
2025-06-13 00:01:29,409 [ERROR] LogOutputStream:75 - [STDERR_REDIRECT] Jun 13, 2025 12:01:29 AM java.util.prefs.FileSystemPreferences syncWorld
2025-06-13 00:01:29,409 [ERROR] LogOutputStream:75 - [STDERR_REDIRECT] WARNING: Couldn't flush system prefs: java.util.prefs.BackingStoreException: Couldn't get file lock.
2025-06-13 00:01:29,409 [ERROR] LogOutputStream:75 - [STDERR_REDIRECT] 
2025-06-13 00:01:59,408 [ERROR] LogOutputStream:75 - [STDERR_REDIRECT] Jun 13, 2025 12:01:59 AM java.util.prefs.FileSystemPreferences checkLockFile0ErrorCode
2025-06-13 00:01:59,408 [ERROR] LogOutputStream:75 - [STDERR_REDIRECT] WARNING: Could not lock System prefs. Unix error code 2.
2025-06-13 00:01:59,409 [ERROR] LogOutputStream:75 - [STDERR_REDIRECT] 
2025-06-13 00:01:59,409 [ERROR] LogOutputStream:75 - [STDERR_REDIRECT] Jun 13, 2025 12:01:59 AM java.util.prefs.FileSystemPreferences syncWorld
2025-06-13 00:01:59,409 [ERROR] LogOutputStream:75 - [STDERR_REDIRECT] WARNING: Couldn't flush system prefs: java.util.prefs.BackingStoreException: Couldn't get file lock.
2025-06-13 00:01:59,409 [ERROR] LogOutputStream:75 - [STDERR_REDIRECT] 
2025-06-13 00:02:29,408 [ERROR] LogOutputStream:75 - [STDERR_REDIRECT] Jun 13, 2025 12:02:29 AM java.util.prefs.FileSystemPreferences checkLockFile0ErrorCode
2025-06-13 00:02:29,408 [ERROR] LogOutputStream:75 - [STDERR_REDIRECT] WARNING: Could not lock System prefs. Unix error code 2.
2025-06-13 00:02:29,409 [ERROR] LogOutputStream:75 - [STDERR_REDIRECT] 
2025-06-13 00:02:29,409 [ERROR] LogOutputStream:75 - [STDERR_REDIRECT] Jun 13, 2025 12:02:29 AM java.util.prefs.FileSystemPreferences syncWorld
2025-06-13 00:02:29,409 [ERROR] LogOutputStream:75 - [STDERR_REDIRECT] WARNING: Couldn't flush system prefs: java.util.prefs.BackingStoreException: Couldn't get file lock.
2025-06-13 00:02:29,409 [ERROR] LogOutputStream:75 - [STDERR_REDIRECT] 
2025-06-13 00:02:59,409 [ERROR] LogOutputStream:75 - [STDERR_REDIRECT] Jun 13, 2025 12:02:59 AM java.util.prefs.FileSystemPreferences checkLockFile0ErrorCode
2025-06-13 00:02:59,410 [ERROR] LogOutputStream:75 - [STDERR_REDIRECT] WARNING: Could not lock System prefs. Unix error code 2.
2025-06-13 00:02:59,410 [ERROR] LogOutputStream:75 - [STDERR_REDIRECT] 
2025-06-13 00:02:59,410 [ERROR] LogOutputStream:75 - [STDERR_REDIRECT] Jun 13, 2025 12:02:59 AM java.util.prefs.FileSystemPreferences syncWorld
2025-06-13 00:02:59,411 [ERROR] LogOutputStream:75 - [STDERR_REDIRECT] WARNING: Couldn't flush system prefs: java.util.prefs.BackingStoreException: Couldn't get file lock.
2025-06-13 00:02:59,411 [ERROR] LogOutputStream:75 - [STDERR_REDIRECT] 
2025-06-13 00:03:29,410 [ERROR] LogOutputStream:75 - [STDERR_REDIRECT] Jun 13, 2025 12:03:29 AM java.util.prefs.FileSystemPreferences checkLockFile0ErrorCode
2025-06-13 00:03:29,411 [ERROR] LogOutputStream:75 - [STDERR_REDIRECT] WARNING: Could not lock System prefs. Unix error code 2.
2025-06-13 00:03:29,411 [ERROR] LogOutputStream:75 - [STDERR_REDIRECT] 
2025-06-13 00:03:29,412 [ERROR] LogOutputStream:75 - [STDERR_REDIRECT] Jun 13, 2025 12:03:29 AM java.util.prefs.FileSystemPreferences syncWorld
2025-06-13 00:03:29,412 [ERROR] LogOutputStream:75 - [STDERR_REDIRECT] WARNING: Couldn't flush system prefs: java.util.prefs.BackingStoreException: Couldn't get file lock.
2025-06-13 00:03:29,412 [ERROR] LogOutputStream:75 - [STDERR_REDIRECT] 
2025-06-13 00:03:59,410 [ERROR] LogOutputStream:75 - [STDERR_REDIRECT] Jun 13, 2025 12:03:59 AM java.util.prefs.FileSystemPreferences checkLockFile0ErrorCode
2025-06-13 00:03:59,410 [ERROR] LogOutputStream:75 - [STDERR_REDIRECT] WARNING: Could not lock System prefs. Unix error code 2.
2025-06-13 00:03:59,410 [ERROR] LogOutputStream:75 - [STDERR_REDIRECT] 
2025-06-13 00:03:59,411 [ERROR] LogOutputStream:75 - [STDERR_REDIRECT] Jun 13, 2025 12:03:59 AM java.util.prefs.FileSystemPreferences syncWorld
2025-06-13 00:03:59,411 [ERROR] LogOutputStream:75 - [STDERR_REDIRECT] WARNING: Couldn't flush system prefs: java.util.prefs.BackingStoreException: Couldn't get file lock.
2025-06-13 00:03:59,411 [ERROR] LogOutputStream:75 - [STDERR_REDIRECT] 
2025-06-13 00:04:29,411 [ERROR] LogOutputStream:75 - [STDERR_REDIRECT] Jun 13, 2025 12:04:29 AM java.util.prefs.FileSystemPreferences checkLockFile0ErrorCode
2025-06-13 00:04:29,411 [ERROR] LogOutputStream:75 - [STDERR_REDIRECT] WARNING: Could not lock System prefs. Unix error code 2.
2025-06-13 00:04:29,411 [ERROR] LogOutputStream:75 - [STDERR_REDIRECT] 
2025-06-13 00:04:29,411 [ERROR] LogOutputStream:75 - [STDERR_REDIRECT] Jun 13, 2025 12:04:29 AM java.util.prefs.FileSystemPreferences syncWorld
2025-06-13 00:04:29,412 [ERROR] LogOutputStream:75 - [STDERR_REDIRECT] WARNING: Couldn't flush system prefs: java.util.prefs.BackingStoreException: Couldn't get file lock.
2025-06-13 00:04:29,412 [ERROR] LogOutputStream:75 - [STDERR_REDIRECT] 
2025-06-13 00:04:59,411 [ERROR] LogOutputStream:75 - [STDERR_REDIRECT] Jun 13, 2025 12:04:59 AM java.util.prefs.FileSystemPreferences checkLockFile0ErrorCode
2025-06-13 00:04:59,411 [ERROR] LogOutputStream:75 - [STDERR_REDIRECT] WARNING: Could not lock System prefs. Unix error code 2.
2025-06-13 00:04:59,411 [ERROR] LogOutputStream:75 - [STDERR_REDIRECT] 
2025-06-13 00:04:59,412 [ERROR] LogOutputStream:75 - [STDERR_REDIRECT] Jun 13, 2025 12:04:59 AM java.util.prefs.FileSystemPreferences syncWorld
2025-06-13 00:04:59,412 [ERROR] LogOutputStream:75 - [STDERR_REDIRECT] WARNING: Couldn't flush system prefs: java.util.prefs.BackingStoreException: Couldn't get file lock.
2025-06-13 00:04:59,412 [ERROR] LogOutputStream:75 - [STDERR_REDIRECT] 
2025-06-13 00:05:29,411 [ERROR] LogOutputStream:75 - [STDERR_REDIRECT] Jun 13, 2025 12:05:29 AM java.util.prefs.FileSystemPreferences checkLockFile0ErrorCode
2025-06-13 00:05:29,412 [ERROR] LogOutputStream:75 - [STDERR_REDIRECT] WARNING: Could not lock System prefs. Unix error code 2.
2025-06-13 00:05:29,412 [ERROR] LogOutputStream:75 - [STDERR_REDIRECT] 
2025-06-13 00:05:29,413 [ERROR] LogOutputStream:75 - [STDERR_REDIRECT] Jun 13, 2025 12:05:29 AM java.util.prefs.FileSystemPreferences syncWorld
2025-06-13 00:05:29,413 [ERROR] LogOutputStream:75 - [STDERR_REDIRECT] WARNING: Couldn't flush system prefs: java.util.prefs.BackingStoreException: Couldn't get file lock.
2025-06-13 00:05:29,413 [ERROR] LogOutputStream:75 - [STDERR_REDIRECT] 
2025-06-13 00:05:59,411 [ERROR] LogOutputStream:75 - [STDERR_REDIRECT] Jun 13, 2025 12:05:59 AM java.util.prefs.FileSystemPreferences checkLockFile0ErrorCode
2025-06-13 00:05:59,411 [ERROR] LogOutputStream:75 - [STDERR_REDIRECT] WARNING: Could not lock System prefs. Unix error code 2.
2025-06-13 00:05:59,411 [ERROR] LogOutputStream:75 - [STDERR_REDIRECT] 
2025-06-13 00:05:59,412 [ERROR] LogOutputStream:75 - [STDERR_REDIRECT] Jun 13, 2025 12:05:59 AM java.util.prefs.FileSystemPreferences syncWorld
2025-06-13 00:05:59,412 [ERROR] LogOutputStream:75 - [STDERR_REDIRECT] WARNING: Couldn't flush system prefs: java.util.prefs.BackingStoreException: Couldn't get file lock.
2025-06-13 00:05:59,412 [ERROR] LogOutputStream:75 - [STDERR_REDIRECT] 
2025-06-13 00:06:29,411 [ERROR] LogOutputStream:75 - [STDERR_REDIRECT] Jun 13, 2025 12:06:29 AM java.util.prefs.FileSystemPreferences checkLockFile0ErrorCode
2025-06-13 00:06:29,412 [ERROR] LogOutputStream:75 - [STDERR_REDIRECT] WARNING: Could not lock System prefs. Unix error code 2.
2025-06-13 00:06:29,412 [ERROR] LogOutputStream:75 - [STDERR_REDIRECT] 
2025-06-13 00:06:29,412 [ERROR] LogOutputStream:75 - [STDERR_REDIRECT] Jun 13, 2025 12:06:29 AM java.util.prefs.FileSystemPreferences syncWorld
2025-06-13 00:06:29,413 [ERROR] LogOutputStream:75 - [STDERR_REDIRECT] WARNING: Couldn't flush system prefs: java.util.prefs.BackingStoreException: Couldn't get file lock.
2025-06-13 00:06:29,413 [ERROR] LogOutputStream:75 - [STDERR_REDIRECT] 
2025-06-13 00:06:59,411 [ERROR] LogOutputStream:75 - [STDERR_REDIRECT] Jun 13, 2025 12:06:59 AM java.util.prefs.FileSystemPreferences checkLockFile0ErrorCode
2025-06-13 00:06:59,411 [ERROR] LogOutputStream:75 - [STDERR_REDIRECT] WARNING: Could not lock System prefs. Unix error code 2.
2025-06-13 00:06:59,412 [ERROR] LogOutputStream:75 - [STDERR_REDIRECT] 
2025-06-13 00:06:59,412 [ERROR] LogOutputStream:75 - [STDERR_REDIRECT] Jun 13, 2025 12:06:59 AM java.util.prefs.FileSystemPreferences syncWorld
2025-06-13 00:06:59,412 [ERROR] LogOutputStream:75 - [STDERR_REDIRECT] WARNING: Couldn't flush system prefs: java.util.prefs.BackingStoreException: Couldn't get file lock.
2025-06-13 00:06:59,412 [ERROR] LogOutputStream:75 - [STDERR_REDIRECT] 
2025-06-13 00:07:29,412 [ERROR] LogOutputStream:75 - [STDERR_REDIRECT] Jun 13, 2025 12:07:29 AM java.util.prefs.FileSystemPreferences checkLockFile0ErrorCode
2025-06-13 00:07:29,412 [ERROR] LogOutputStream:75 - [STDERR_REDIRECT] WARNING: Could not lock System prefs. Unix error code 2.
2025-06-13 00:07:29,412 [ERROR] LogOutputStream:75 - [STDERR_REDIRECT] 
2025-06-13 00:07:29,413 [ERROR] LogOutputStream:75 - [STDERR_REDIRECT] Jun 13, 2025 12:07:29 AM java.util.prefs.FileSystemPreferences syncWorld
2025-06-13 00:07:29,413 [ERROR] LogOutputStream:75 - [STDERR_REDIRECT] WARNING: Couldn't flush system prefs: java.util.prefs.BackingStoreException: Couldn't get file lock.
2025-06-13 00:07:29,413 [ERROR] LogOutputStream:75 - [STDERR_REDIRECT] 
2025-06-13 00:07:59,412 [ERROR] LogOutputStream:75 - [STDERR_REDIRECT] Jun 13, 2025 12:07:59 AM java.util.prefs.FileSystemPreferences checkLockFile0ErrorCode
2025-06-13 00:07:59,413 [ERROR] LogOutputStream:75 - [STDERR_REDIRECT] WARNING: Could not lock System prefs. Unix error code 2.
2025-06-13 00:07:59,413 [ERROR] LogOutputStream:75 - [STDERR_REDIRECT] 
2025-06-13 00:07:59,414 [ERROR] LogOutputStream:75 - [STDERR_REDIRECT] Jun 13, 2025 12:07:59 AM java.util.prefs.FileSystemPreferences syncWorld
2025-06-13 00:07:59,414 [ERROR] LogOutputStream:75 - [STDERR_REDIRECT] WARNING: Couldn't flush system prefs: java.util.prefs.BackingStoreException: Couldn't get file lock.
2025-06-13 00:07:59,414 [ERROR] LogOutputStream:75 - [STDERR_REDIRECT] 
2025-06-13 00:08:29,413 [ERROR] LogOutputStream:75 - [STDERR_REDIRECT] Jun 13, 2025 12:08:29 AM java.util.prefs.FileSystemPreferences checkLockFile0ErrorCode
2025-06-13 00:08:29,414 [ERROR] LogOutputStream:75 - [STDERR_REDIRECT] WARNING: Could not lock System prefs. Unix error code 2.
2025-06-13 00:08:29,414 [ERROR] LogOutputStream:75 - [STDERR_REDIRECT] 
2025-06-13 00:08:29,415 [ERROR] LogOutputStream:75 - [STDERR_REDIRECT] Jun 13, 2025 12:08:29 AM java.util.prefs.FileSystemPreferences syncWorld
2025-06-13 00:08:29,415 [ERROR] LogOutputStream:75 - [STDERR_REDIRECT] WARNING: Couldn't flush system prefs: java.util.prefs.BackingStoreException: Couldn't get file lock.
2025-06-13 00:08:29,415 [ERROR] LogOutputStream:75 - [STDERR_REDIRECT] 
2025-06-13 00:08:59,412 [ERROR] LogOutputStream:75 - [STDERR_REDIRECT] Jun 13, 2025 12:08:59 AM java.util.prefs.FileSystemPreferences checkLockFile0ErrorCode
2025-06-13 00:08:59,412 [ERROR] LogOutputStream:75 - [STDERR_REDIRECT] WARNING: Could not lock System prefs. Unix error code 2.
2025-06-13 00:08:59,412 [ERROR] LogOutputStream:75 - [STDERR_REDIRECT] 
2025-06-13 00:08:59,413 [ERROR] LogOutputStream:75 - [STDERR_REDIRECT] Jun 13, 2025 12:08:59 AM java.util.prefs.FileSystemPreferences syncWorld
2025-06-13 00:08:59,413 [ERROR] LogOutputStream:75 - [STDERR_REDIRECT] WARNING: Couldn't flush system prefs: java.util.prefs.BackingStoreException: Couldn't get file lock.
2025-06-13 00:08:59,413 [ERROR] LogOutputStream:75 - [STDERR_REDIRECT] 
2025-06-13 00:09:29,412 [ERROR] LogOutputStream:75 - [STDERR_REDIRECT] Jun 13, 2025 12:09:29 AM java.util.prefs.FileSystemPreferences checkLockFile0ErrorCode
2025-06-13 00:09:29,412 [ERROR] LogOutputStream:75 - [STDERR_REDIRECT] WARNING: Could not lock System prefs. Unix error code 2.
2025-06-13 00:09:29,412 [ERROR] LogOutputStream:75 - [STDERR_REDIRECT] 
2025-06-13 00:09:29,413 [ERROR] LogOutputStream:75 - [STDERR_REDIRECT] Jun 13, 2025 12:09:29 AM java.util.prefs.FileSystemPreferences syncWorld
2025-06-13 00:09:29,413 [ERROR] LogOutputStream:75 - [STDERR_REDIRECT] WARNING: Couldn't flush system prefs: java.util.prefs.BackingStoreException: Couldn't get file lock.
2025-06-13 00:09:29,413 [ERROR] LogOutputStream:75 - [STDERR_REDIRECT] 
2025-06-13 00:09:59,411 [ERROR] LogOutputStream:75 - [STDERR_REDIRECT] Jun 13, 2025 12:09:59 AM java.util.prefs.FileSystemPreferences checkLockFile0ErrorCode
2025-06-13 00:09:59,412 [ERROR] LogOutputStream:75 - [STDERR_REDIRECT] WARNING: Could not lock System prefs. Unix error code 2.
2025-06-13 00:09:59,412 [ERROR] LogOutputStream:75 - [STDERR_REDIRECT] 
2025-06-13 00:09:59,412 [ERROR] LogOutputStream:75 - [STDERR_REDIRECT] Jun 13, 2025 12:09:59 AM java.util.prefs.FileSystemPreferences syncWorld
2025-06-13 00:09:59,412 [ERROR] LogOutputStream:75 - [STDERR_REDIRECT] WARNING: Couldn't flush system prefs: java.util.prefs.BackingStoreException: Couldn't get file lock.
2025-06-13 00:09:59,412 [ERROR] LogOutputStream:75 - [STDERR_REDIRECT] 
2025-06-13 00:10:30,013 [ERROR] LogOutputStream:75 - [STDERR_REDIRECT] Jun 13, 2025 12:10:30 AM java.util.prefs.FileSystemPreferences checkLockFile0ErrorCode
2025-06-13 00:10:30,014 [ERROR] LogOutputStream:75 - [STDERR_REDIRECT] WARNING: Could not lock System prefs. Unix error code 2.
2025-06-13 00:10:30,014 [ERROR] LogOutputStream:75 - [STDERR_REDIRECT] 
2025-06-13 00:10:30,015 [ERROR] LogOutputStream:75 - [STDERR_REDIRECT] Jun 13, 2025 12:10:30 AM java.util.prefs.FileSystemPreferences syncWorld
2025-06-13 00:10:30,015 [ERROR] LogOutputStream:75 - [STDERR_REDIRECT] WARNING: Couldn't flush system prefs: java.util.prefs.BackingStoreException: Couldn't get file lock.
2025-06-13 00:10:30,015 [ERROR] LogOutputStream:75 - [STDERR_REDIRECT] 
2025-06-13 00:11:00,013 [ERROR] LogOutputStream:75 - [STDERR_REDIRECT] Jun 13, 2025 12:11:00 AM java.util.prefs.FileSystemPreferences checkLockFile0ErrorCode
2025-06-13 00:11:00,013 [ERROR] LogOutputStream:75 - [STDERR_REDIRECT] WARNING: Could not lock System prefs. Unix error code 2.
2025-06-13 00:11:00,013 [ERROR] LogOutputStream:75 - [STDERR_REDIRECT] 
2025-06-13 00:11:00,013 [ERROR] LogOutputStream:75 - [STDERR_REDIRECT] Jun 13, 2025 12:11:00 AM java.util.prefs.FileSystemPreferences syncWorld
2025-06-13 00:11:00,014 [ERROR] LogOutputStream:75 - [STDERR_REDIRECT] WARNING: Couldn't flush system prefs: java.util.prefs.BackingStoreException: Couldn't get file lock.
2025-06-13 00:11:00,014 [ERROR] LogOutputStream:75 - [STDERR_REDIRECT] 
2025-06-13 00:11:30,013 [ERROR] LogOutputStream:75 - [STDERR_REDIRECT] Jun 13, 2025 12:11:30 AM java.util.prefs.FileSystemPreferences checkLockFile0ErrorCode
2025-06-13 00:11:30,013 [ERROR] LogOutputStream:75 - [STDERR_REDIRECT] WARNING: Could not lock System prefs. Unix error code 2.
2025-06-13 00:11:30,013 [ERROR] LogOutputStream:75 - [STDERR_REDIRECT] 
2025-06-13 00:11:30,013 [ERROR] LogOutputStream:75 - [STDERR_REDIRECT] Jun 13, 2025 12:11:30 AM java.util.prefs.FileSystemPreferences syncWorld
2025-06-13 00:11:30,014 [ERROR] LogOutputStream:75 - [STDERR_REDIRECT] WARNING: Couldn't flush system prefs: java.util.prefs.BackingStoreException: Couldn't get file lock.
2025-06-13 00:11:30,014 [ERROR] LogOutputStream:75 - [STDERR_REDIRECT] 
2025-06-13 00:12:00,013 [ERROR] LogOutputStream:75 - [STDERR_REDIRECT] Jun 13, 2025 12:12:00 AM java.util.prefs.FileSystemPreferences checkLockFile0ErrorCode
2025-06-13 00:12:00,013 [ERROR] LogOutputStream:75 - [STDERR_REDIRECT] WARNING: Could not lock System prefs. Unix error code 2.
2025-06-13 00:12:00,013 [ERROR] LogOutputStream:75 - [STDERR_REDIRECT] 
2025-06-13 00:12:00,014 [ERROR] LogOutputStream:75 - [STDERR_REDIRECT] Jun 13, 2025 12:12:00 AM java.util.prefs.FileSystemPreferences syncWorld
2025-06-13 00:12:00,014 [ERROR] LogOutputStream:75 - [STDERR_REDIRECT] WARNING: Couldn't flush system prefs: java.util.prefs.BackingStoreException: Couldn't get file lock.
2025-06-13 00:12:00,014 [ERROR] LogOutputStream:75 - [STDERR_REDIRECT] 
2025-06-13 00:12:30,013 [ERROR] LogOutputStream:75 - [STDERR_REDIRECT] Jun 13, 2025 12:12:30 AM java.util.prefs.FileSystemPreferences checkLockFile0ErrorCode
2025-06-13 00:12:30,013 [ERROR] LogOutputStream:75 - [STDERR_REDIRECT] WARNING: Could not lock System prefs. Unix error code 2.
2025-06-13 00:12:30,013 [ERROR] LogOutputStream:75 - [STDERR_REDIRECT] 
2025-06-13 00:12:30,014 [ERROR] LogOutputStream:75 - [STDERR_REDIRECT] Jun 13, 2025 12:12:30 AM java.util.prefs.FileSystemPreferences syncWorld
2025-06-13 00:12:30,014 [ERROR] LogOutputStream:75 - [STDERR_REDIRECT] WARNING: Couldn't flush system prefs: java.util.prefs.BackingStoreException: Couldn't get file lock.
2025-06-13 00:12:30,014 [ERROR] LogOutputStream:75 - [STDERR_REDIRECT] 
2025-06-13 00:13:00,013 [ERROR] LogOutputStream:75 - [STDERR_REDIRECT] Jun 13, 2025 12:13:00 AM java.util.prefs.FileSystemPreferences checkLockFile0ErrorCode
2025-06-13 00:13:00,014 [ERROR] LogOutputStream:75 - [STDERR_REDIRECT] WARNING: Could not lock System prefs. Unix error code 2.
2025-06-13 00:13:00,014 [ERROR] LogOutputStream:75 - [STDERR_REDIRECT] 
2025-06-13 00:13:00,014 [ERROR] LogOutputStream:75 - [STDERR_REDIRECT] Jun 13, 2025 12:13:00 AM java.util.prefs.FileSystemPreferences syncWorld
2025-06-13 00:13:00,014 [ERROR] LogOutputStream:75 - [STDERR_REDIRECT] WARNING: Couldn't flush system prefs: java.util.prefs.BackingStoreException: Couldn't get file lock.
2025-06-13 00:13:00,014 [ERROR] LogOutputStream:75 - [STDERR_REDIRECT] 
2025-06-13 00:13:30,014 [ERROR] LogOutputStream:75 - [STDERR_REDIRECT] Jun 13, 2025 12:13:30 AM java.util.prefs.FileSystemPreferences checkLockFile0ErrorCode
2025-06-13 00:13:30,014 [ERROR] LogOutputStream:75 - [STDERR_REDIRECT] WARNING: Could not lock System prefs. Unix error code 2.
2025-06-13 00:13:30,015 [ERROR] LogOutputStream:75 - [STDERR_REDIRECT] 
2025-06-13 00:13:30,015 [ERROR] LogOutputStream:75 - [STDERR_REDIRECT] Jun 13, 2025 12:13:30 AM java.util.prefs.FileSystemPreferences syncWorld
2025-06-13 00:13:30,015 [ERROR] LogOutputStream:75 - [STDERR_REDIRECT] WARNING: Couldn't flush system prefs: java.util.prefs.BackingStoreException: Couldn't get file lock.
2025-06-13 00:13:30,016 [ERROR] LogOutputStream:75 - [STDERR_REDIRECT] 
2025-06-13 00:14:00,013 [ERROR] LogOutputStream:75 - [STDERR_REDIRECT] Jun 13, 2025 12:14:00 AM java.util.prefs.FileSystemPreferences checkLockFile0ErrorCode
2025-06-13 00:14:00,014 [ERROR] LogOutputStream:75 - [STDERR_REDIRECT] WARNING: Could not lock System prefs. Unix error code 2.
2025-06-13 00:14:00,014 [ERROR] LogOutputStream:75 - [STDERR_REDIRECT] 
2025-06-13 00:14:00,014 [ERROR] LogOutputStream:75 - [STDERR_REDIRECT] Jun 13, 2025 12:14:00 AM java.util.prefs.FileSystemPreferences syncWorld
2025-06-13 00:14:00,014 [ERROR] LogOutputStream:75 - [STDERR_REDIRECT] WARNING: Couldn't flush system prefs: java.util.prefs.BackingStoreException: Couldn't get file lock.
2025-06-13 00:14:00,015 [ERROR] LogOutputStream:75 - [STDERR_REDIRECT] 
2025-06-13 00:14:30,014 [ERROR] LogOutputStream:75 - [STDERR_REDIRECT] Jun 13, 2025 12:14:30 AM java.util.prefs.FileSystemPreferences checkLockFile0ErrorCode
2025-06-13 00:14:30,014 [ERROR] LogOutputStream:75 - [STDERR_REDIRECT] WARNING: Could not lock System prefs. Unix error code 2.
2025-06-13 00:14:30,014 [ERROR] LogOutputStream:75 - [STDERR_REDIRECT] 
2025-06-13 00:14:30,015 [ERROR] LogOutputStream:75 - [STDERR_REDIRECT] Jun 13, 2025 12:14:30 AM java.util.prefs.FileSystemPreferences syncWorld
2025-06-13 00:14:30,015 [ERROR] LogOutputStream:75 - [STDERR_REDIRECT] WARNING: Couldn't flush system prefs: java.util.prefs.BackingStoreException: Couldn't get file lock.
2025-06-13 00:14:30,015 [ERROR] LogOutputStream:75 - [STDERR_REDIRECT] 
2025-06-13 00:15:00,014 [ERROR] LogOutputStream:75 - [STDERR_REDIRECT] Jun 13, 2025 12:15:00 AM java.util.prefs.FileSystemPreferences checkLockFile0ErrorCode
2025-06-13 00:15:00,014 [ERROR] LogOutputStream:75 - [STDERR_REDIRECT] WARNING: Could not lock System prefs. Unix error code 2.
2025-06-13 00:15:00,014 [ERROR] LogOutputStream:75 - [STDERR_REDIRECT] 
2025-06-13 00:15:00,015 [ERROR] LogOutputStream:75 - [STDERR_REDIRECT] Jun 13, 2025 12:15:00 AM java.util.prefs.FileSystemPreferences syncWorld
2025-06-13 00:15:00,015 [ERROR] LogOutputStream:75 - [STDERR_REDIRECT] WARNING: Couldn't flush system prefs: java.util.prefs.BackingStoreException: Couldn't get file lock.
2025-06-13 00:15:00,015 [ERROR] LogOutputStream:75 - [STDERR_REDIRECT] 
2025-06-13 00:15:30,014 [ERROR] LogOutputStream:75 - [STDERR_REDIRECT] Jun 13, 2025 12:15:30 AM java.util.prefs.FileSystemPreferences checkLockFile0ErrorCode
2025-06-13 00:15:30,014 [ERROR] LogOutputStream:75 - [STDERR_REDIRECT] WARNING: Could not lock System prefs. Unix error code 2.
2025-06-13 00:15:30,014 [ERROR] LogOutputStream:75 - [STDERR_REDIRECT] 
2025-06-13 00:15:30,014 [ERROR] LogOutputStream:75 - [STDERR_REDIRECT] Jun 13, 2025 12:15:30 AM java.util.prefs.FileSystemPreferences syncWorld
2025-06-13 00:15:30,014 [ERROR] LogOutputStream:75 - [STDERR_REDIRECT] WARNING: Couldn't flush system prefs: java.util.prefs.BackingStoreException: Couldn't get file lock.
2025-06-13 00:15:30,014 [ERROR] LogOutputStream:75 - [STDERR_REDIRECT] 
2025-06-13 00:16:00,014 [ERROR] LogOutputStream:75 - [STDERR_REDIRECT] Jun 13, 2025 12:16:00 AM java.util.prefs.FileSystemPreferences checkLockFile0ErrorCode
2025-06-13 00:16:00,015 [ERROR] LogOutputStream:75 - [STDERR_REDIRECT] WARNING: Could not lock System prefs. Unix error code 2.
2025-06-13 00:16:00,015 [ERROR] LogOutputStream:75 - [STDERR_REDIRECT] 
2025-06-13 00:16:00,015 [ERROR] LogOutputStream:75 - [STDERR_REDIRECT] Jun 13, 2025 12:16:00 AM java.util.prefs.FileSystemPreferences syncWorld
2025-06-13 00:16:00,015 [ERROR] LogOutputStream:75 - [STDERR_REDIRECT] WARNING: Couldn't flush system prefs: java.util.prefs.BackingStoreException: Couldn't get file lock.
2025-06-13 00:16:00,015 [ERROR] LogOutputStream:75 - [STDERR_REDIRECT] 
2025-06-13 00:16:30,015 [ERROR] LogOutputStream:75 - [STDERR_REDIRECT] Jun 13, 2025 12:16:30 AM java.util.prefs.FileSystemPreferences checkLockFile0ErrorCode
2025-06-13 00:16:30,015 [ERROR] LogOutputStream:75 - [STDERR_REDIRECT] WARNING: Could not lock System prefs. Unix error code 2.
2025-06-13 00:16:30,015 [ERROR] LogOutputStream:75 - [STDERR_REDIRECT] 
2025-06-13 00:16:30,015 [ERROR] LogOutputStream:75 - [STDERR_REDIRECT] Jun 13, 2025 12:16:30 AM java.util.prefs.FileSystemPreferences syncWorld
2025-06-13 00:16:30,015 [ERROR] LogOutputStream:75 - [STDERR_REDIRECT] WARNING: Couldn't flush system prefs: java.util.prefs.BackingStoreException: Couldn't get file lock.
2025-06-13 00:16:30,015 [ERROR] LogOutputStream:75 - [STDERR_REDIRECT] 
2025-06-13 00:17:00,017 [ERROR] LogOutputStream:75 - [STDERR_REDIRECT] Jun 13, 2025 12:17:00 AM java.util.prefs.FileSystemPreferences checkLockFile0ErrorCode
2025-06-13 00:17:00,017 [ERROR] LogOutputStream:75 - [STDERR_REDIRECT] WARNING: Could not lock System prefs. Unix error code 2.
2025-06-13 00:17:00,017 [ERROR] LogOutputStream:75 - [STDERR_REDIRECT] 
2025-06-13 00:17:00,018 [ERROR] LogOutputStream:75 - [STDERR_REDIRECT] Jun 13, 2025 12:17:00 AM java.util.prefs.FileSystemPreferences syncWorld
2025-06-13 00:17:00,018 [ERROR] LogOutputStream:75 - [STDERR_REDIRECT] WARNING: Couldn't flush system prefs: java.util.prefs.BackingStoreException: Couldn't get file lock.
2025-06-13 00:17:00,018 [ERROR] LogOutputStream:75 - [STDERR_REDIRECT] 
2025-06-13 00:17:30,018 [ERROR] LogOutputStream:75 - [STDERR_REDIRECT] Jun 13, 2025 12:17:30 AM java.util.prefs.FileSystemPreferences checkLockFile0ErrorCode
2025-06-13 00:17:30,019 [ERROR] LogOutputStream:75 - [STDERR_REDIRECT] WARNING: Could not lock System prefs. Unix error code 2.
2025-06-13 00:17:30,019 [ERROR] LogOutputStream:75 - [STDERR_REDIRECT] 
2025-06-13 00:17:30,019 [ERROR] LogOutputStream:75 - [STDERR_REDIRECT] Jun 13, 2025 12:17:30 AM java.util.prefs.FileSystemPreferences syncWorld
2025-06-13 00:17:30,020 [ERROR] LogOutputStream:75 - [STDERR_REDIRECT] WARNING: Couldn't flush system prefs: java.util.prefs.BackingStoreException: Couldn't get file lock.
2025-06-13 00:17:30,020 [ERROR] LogOutputStream:75 - [STDERR_REDIRECT] 
2025-06-13 00:18:00,016 [ERROR] LogOutputStream:75 - [STDERR_REDIRECT] Jun 13, 2025 12:18:00 AM java.util.prefs.FileSystemPreferences checkLockFile0ErrorCode
2025-06-13 00:18:00,017 [ERROR] LogOutputStream:75 - [STDERR_REDIRECT] WARNING: Could not lock System prefs. Unix error code 2.
2025-06-13 00:18:00,017 [ERROR] LogOutputStream:75 - [STDERR_REDIRECT] 
2025-06-13 00:18:00,017 [ERROR] LogOutputStream:75 - [STDERR_REDIRECT] Jun 13, 2025 12:18:00 AM java.util.prefs.FileSystemPreferences syncWorld
2025-06-13 00:18:00,017 [ERROR] LogOutputStream:75 - [STDERR_REDIRECT] WARNING: Couldn't flush system prefs: java.util.prefs.BackingStoreException: Couldn't get file lock.
2025-06-13 00:18:00,017 [ERROR] LogOutputStream:75 - [STDERR_REDIRECT] 
2025-06-13 00:18:30,017 [ERROR] LogOutputStream:75 - [STDERR_REDIRECT] Jun 13, 2025 12:18:30 AM java.util.prefs.FileSystemPreferences checkLockFile0ErrorCode
2025-06-13 00:18:30,017 [ERROR] LogOutputStream:75 - [STDERR_REDIRECT] WARNING: Could not lock System prefs. Unix error code 2.
2025-06-13 00:18:30,018 [ERROR] LogOutputStream:75 - [STDERR_REDIRECT] 
2025-06-13 00:18:30,019 [ERROR] LogOutputStream:75 - [STDERR_REDIRECT] Jun 13, 2025 12:18:30 AM java.util.prefs.FileSystemPreferences syncWorld
2025-06-13 00:18:30,019 [ERROR] LogOutputStream:75 - [STDERR_REDIRECT] WARNING: Couldn't flush system prefs: java.util.prefs.BackingStoreException: Couldn't get file lock.
2025-06-13 00:18:30,019 [ERROR] LogOutputStream:75 - [STDERR_REDIRECT] 
2025-06-13 00:19:00,019 [ERROR] LogOutputStream:75 - [STDERR_REDIRECT] Jun 13, 2025 12:19:00 AM java.util.prefs.FileSystemPreferences checkLockFile0ErrorCode
2025-06-13 00:19:00,020 [ERROR] LogOutputStream:75 - [STDERR_REDIRECT] WARNING: Could not lock System prefs. Unix error code 2.
2025-06-13 00:19:00,020 [ERROR] LogOutputStream:75 - [STDERR_REDIRECT] 
2025-06-13 00:19:00,020 [ERROR] LogOutputStream:75 - [STDERR_REDIRECT] Jun 13, 2025 12:19:00 AM java.util.prefs.FileSystemPreferences syncWorld
2025-06-13 00:19:00,020 [ERROR] LogOutputStream:75 - [STDERR_REDIRECT] WARNING: Couldn't flush system prefs: java.util.prefs.BackingStoreException: Couldn't get file lock.
2025-06-13 00:19:00,020 [ERROR] LogOutputStream:75 - [STDERR_REDIRECT] 
2025-06-13 00:19:30,018 [ERROR] LogOutputStream:75 - [STDERR_REDIRECT] Jun 13, 2025 12:19:30 AM java.util.prefs.FileSystemPreferences checkLockFile0ErrorCode
2025-06-13 00:19:30,019 [ERROR] LogOutputStream:75 - [STDERR_REDIRECT] WARNING: Could not lock System prefs. Unix error code 2.
2025-06-13 00:19:30,019 [ERROR] LogOutputStream:75 - [STDERR_REDIRECT] 
2025-06-13 00:19:30,020 [ERROR] LogOutputStream:75 - [STDERR_REDIRECT] Jun 13, 2025 12:19:30 AM java.util.prefs.FileSystemPreferences syncWorld
2025-06-13 00:19:30,020 [ERROR] LogOutputStream:75 - [STDERR_REDIRECT] WARNING: Couldn't flush system prefs: java.util.prefs.BackingStoreException: Couldn't get file lock.
2025-06-13 00:19:30,020 [ERROR] LogOutputStream:75 - [STDERR_REDIRECT] 
2025-06-13 00:20:00,018 [ERROR] LogOutputStream:75 - [STDERR_REDIRECT] Jun 13, 2025 12:20:00 AM java.util.prefs.FileSystemPreferences checkLockFile0ErrorCode
2025-06-13 00:20:00,018 [ERROR] LogOutputStream:75 - [STDERR_REDIRECT] WARNING: Could not lock System prefs. Unix error code 2.
2025-06-13 00:20:00,018 [ERROR] LogOutputStream:75 - [STDERR_REDIRECT] 
2025-06-13 00:20:00,019 [ERROR] LogOutputStream:75 - [STDERR_REDIRECT] Jun 13, 2025 12:20:00 AM java.util.prefs.FileSystemPreferences syncWorld
2025-06-13 00:20:00,019 [ERROR] LogOutputStream:75 - [STDERR_REDIRECT] WARNING: Couldn't flush system prefs: java.util.prefs.BackingStoreException: Couldn't get file lock.
2025-06-13 00:20:00,019 [ERROR] LogOutputStream:75 - [STDERR_REDIRECT] 
2025-06-13 00:20:30,018 [ERROR] LogOutputStream:75 - [STDERR_REDIRECT] Jun 13, 2025 12:20:30 AM java.util.prefs.FileSystemPreferences checkLockFile0ErrorCode
2025-06-13 00:20:30,018 [ERROR] LogOutputStream:75 - [STDERR_REDIRECT] WARNING: Could not lock System prefs. Unix error code 2.
2025-06-13 00:20:30,018 [ERROR] LogOutputStream:75 - [STDERR_REDIRECT] 
2025-06-13 00:20:30,018 [ERROR] LogOutputStream:75 - [STDERR_REDIRECT] Jun 13, 2025 12:20:30 AM java.util.prefs.FileSystemPreferences syncWorld
2025-06-13 00:20:30,019 [ERROR] LogOutputStream:75 - [STDERR_REDIRECT] WARNING: Couldn't flush system prefs: java.util.prefs.BackingStoreException: Couldn't get file lock.
2025-06-13 00:20:30,019 [ERROR] LogOutputStream:75 - [STDERR_REDIRECT] 
2025-06-13 00:21:00,017 [ERROR] LogOutputStream:75 - [STDERR_REDIRECT] Jun 13, 2025 12:21:00 AM java.util.prefs.FileSystemPreferences checkLockFile0ErrorCode
2025-06-13 00:21:00,018 [ERROR] LogOutputStream:75 - [STDERR_REDIRECT] WARNING: Could not lock System prefs. Unix error code 2.
2025-06-13 00:21:00,018 [ERROR] LogOutputStream:75 - [STDERR_REDIRECT] 
2025-06-13 00:21:00,018 [ERROR] LogOutputStream:75 - [STDERR_REDIRECT] Jun 13, 2025 12:21:00 AM java.util.prefs.FileSystemPreferences syncWorld
2025-06-13 00:21:00,018 [ERROR] LogOutputStream:75 - [STDERR_REDIRECT] WARNING: Couldn't flush system prefs: java.util.prefs.BackingStoreException: Couldn't get file lock.
2025-06-13 00:21:00,018 [ERROR] LogOutputStream:75 - [STDERR_REDIRECT] 
2025-06-13 00:21:30,019 [ERROR] LogOutputStream:75 - [STDERR_REDIRECT] Jun 13, 2025 12:21:30 AM java.util.prefs.FileSystemPreferences checkLockFile0ErrorCode
2025-06-13 00:21:30,020 [ERROR] LogOutputStream:75 - [STDERR_REDIRECT] WARNING: Could not lock System prefs. Unix error code 2.
2025-06-13 00:21:30,020 [ERROR] LogOutputStream:75 - [STDERR_REDIRECT] 
2025-06-13 00:21:30,021 [ERROR] LogOutputStream:75 - [STDERR_REDIRECT] Jun 13, 2025 12:21:30 AM java.util.prefs.FileSystemPreferences syncWorld
2025-06-13 00:21:30,021 [ERROR] LogOutputStream:75 - [STDERR_REDIRECT] WARNING: Couldn't flush system prefs: java.util.prefs.BackingStoreException: Couldn't get file lock.
2025-06-13 00:21:30,021 [ERROR] LogOutputStream:75 - [STDERR_REDIRECT] 
2025-06-13 00:22:00,019 [ERROR] LogOutputStream:75 - [STDERR_REDIRECT] Jun 13, 2025 12:22:00 AM java.util.prefs.FileSystemPreferences checkLockFile0ErrorCode
2025-06-13 00:22:00,020 [ERROR] LogOutputStream:75 - [STDERR_REDIRECT] WARNING: Could not lock System prefs. Unix error code 2.
2025-06-13 00:22:00,020 [ERROR] LogOutputStream:75 - [STDERR_REDIRECT] 
2025-06-13 00:22:00,020 [ERROR] LogOutputStream:75 - [STDERR_REDIRECT] Jun 13, 2025 12:22:00 AM java.util.prefs.FileSystemPreferences syncWorld
2025-06-13 00:22:00,021 [ERROR] LogOutputStream:75 - [STDERR_REDIRECT] WARNING: Couldn't flush system prefs: java.util.prefs.BackingStoreException: Couldn't get file lock.
2025-06-13 00:22:00,021 [ERROR] LogOutputStream:75 - [STDERR_REDIRECT] 
2025-06-13 00:22:30,020 [ERROR] LogOutputStream:75 - [STDERR_REDIRECT] Jun 13, 2025 12:22:30 AM java.util.prefs.FileSystemPreferences checkLockFile0ErrorCode
2025-06-13 00:22:30,020 [ERROR] LogOutputStream:75 - [STDERR_REDIRECT] WARNING: Could not lock System prefs. Unix error code 2.
2025-06-13 00:22:30,021 [ERROR] LogOutputStream:75 - [STDERR_REDIRECT] 
2025-06-13 00:22:30,021 [ERROR] LogOutputStream:75 - [STDERR_REDIRECT] Jun 13, 2025 12:22:30 AM java.util.prefs.FileSystemPreferences syncWorld
2025-06-13 00:22:30,021 [ERROR] LogOutputStream:75 - [STDERR_REDIRECT] WARNING: Couldn't flush system prefs: java.util.prefs.BackingStoreException: Couldn't get file lock.
2025-06-13 00:22:30,022 [ERROR] LogOutputStream:75 - [STDERR_REDIRECT] 
2025-06-13 00:23:00,018 [ERROR] LogOutputStream:75 - [STDERR_REDIRECT] Jun 13, 2025 12:23:00 AM java.util.prefs.FileSystemPreferences checkLockFile0ErrorCode
2025-06-13 00:23:00,019 [ERROR] LogOutputStream:75 - [STDERR_REDIRECT] WARNING: Could not lock System prefs. Unix error code 2.
2025-06-13 00:23:00,019 [ERROR] LogOutputStream:75 - [STDERR_REDIRECT] 
2025-06-13 00:23:00,019 [ERROR] LogOutputStream:75 - [STDERR_REDIRECT] Jun 13, 2025 12:23:00 AM java.util.prefs.FileSystemPreferences syncWorld
2025-06-13 00:23:00,019 [ERROR] LogOutputStream:75 - [STDERR_REDIRECT] WARNING: Couldn't flush system prefs: java.util.prefs.BackingStoreException: Couldn't get file lock.
2025-06-13 00:23:00,019 [ERROR] LogOutputStream:75 - [STDERR_REDIRECT] 
2025-06-13 00:23:30,020 [ERROR] LogOutputStream:75 - [STDERR_REDIRECT] Jun 13, 2025 12:23:30 AM java.util.prefs.FileSystemPreferences checkLockFile0ErrorCode
2025-06-13 00:23:30,020 [ERROR] LogOutputStream:75 - [STDERR_REDIRECT] WARNING: Could not lock System prefs. Unix error code 2.
2025-06-13 00:23:30,021 [ERROR] LogOutputStream:75 - [STDERR_REDIRECT] 
2025-06-13 00:23:30,021 [ERROR] LogOutputStream:75 - [STDERR_REDIRECT] Jun 13, 2025 12:23:30 AM java.util.prefs.FileSystemPreferences syncWorld
2025-06-13 00:23:30,021 [ERROR] LogOutputStream:75 - [STDERR_REDIRECT] WARNING: Couldn't flush system prefs: java.util.prefs.BackingStoreException: Couldn't get file lock.
2025-06-13 00:23:30,021 [ERROR] LogOutputStream:75 - [STDERR_REDIRECT] 
2025-06-13 00:24:00,019 [ERROR] LogOutputStream:75 - [STDERR_REDIRECT] Jun 13, 2025 12:24:00 AM java.util.prefs.FileSystemPreferences checkLockFile0ErrorCode
2025-06-13 00:24:00,020 [ERROR] LogOutputStream:75 - [STDERR_REDIRECT] WARNING: Could not lock System prefs. Unix error code 2.
2025-06-13 00:24:00,020 [ERROR] LogOutputStream:75 - [STDERR_REDIRECT] 
2025-06-13 00:24:00,020 [ERROR] LogOutputStream:75 - [STDERR_REDIRECT] Jun 13, 2025 12:24:00 AM java.util.prefs.FileSystemPreferences syncWorld
2025-06-13 00:24:00,020 [ERROR] LogOutputStream:75 - [STDERR_REDIRECT] WARNING: Couldn't flush system prefs: java.util.prefs.BackingStoreException: Couldn't get file lock.
2025-06-13 00:24:00,021 [ERROR] LogOutputStream:75 - [STDERR_REDIRECT] 
2025-06-13 00:24:30,019 [ERROR] LogOutputStream:75 - [STDERR_REDIRECT] Jun 13, 2025 12:24:30 AM java.util.prefs.FileSystemPreferences checkLockFile0ErrorCode
2025-06-13 00:24:30,019 [ERROR] LogOutputStream:75 - [STDERR_REDIRECT] WARNING: Could not lock System prefs. Unix error code 2.
2025-06-13 00:24:30,020 [ERROR] LogOutputStream:75 - [STDERR_REDIRECT] 
2025-06-13 00:24:30,020 [ERROR] LogOutputStream:75 - [STDERR_REDIRECT] Jun 13, 2025 12:24:30 AM java.util.prefs.FileSystemPreferences syncWorld
2025-06-13 00:24:30,020 [ERROR] LogOutputStream:75 - [STDERR_REDIRECT] WARNING: Couldn't flush system prefs: java.util.prefs.BackingStoreException: Couldn't get file lock.
2025-06-13 00:24:30,020 [ERROR] LogOutputStream:75 - [STDERR_REDIRECT] 
2025-06-13 00:25:00,020 [ERROR] LogOutputStream:75 - [STDERR_REDIRECT] Jun 13, 2025 12:25:00 AM java.util.prefs.FileSystemPreferences checkLockFile0ErrorCode
2025-06-13 00:25:00,021 [ERROR] LogOutputStream:75 - [STDERR_REDIRECT] WARNING: Could not lock System prefs. Unix error code 2.
2025-06-13 00:25:00,021 [ERROR] LogOutputStream:75 - [STDERR_REDIRECT] 
2025-06-13 00:25:00,021 [ERROR] LogOutputStream:75 - [STDERR_REDIRECT] Jun 13, 2025 12:25:00 AM java.util.prefs.FileSystemPreferences syncWorld
2025-06-13 00:25:00,022 [ERROR] LogOutputStream:75 - [STDERR_REDIRECT] WARNING: Couldn't flush system prefs: java.util.prefs.BackingStoreException: Couldn't get file lock.
2025-06-13 00:25:00,022 [ERROR] LogOutputStream:75 - [STDERR_REDIRECT] 
2025-06-13 00:25:30,020 [ERROR] LogOutputStream:75 - [STDERR_REDIRECT] Jun 13, 2025 12:25:30 AM java.util.prefs.FileSystemPreferences checkLockFile0ErrorCode
2025-06-13 00:25:30,020 [ERROR] LogOutputStream:75 - [STDERR_REDIRECT] WARNING: Could not lock System prefs. Unix error code 2.
2025-06-13 00:25:30,020 [ERROR] LogOutputStream:75 - [STDERR_REDIRECT] 
2025-06-13 00:25:30,020 [ERROR] LogOutputStream:75 - [STDERR_REDIRECT] Jun 13, 2025 12:25:30 AM java.util.prefs.FileSystemPreferences syncWorld
2025-06-13 00:25:30,021 [ERROR] LogOutputStream:75 - [STDERR_REDIRECT] WARNING: Couldn't flush system prefs: java.util.prefs.BackingStoreException: Couldn't get file lock.
2025-06-13 00:25:30,021 [ERROR] LogOutputStream:75 - [STDERR_REDIRECT] 
2025-06-13 00:26:00,020 [ERROR] LogOutputStream:75 - [STDERR_REDIRECT] Jun 13, 2025 12:26:00 AM java.util.prefs.FileSystemPreferences checkLockFile0ErrorCode
2025-06-13 00:26:00,020 [ERROR] LogOutputStream:75 - [STDERR_REDIRECT] WARNING: Could not lock System prefs. Unix error code 2.
2025-06-13 00:26:00,020 [ERROR] LogOutputStream:75 - [STDERR_REDIRECT] 
2025-06-13 00:26:00,021 [ERROR] LogOutputStream:75 - [STDERR_REDIRECT] Jun 13, 2025 12:26:00 AM java.util.prefs.FileSystemPreferences syncWorld
2025-06-13 00:26:00,021 [ERROR] LogOutputStream:75 - [STDERR_REDIRECT] WARNING: Couldn't flush system prefs: java.util.prefs.BackingStoreException: Couldn't get file lock.
2025-06-13 00:26:00,021 [ERROR] LogOutputStream:75 - [STDERR_REDIRECT] 
2025-06-13 00:26:30,020 [ERROR] LogOutputStream:75 - [STDERR_REDIRECT] Jun 13, 2025 12:26:30 AM java.util.prefs.FileSystemPreferences checkLockFile0ErrorCode
2025-06-13 00:26:30,020 [ERROR] LogOutputStream:75 - [STDERR_REDIRECT] WARNING: Could not lock System prefs. Unix error code 2.
2025-06-13 00:26:30,020 [ERROR] LogOutputStream:75 - [STDERR_REDIRECT] 
2025-06-13 00:26:30,020 [ERROR] LogOutputStream:75 - [STDERR_REDIRECT] Jun 13, 2025 12:26:30 AM java.util.prefs.FileSystemPreferences syncWorld
2025-06-13 00:26:30,020 [ERROR] LogOutputStream:75 - [STDERR_REDIRECT] WARNING: Couldn't flush system prefs: java.util.prefs.BackingStoreException: Couldn't get file lock.
2025-06-13 00:26:30,021 [ERROR] LogOutputStream:75 - [STDERR_REDIRECT] 
2025-06-13 00:27:00,020 [ERROR] LogOutputStream:75 - [STDERR_REDIRECT] Jun 13, 2025 12:27:00 AM java.util.prefs.FileSystemPreferences checkLockFile0ErrorCode
2025-06-13 00:27:00,021 [ERROR] LogOutputStream:75 - [STDERR_REDIRECT] WARNING: Could not lock System prefs. Unix error code 2.
2025-06-13 00:27:00,021 [ERROR] LogOutputStream:75 - [STDERR_REDIRECT] 
2025-06-13 00:27:00,022 [ERROR] LogOutputStream:75 - [STDERR_REDIRECT] Jun 13, 2025 12:27:00 AM java.util.prefs.FileSystemPreferences syncWorld
2025-06-13 00:27:00,022 [ERROR] LogOutputStream:75 - [STDERR_REDIRECT] WARNING: Couldn't flush system prefs: java.util.prefs.BackingStoreException: Couldn't get file lock.
2025-06-13 00:27:00,022 [ERROR] LogOutputStream:75 - [STDERR_REDIRECT] 
2025-06-13 00:27:30,020 [ERROR] LogOutputStream:75 - [STDERR_REDIRECT] Jun 13, 2025 12:27:30 AM java.util.prefs.FileSystemPreferences checkLockFile0ErrorCode
2025-06-13 00:27:30,020 [ERROR] LogOutputStream:75 - [STDERR_REDIRECT] WARNING: Could not lock System prefs. Unix error code 2.
2025-06-13 00:27:30,021 [ERROR] LogOutputStream:75 - [STDERR_REDIRECT] 
2025-06-13 00:27:30,021 [ERROR] LogOutputStream:75 - [STDERR_REDIRECT] Jun 13, 2025 12:27:30 AM java.util.prefs.FileSystemPreferences syncWorld
2025-06-13 00:27:30,021 [ERROR] LogOutputStream:75 - [STDERR_REDIRECT] WARNING: Couldn't flush system prefs: java.util.prefs.BackingStoreException: Couldn't get file lock.
2025-06-13 00:27:30,021 [ERROR] LogOutputStream:75 - [STDERR_REDIRECT] 
2025-06-13 00:28:00,021 [ERROR] LogOutputStream:75 - [STDERR_REDIRECT] Jun 13, 2025 12:28:00 AM java.util.prefs.FileSystemPreferences checkLockFile0ErrorCode
2025-06-13 00:28:00,022 [ERROR] LogOutputStream:75 - [STDERR_REDIRECT] WARNING: Could not lock System prefs. Unix error code 2.
2025-06-13 00:28:00,022 [ERROR] LogOutputStream:75 - [STDERR_REDIRECT] 
2025-06-13 00:28:00,023 [ERROR] LogOutputStream:75 - [STDERR_REDIRECT] Jun 13, 2025 12:28:00 AM java.util.prefs.FileSystemPreferences syncWorld
2025-06-13 00:28:00,023 [ERROR] LogOutputStream:75 - [STDERR_REDIRECT] WARNING: Couldn't flush system prefs: java.util.prefs.BackingStoreException: Couldn't get file lock.
2025-06-13 00:28:00,023 [ERROR] LogOutputStream:75 - [STDERR_REDIRECT] 
2025-06-13 00:28:30,022 [ERROR] LogOutputStream:75 - [STDERR_REDIRECT] Jun 13, 2025 12:28:30 AM java.util.prefs.FileSystemPreferences checkLockFile0ErrorCode
2025-06-13 00:28:30,023 [ERROR] LogOutputStream:75 - [STDERR_REDIRECT] WARNING: Could not lock System prefs. Unix error code 2.
2025-06-13 00:28:30,023 [ERROR] LogOutputStream:75 - [STDERR_REDIRECT] 
2025-06-13 00:28:30,024 [ERROR] LogOutputStream:75 - [STDERR_REDIRECT] Jun 13, 2025 12:28:30 AM java.util.prefs.FileSystemPreferences syncWorld
2025-06-13 00:28:30,024 [ERROR] LogOutputStream:75 - [STDERR_REDIRECT] WARNING: Couldn't flush system prefs: java.util.prefs.BackingStoreException: Couldn't get file lock.
2025-06-13 00:28:30,024 [ERROR] LogOutputStream:75 - [STDERR_REDIRECT] 
2025-06-13 00:29:00,023 [ERROR] LogOutputStream:75 - [STDERR_REDIRECT] Jun 13, 2025 12:29:00 AM java.util.prefs.FileSystemPreferences checkLockFile0ErrorCode
2025-06-13 00:29:00,023 [ERROR] LogOutputStream:75 - [STDERR_REDIRECT] WARNING: Could not lock System prefs. Unix error code 2.
2025-06-13 00:29:00,024 [ERROR] LogOutputStream:75 - [STDERR_REDIRECT] 
2025-06-13 00:29:00,024 [ERROR] LogOutputStream:75 - [STDERR_REDIRECT] Jun 13, 2025 12:29:00 AM java.util.prefs.FileSystemPreferences syncWorld
2025-06-13 00:29:00,025 [ERROR] LogOutputStream:75 - [STDERR_REDIRECT] WARNING: Couldn't flush system prefs: java.util.prefs.BackingStoreException: Couldn't get file lock.
2025-06-13 00:29:00,025 [ERROR] LogOutputStream:75 - [STDERR_REDIRECT] 
2025-06-13 00:29:12,132 [ERROR] LogOutputStream:75 - [STDERR_REDIRECT] Exception in thread "AWT-EventQueue-0" java.lang.NullPointerException: Cannot invoke "com.st.stm32cube.common.mx.oss.core.awtswtbridge.EmbeddedSwingComposite$AwtContext.setContentPane(java.awt.Container)" because "this.awtContext" is null
2025-06-13 00:29:12,133 [ERROR] LogOutputStream:75 - [STDERR_REDIRECT] 	at com.st.stm32cube.common.mx.oss.core.awtswtbridge.EmbeddedSwingComposite.doComponentCreation(EmbeddedSwingComposite.java:494)
2025-06-13 00:29:12,133 [ERROR] LogOutputStream:75 - [STDERR_REDIRECT] 	at com.st.stm32cube.common.mx.oss.core.awtswtbridge.EmbeddedSwingComposite$4.run(EmbeddedSwingComposite.java:291)
2025-06-13 00:29:12,133 [ERROR] LogOutputStream:75 - [STDERR_REDIRECT] 	at com.st.stm32cube.common.mx.oss.core.awtswtbridge.AwtEnvironment$2.run(AwtEnvironment.java:166)
2025-06-13 00:29:12,134 [ERROR] LogOutputStream:75 - [STDERR_REDIRECT] 	at java.desktop/java.awt.event.InvocationEvent.dispatch(InvocationEvent.java:318)
2025-06-13 00:29:12,134 [ERROR] LogOutputStream:75 - [STDERR_REDIRECT] 	at java.desktop/java.awt.EventQueue.dispatchEventImpl(EventQueue.java:773)
2025-06-13 00:29:12,134 [ERROR] LogOutputStream:75 - [STDERR_REDIRECT] 	at java.desktop/java.awt.EventQueue$4.run(EventQueue.java:720)
2025-06-13 00:29:12,134 [ERROR] LogOutputStream:75 - [STDERR_REDIRECT] 	at java.desktop/java.awt.EventQueue$4.run(EventQueue.java:714)
2025-06-13 00:29:12,134 [ERROR] LogOutputStream:75 - [STDERR_REDIRECT] 	at java.base/java.security.AccessController.doPrivileged(AccessController.java:400)
2025-06-13 00:29:12,135 [ERROR] LogOutputStream:75 - [STDERR_REDIRECT] 	at java.base/java.security.ProtectionDomain$JavaSecurityAccessImpl.doIntersectionPrivilege(ProtectionDomain.java:87)
2025-06-13 00:29:12,135 [ERROR] LogOutputStream:75 - [STDERR_REDIRECT] 	at java.desktop/java.awt.EventQueue.dispatchEvent(EventQueue.java:742)
2025-06-13 00:29:12,135 [ERROR] LogOutputStream:75 - [STDERR_REDIRECT] 	at java.desktop/java.awt.EventDispatchThread.pumpOneEventForFilters(EventDispatchThread.java:203)
2025-06-13 00:29:12,135 [ERROR] LogOutputStream:75 - [STDERR_REDIRECT] 	at java.desktop/java.awt.EventDispatchThread.pumpEventsForFilter(EventDispatchThread.java:124)
2025-06-13 00:29:12,136 [ERROR] LogOutputStream:75 - [STDERR_REDIRECT] 	at java.desktop/java.awt.EventDispatchThread.pumpEventsForHierarchy(EventDispatchThread.java:113)
2025-06-13 00:29:12,136 [ERROR] LogOutputStream:75 - [STDERR_REDIRECT] 	at java.desktop/java.awt.EventDispatchThread.pumpEvents(EventDispatchThread.java:109)
2025-06-13 00:29:12,136 [ERROR] LogOutputStream:75 - [STDERR_REDIRECT] 	at java.desktop/java.awt.EventDispatchThread.pumpEvents(EventDispatchThread.java:101)
2025-06-13 00:29:12,136 [ERROR] LogOutputStream:75 - [STDERR_REDIRECT] 	at java.desktop/java.awt.EventDispatchThread.run(EventDispatchThread.java:90)
2025-06-13 00:29:30,030 [ERROR] LogOutputStream:75 - [STDERR_REDIRECT] Jun 13, 2025 12:29:30 AM java.util.prefs.FileSystemPreferences checkLockFile0ErrorCode
2025-06-13 00:29:30,030 [ERROR] LogOutputStream:75 - [STDERR_REDIRECT] WARNING: Could not lock System prefs. Unix error code 2.
2025-06-13 00:29:30,030 [ERROR] LogOutputStream:75 - [STDERR_REDIRECT] 
2025-06-13 00:29:30,031 [ERROR] LogOutputStream:75 - [STDERR_REDIRECT] Jun 13, 2025 12:29:30 AM java.util.prefs.FileSystemPreferences syncWorld
2025-06-13 00:29:30,032 [ERROR] LogOutputStream:75 - [STDERR_REDIRECT] WARNING: Couldn't flush system prefs: java.util.prefs.BackingStoreException: Couldn't get file lock.
2025-06-13 00:29:30,032 [ERROR] LogOutputStream:75 - [STDERR_REDIRECT] 
2025-06-13 00:30:00,025 [ERROR] LogOutputStream:75 - [STDERR_REDIRECT] Jun 13, 2025 12:30:00 AM java.util.prefs.FileSystemPreferences checkLockFile0ErrorCode
2025-06-13 00:30:00,026 [ERROR] LogOutputStream:75 - [STDERR_REDIRECT] WARNING: Could not lock System prefs. Unix error code 2.
2025-06-13 00:30:00,026 [ERROR] LogOutputStream:75 - [STDERR_REDIRECT] 
2025-06-13 00:30:00,026 [ERROR] LogOutputStream:75 - [STDERR_REDIRECT] Jun 13, 2025 12:30:00 AM java.util.prefs.FileSystemPreferences syncWorld
2025-06-13 00:30:00,027 [ERROR] LogOutputStream:75 - [STDERR_REDIRECT] WARNING: Couldn't flush system prefs: java.util.prefs.BackingStoreException: Couldn't get file lock.
2025-06-13 00:30:00,027 [ERROR] LogOutputStream:75 - [STDERR_REDIRECT] 
2025-06-13 00:30:30,188 [ERROR] LogOutputStream:75 - [STDERR_REDIRECT] Jun 13, 2025 12:30:30 AM java.util.prefs.FileSystemPreferences checkLockFile0ErrorCode
2025-06-13 00:30:30,189 [ERROR] LogOutputStream:75 - [STDERR_REDIRECT] WARNING: Could not lock System prefs. Unix error code 2.
2025-06-13 00:30:30,189 [ERROR] LogOutputStream:75 - [STDERR_REDIRECT] 
2025-06-13 00:30:30,189 [ERROR] LogOutputStream:75 - [STDERR_REDIRECT] Jun 13, 2025 12:30:30 AM java.util.prefs.FileSystemPreferences syncWorld
2025-06-13 00:30:30,190 [ERROR] LogOutputStream:75 - [STDERR_REDIRECT] WARNING: Couldn't flush system prefs: java.util.prefs.BackingStoreException: Couldn't get file lock.
2025-06-13 00:30:30,190 [ERROR] LogOutputStream:75 - [STDERR_REDIRECT] 
2025-06-13 00:31:00,032 [ERROR] LogOutputStream:75 - [STDERR_REDIRECT] Jun 13, 2025 12:31:00 AM java.util.prefs.FileSystemPreferences checkLockFile0ErrorCode
2025-06-13 00:31:00,032 [ERROR] LogOutputStream:75 - [STDERR_REDIRECT] WARNING: Could not lock System prefs. Unix error code 2.
2025-06-13 00:31:00,033 [ERROR] LogOutputStream:75 - [STDERR_REDIRECT] 
2025-06-13 00:31:00,033 [ERROR] LogOutputStream:75 - [STDERR_REDIRECT] Jun 13, 2025 12:31:00 AM java.util.prefs.FileSystemPreferences syncWorld
2025-06-13 00:31:00,033 [ERROR] LogOutputStream:75 - [STDERR_REDIRECT] WARNING: Couldn't flush system prefs: java.util.prefs.BackingStoreException: Couldn't get file lock.
2025-06-13 00:31:00,034 [ERROR] LogOutputStream:75 - [STDERR_REDIRECT] 
2025-06-13 00:31:30,036 [ERROR] LogOutputStream:75 - [STDERR_REDIRECT] Jun 13, 2025 12:31:30 AM java.util.prefs.FileSystemPreferences checkLockFile0ErrorCode
2025-06-13 00:31:30,036 [ERROR] LogOutputStream:75 - [STDERR_REDIRECT] WARNING: Could not lock System prefs. Unix error code 2.
2025-06-13 00:31:30,036 [ERROR] LogOutputStream:75 - [STDERR_REDIRECT] 
2025-06-13 00:31:30,036 [ERROR] LogOutputStream:75 - [STDERR_REDIRECT] Jun 13, 2025 12:31:30 AM java.util.prefs.FileSystemPreferences syncWorld
2025-06-13 00:31:30,036 [ERROR] LogOutputStream:75 - [STDERR_REDIRECT] WARNING: Couldn't flush system prefs: java.util.prefs.BackingStoreException: Couldn't get file lock.
2025-06-13 00:31:30,036 [ERROR] LogOutputStream:75 - [STDERR_REDIRECT] 
2025-06-13 00:32:00,023 [ERROR] LogOutputStream:75 - [STDERR_REDIRECT] Jun 13, 2025 12:32:00 AM java.util.prefs.FileSystemPreferences checkLockFile0ErrorCode
2025-06-13 00:32:00,023 [ERROR] LogOutputStream:75 - [STDERR_REDIRECT] WARNING: Could not lock System prefs. Unix error code 2.
2025-06-13 00:32:00,023 [ERROR] LogOutputStream:75 - [STDERR_REDIRECT] 
2025-06-13 00:32:00,023 [ERROR] LogOutputStream:75 - [STDERR_REDIRECT] Jun 13, 2025 12:32:00 AM java.util.prefs.FileSystemPreferences syncWorld
2025-06-13 00:32:00,023 [ERROR] LogOutputStream:75 - [STDERR_REDIRECT] WARNING: Couldn't flush system prefs: java.util.prefs.BackingStoreException: Couldn't get file lock.
2025-06-13 00:32:00,023 [ERROR] LogOutputStream:75 - [STDERR_REDIRECT] 
2025-06-13 00:32:30,024 [ERROR] LogOutputStream:75 - [STDERR_REDIRECT] Jun 13, 2025 12:32:30 AM java.util.prefs.FileSystemPreferences checkLockFile0ErrorCode
2025-06-13 00:32:30,024 [ERROR] LogOutputStream:75 - [STDERR_REDIRECT] WARNING: Could not lock System prefs. Unix error code 2.
2025-06-13 00:32:30,024 [ERROR] LogOutputStream:75 - [STDERR_REDIRECT] 
2025-06-13 00:32:30,024 [ERROR] LogOutputStream:75 - [STDERR_REDIRECT] Jun 13, 2025 12:32:30 AM java.util.prefs.FileSystemPreferences syncWorld
2025-06-13 00:32:30,024 [ERROR] LogOutputStream:75 - [STDERR_REDIRECT] WARNING: Couldn't flush system prefs: java.util.prefs.BackingStoreException: Couldn't get file lock.
2025-06-13 00:32:30,024 [ERROR] LogOutputStream:75 - [STDERR_REDIRECT] 
2025-06-13 00:33:00,218 [ERROR] LogOutputStream:75 - [STDERR_REDIRECT] Jun 13, 2025 12:33:00 AM java.util.prefs.FileSystemPreferences checkLockFile0ErrorCode
2025-06-13 00:33:00,218 [ERROR] LogOutputStream:75 - [STDERR_REDIRECT] WARNING: Could not lock System prefs. Unix error code 2.
2025-06-13 00:33:00,218 [ERROR] LogOutputStream:75 - [STDERR_REDIRECT] 
2025-06-13 00:33:00,218 [ERROR] LogOutputStream:75 - [STDERR_REDIRECT] Jun 13, 2025 12:33:00 AM java.util.prefs.FileSystemPreferences syncWorld
2025-06-13 00:33:00,218 [ERROR] LogOutputStream:75 - [STDERR_REDIRECT] WARNING: Couldn't flush system prefs: java.util.prefs.BackingStoreException: Couldn't get file lock.
2025-06-13 00:33:00,218 [ERROR] LogOutputStream:75 - [STDERR_REDIRECT] 
2025-06-13 00:33:30,324 [ERROR] LogOutputStream:75 - [STDERR_REDIRECT] Jun 13, 2025 12:33:30 AM java.util.prefs.FileSystemPreferences checkLockFile0ErrorCode
2025-06-13 00:33:30,325 [ERROR] LogOutputStream:75 - [STDERR_REDIRECT] WARNING: Could not lock System prefs. Unix error code 2.
2025-06-13 00:33:30,325 [ERROR] LogOutputStream:75 - [STDERR_REDIRECT] 
2025-06-13 00:33:30,325 [ERROR] LogOutputStream:75 - [STDERR_REDIRECT] Jun 13, 2025 12:33:30 AM java.util.prefs.FileSystemPreferences syncWorld
2025-06-13 00:33:30,325 [ERROR] LogOutputStream:75 - [STDERR_REDIRECT] WARNING: Couldn't flush system prefs: java.util.prefs.BackingStoreException: Couldn't get file lock.
2025-06-13 00:33:30,325 [ERROR] LogOutputStream:75 - [STDERR_REDIRECT] 
2025-06-13 00:34:00,526 [ERROR] LogOutputStream:75 - [STDERR_REDIRECT] Jun 13, 2025 12:34:00 AM java.util.prefs.FileSystemPreferences checkLockFile0ErrorCode
2025-06-13 00:34:00,526 [ERROR] LogOutputStream:75 - [STDERR_REDIRECT] WARNING: Could not lock System prefs. Unix error code 2.
2025-06-13 00:34:00,526 [ERROR] LogOutputStream:75 - [STDERR_REDIRECT] 
2025-06-13 00:34:00,526 [ERROR] LogOutputStream:75 - [STDERR_REDIRECT] Jun 13, 2025 12:34:00 AM java.util.prefs.FileSystemPreferences syncWorld
2025-06-13 00:34:00,527 [ERROR] LogOutputStream:75 - [STDERR_REDIRECT] WARNING: Couldn't flush system prefs: java.util.prefs.BackingStoreException: Couldn't get file lock.
2025-06-13 00:34:00,527 [ERROR] LogOutputStream:75 - [STDERR_REDIRECT] 
2025-06-13 00:34:30,438 [ERROR] LogOutputStream:75 - [STDERR_REDIRECT] Jun 13, 2025 12:34:30 AM java.util.prefs.FileSystemPreferences checkLockFile0ErrorCode
2025-06-13 00:34:30,438 [ERROR] LogOutputStream:75 - [STDERR_REDIRECT] WARNING: Could not lock System prefs. Unix error code 2.
2025-06-13 00:34:30,438 [ERROR] LogOutputStream:75 - [STDERR_REDIRECT] 
2025-06-13 00:34:30,438 [ERROR] LogOutputStream:75 - [STDERR_REDIRECT] Jun 13, 2025 12:34:30 AM java.util.prefs.FileSystemPreferences syncWorld
2025-06-13 00:34:30,438 [ERROR] LogOutputStream:75 - [STDERR_REDIRECT] WARNING: Couldn't flush system prefs: java.util.prefs.BackingStoreException: Couldn't get file lock.
2025-06-13 00:34:30,438 [ERROR] LogOutputStream:75 - [STDERR_REDIRECT] 
2025-06-13 00:35:00,419 [ERROR] LogOutputStream:75 - [STDERR_REDIRECT] Jun 13, 2025 12:35:00 AM java.util.prefs.FileSystemPreferences checkLockFile0ErrorCode
2025-06-13 00:35:00,419 [ERROR] LogOutputStream:75 - [STDERR_REDIRECT] WARNING: Could not lock System prefs. Unix error code 2.
2025-06-13 00:35:00,419 [ERROR] LogOutputStream:75 - [STDERR_REDIRECT] 
2025-06-13 00:35:00,419 [ERROR] LogOutputStream:75 - [STDERR_REDIRECT] Jun 13, 2025 12:35:00 AM java.util.prefs.FileSystemPreferences syncWorld
2025-06-13 00:35:00,420 [ERROR] LogOutputStream:75 - [STDERR_REDIRECT] WARNING: Couldn't flush system prefs: java.util.prefs.BackingStoreException: Couldn't get file lock.
2025-06-13 00:35:00,420 [ERROR] LogOutputStream:75 - [STDERR_REDIRECT] 
2025-06-13 00:35:30,430 [ERROR] LogOutputStream:75 - [STDERR_REDIRECT] Jun 13, 2025 12:35:30 AM java.util.prefs.FileSystemPreferences checkLockFile0ErrorCode
2025-06-13 00:35:30,431 [ERROR] LogOutputStream:75 - [STDERR_REDIRECT] WARNING: Could not lock System prefs. Unix error code 2.
2025-06-13 00:35:30,431 [ERROR] LogOutputStream:75 - [STDERR_REDIRECT] 
2025-06-13 00:35:30,431 [ERROR] LogOutputStream:75 - [STDERR_REDIRECT] Jun 13, 2025 12:35:30 AM java.util.prefs.FileSystemPreferences syncWorld
2025-06-13 00:35:30,431 [ERROR] LogOutputStream:75 - [STDERR_REDIRECT] WARNING: Couldn't flush system prefs: java.util.prefs.BackingStoreException: Couldn't get file lock.
2025-06-13 00:35:30,431 [ERROR] LogOutputStream:75 - [STDERR_REDIRECT] 
2025-06-13 00:36:00,467 [ERROR] LogOutputStream:75 - [STDERR_REDIRECT] Jun 13, 2025 12:36:00 AM java.util.prefs.FileSystemPreferences checkLockFile0ErrorCode
2025-06-13 00:36:00,467 [ERROR] LogOutputStream:75 - [STDERR_REDIRECT] WARNING: Could not lock System prefs. Unix error code 2.
2025-06-13 00:36:00,467 [ERROR] LogOutputStream:75 - [STDERR_REDIRECT] 
2025-06-13 00:36:00,468 [ERROR] LogOutputStream:75 - [STDERR_REDIRECT] Jun 13, 2025 12:36:00 AM java.util.prefs.FileSystemPreferences syncWorld
2025-06-13 00:36:00,468 [ERROR] LogOutputStream:75 - [STDERR_REDIRECT] WARNING: Couldn't flush system prefs: java.util.prefs.BackingStoreException: Couldn't get file lock.
2025-06-13 00:36:00,468 [ERROR] LogOutputStream:75 - [STDERR_REDIRECT] 
2025-06-13 00:36:30,549 [ERROR] LogOutputStream:75 - [STDERR_REDIRECT] Jun 13, 2025 12:36:30 AM java.util.prefs.FileSystemPreferences checkLockFile0ErrorCode
2025-06-13 00:36:30,549 [ERROR] LogOutputStream:75 - [STDERR_REDIRECT] WARNING: Could not lock System prefs. Unix error code 2.
2025-06-13 00:36:30,549 [ERROR] LogOutputStream:75 - [STDERR_REDIRECT] 
2025-06-13 00:36:30,549 [ERROR] LogOutputStream:75 - [STDERR_REDIRECT] Jun 13, 2025 12:36:30 AM java.util.prefs.FileSystemPreferences syncWorld
2025-06-13 00:36:30,549 [ERROR] LogOutputStream:75 - [STDERR_REDIRECT] WARNING: Couldn't flush system prefs: java.util.prefs.BackingStoreException: Couldn't get file lock.
2025-06-13 00:36:30,549 [ERROR] LogOutputStream:75 - [STDERR_REDIRECT] 
2025-06-13 00:37:00,519 [ERROR] LogOutputStream:75 - [STDERR_REDIRECT] Jun 13, 2025 12:37:00 AM java.util.prefs.FileSystemPreferences checkLockFile0ErrorCode
2025-06-13 00:37:00,519 [ERROR] LogOutputStream:75 - [STDERR_REDIRECT] WARNING: Could not lock System prefs. Unix error code 2.
2025-06-13 00:37:00,520 [ERROR] LogOutputStream:75 - [STDERR_REDIRECT] 
2025-06-13 00:37:00,520 [ERROR] LogOutputStream:75 - [STDERR_REDIRECT] Jun 13, 2025 12:37:00 AM java.util.prefs.FileSystemPreferences syncWorld
2025-06-13 00:37:00,520 [ERROR] LogOutputStream:75 - [STDERR_REDIRECT] WARNING: Couldn't flush system prefs: java.util.prefs.BackingStoreException: Couldn't get file lock.
2025-06-13 00:37:00,520 [ERROR] LogOutputStream:75 - [STDERR_REDIRECT] 
2025-06-13 00:37:30,326 [ERROR] LogOutputStream:75 - [STDERR_REDIRECT] Jun 13, 2025 12:37:30 AM java.util.prefs.FileSystemPreferences checkLockFile0ErrorCode
2025-06-13 00:37:30,326 [ERROR] LogOutputStream:75 - [STDERR_REDIRECT] WARNING: Could not lock System prefs. Unix error code 2.
2025-06-13 00:37:30,326 [ERROR] LogOutputStream:75 - [STDERR_REDIRECT] 
2025-06-13 00:37:30,326 [ERROR] LogOutputStream:75 - [STDERR_REDIRECT] Jun 13, 2025 12:37:30 AM java.util.prefs.FileSystemPreferences syncWorld
2025-06-13 00:37:30,326 [ERROR] LogOutputStream:75 - [STDERR_REDIRECT] WARNING: Couldn't flush system prefs: java.util.prefs.BackingStoreException: Couldn't get file lock.
2025-06-13 00:37:30,326 [ERROR] LogOutputStream:75 - [STDERR_REDIRECT] 
2025-06-13 00:38:00,422 [ERROR] LogOutputStream:75 - [STDERR_REDIRECT] Jun 13, 2025 12:38:00 AM java.util.prefs.FileSystemPreferences checkLockFile0ErrorCode
2025-06-13 00:38:00,422 [ERROR] LogOutputStream:75 - [STDERR_REDIRECT] WARNING: Could not lock System prefs. Unix error code 2.
2025-06-13 00:38:00,422 [ERROR] LogOutputStream:75 - [STDERR_REDIRECT] 
2025-06-13 00:38:00,423 [ERROR] LogOutputStream:75 - [STDERR_REDIRECT] Jun 13, 2025 12:38:00 AM java.util.prefs.FileSystemPreferences syncWorld
2025-06-13 00:38:00,423 [ERROR] LogOutputStream:75 - [STDERR_REDIRECT] WARNING: Couldn't flush system prefs: java.util.prefs.BackingStoreException: Couldn't get file lock.
2025-06-13 00:38:00,423 [ERROR] LogOutputStream:75 - [STDERR_REDIRECT] 
2025-06-13 00:38:30,326 [ERROR] LogOutputStream:75 - [STDERR_REDIRECT] Jun 13, 2025 12:38:30 AM java.util.prefs.FileSystemPreferences checkLockFile0ErrorCode
2025-06-13 00:38:30,326 [ERROR] LogOutputStream:75 - [STDERR_REDIRECT] WARNING: Could not lock System prefs. Unix error code 2.
2025-06-13 00:38:30,327 [ERROR] LogOutputStream:75 - [STDERR_REDIRECT] 
2025-06-13 00:38:30,327 [ERROR] LogOutputStream:75 - [STDERR_REDIRECT] Jun 13, 2025 12:38:30 AM java.util.prefs.FileSystemPreferences syncWorld
2025-06-13 00:38:30,327 [ERROR] LogOutputStream:75 - [STDERR_REDIRECT] WARNING: Couldn't flush system prefs: java.util.prefs.BackingStoreException: Couldn't get file lock.
2025-06-13 00:38:30,327 [ERROR] LogOutputStream:75 - [STDERR_REDIRECT] 
2025-06-13 00:39:00,326 [ERROR] LogOutputStream:75 - [STDERR_REDIRECT] Jun 13, 2025 12:39:00 AM java.util.prefs.FileSystemPreferences checkLockFile0ErrorCode
2025-06-13 00:39:00,326 [ERROR] LogOutputStream:75 - [STDERR_REDIRECT] WARNING: Could not lock System prefs. Unix error code 2.
2025-06-13 00:39:00,327 [ERROR] LogOutputStream:75 - [STDERR_REDIRECT] 
2025-06-13 00:39:00,327 [ERROR] LogOutputStream:75 - [STDERR_REDIRECT] Jun 13, 2025 12:39:00 AM java.util.prefs.FileSystemPreferences syncWorld
2025-06-13 00:39:00,327 [ERROR] LogOutputStream:75 - [STDERR_REDIRECT] WARNING: Couldn't flush system prefs: java.util.prefs.BackingStoreException: Couldn't get file lock.
2025-06-13 00:39:00,327 [ERROR] LogOutputStream:75 - [STDERR_REDIRECT] 
2025-06-13 00:39:30,560 [ERROR] LogOutputStream:75 - [STDERR_REDIRECT] Jun 13, 2025 12:39:30 AM java.util.prefs.FileSystemPreferences checkLockFile0ErrorCode
2025-06-13 00:39:30,561 [ERROR] LogOutputStream:75 - [STDERR_REDIRECT] WARNING: Could not lock System prefs. Unix error code 2.
2025-06-13 00:39:30,561 [ERROR] LogOutputStream:75 - [STDERR_REDIRECT] 
2025-06-13 00:39:30,561 [ERROR] LogOutputStream:75 - [STDERR_REDIRECT] Jun 13, 2025 12:39:30 AM java.util.prefs.FileSystemPreferences syncWorld
2025-06-13 00:39:30,561 [ERROR] LogOutputStream:75 - [STDERR_REDIRECT] WARNING: Couldn't flush system prefs: java.util.prefs.BackingStoreException: Couldn't get file lock.
2025-06-13 00:39:30,561 [ERROR] LogOutputStream:75 - [STDERR_REDIRECT] 
2025-06-13 00:40:00,611 [ERROR] LogOutputStream:75 - [STDERR_REDIRECT] Jun 13, 2025 12:40:00 AM java.util.prefs.FileSystemPreferences checkLockFile0ErrorCode
2025-06-13 00:40:00,611 [ERROR] LogOutputStream:75 - [STDERR_REDIRECT] WARNING: Could not lock System prefs. Unix error code 2.
2025-06-13 00:40:00,611 [ERROR] LogOutputStream:75 - [STDERR_REDIRECT] 
2025-06-13 00:40:00,611 [ERROR] LogOutputStream:75 - [STDERR_REDIRECT] Jun 13, 2025 12:40:00 AM java.util.prefs.FileSystemPreferences syncWorld
2025-06-13 00:40:00,612 [ERROR] LogOutputStream:75 - [STDERR_REDIRECT] WARNING: Couldn't flush system prefs: java.util.prefs.BackingStoreException: Couldn't get file lock.
2025-06-13 00:40:00,612 [ERROR] LogOutputStream:75 - [STDERR_REDIRECT] 
2025-06-13 00:40:30,512 [ERROR] LogOutputStream:75 - [STDERR_REDIRECT] Jun 13, 2025 12:40:30 AM java.util.prefs.FileSystemPreferences checkLockFile0ErrorCode
2025-06-13 00:40:30,512 [ERROR] LogOutputStream:75 - [STDERR_REDIRECT] WARNING: Could not lock System prefs. Unix error code 2.
2025-06-13 00:40:30,512 [ERROR] LogOutputStream:75 - [STDERR_REDIRECT] 
2025-06-13 00:40:30,513 [ERROR] LogOutputStream:75 - [STDERR_REDIRECT] Jun 13, 2025 12:40:30 AM java.util.prefs.FileSystemPreferences syncWorld
2025-06-13 00:40:30,513 [ERROR] LogOutputStream:75 - [STDERR_REDIRECT] WARNING: Couldn't flush system prefs: java.util.prefs.BackingStoreException: Couldn't get file lock.
2025-06-13 00:40:30,513 [ERROR] LogOutputStream:75 - [STDERR_REDIRECT] 
2025-06-13 00:41:00,411 [ERROR] LogOutputStream:75 - [STDERR_REDIRECT] Jun 13, 2025 12:41:00 AM java.util.prefs.FileSystemPreferences checkLockFile0ErrorCode
2025-06-13 00:41:00,411 [ERROR] LogOutputStream:75 - [STDERR_REDIRECT] WARNING: Could not lock System prefs. Unix error code 2.
2025-06-13 00:41:00,411 [ERROR] LogOutputStream:75 - [STDERR_REDIRECT] 
2025-06-13 00:41:00,411 [ERROR] LogOutputStream:75 - [STDERR_REDIRECT] Jun 13, 2025 12:41:00 AM java.util.prefs.FileSystemPreferences syncWorld
2025-06-13 00:41:00,411 [ERROR] LogOutputStream:75 - [STDERR_REDIRECT] WARNING: Couldn't flush system prefs: java.util.prefs.BackingStoreException: Couldn't get file lock.
2025-06-13 00:41:00,411 [ERROR] LogOutputStream:75 - [STDERR_REDIRECT] 
2025-06-13 00:41:30,551 [ERROR] LogOutputStream:75 - [STDERR_REDIRECT] Jun 13, 2025 12:41:30 AM java.util.prefs.FileSystemPreferences checkLockFile0ErrorCode
2025-06-13 00:41:30,551 [ERROR] LogOutputStream:75 - [STDERR_REDIRECT] WARNING: Could not lock System prefs. Unix error code 2.
2025-06-13 00:41:30,551 [ERROR] LogOutputStream:75 - [STDERR_REDIRECT] 
2025-06-13 00:41:30,552 [ERROR] LogOutputStream:75 - [STDERR_REDIRECT] Jun 13, 2025 12:41:30 AM java.util.prefs.FileSystemPreferences syncWorld
2025-06-13 00:41:30,552 [ERROR] LogOutputStream:75 - [STDERR_REDIRECT] WARNING: Couldn't flush system prefs: java.util.prefs.BackingStoreException: Couldn't get file lock.
2025-06-13 00:41:30,552 [ERROR] LogOutputStream:75 - [STDERR_REDIRECT] 
